<?xml version="1.0" encoding="utf-8"?><testsuites name="pytest tests"><testsuite name="pytest" errors="0" failures="0" skipped="0" tests="7" time="7.357" timestamp="2026-02-12T16:49:56.592364+00:00" hostname="agent-env-41c489e1-2fca-4b53-8e92-6b5b33881c97"><testcase classname="tests.test_admin_orders.TestAdminLogin" name="test_admin_login_success" time="2.413" /><testcase classname="tests.test_admin_orders.TestAdminLogin" name="test_admin_login_wrong_pin" time="0.861" /><testcase classname="tests.test_admin_orders.TestOrderManagement" name="test_get_orders" time="1.410" /><testcase classname="tests.test_admin_orders.TestOrderManagement" name="test_restore_order" time="0.237" /><testcase classname="tests.test_admin_orders.TestOrderManagement" name="test_delete_order_force" time="0.539" /><testcase classname="tests.test_admin_orders.TestOrderManagement" name="test_purge_all_orders_without_confirmation" time="0.236" /><testcase classname="tests.test_admin_orders.TestOrderManagement" name="test_purge_all_orders_with_confirmation" time="0.892" /></testsuite></testsuites>