<?xml version="1.0" encoding="utf-8"?><testsuites name="pytest tests"><testsuite name="pytest" errors="0" failures="0" skipped="0" tests="25" time="4.749" timestamp="2026-03-14T09:07:51.665034+00:00" hostname="agent-env-c5fee182-fa13-4d1b-a887-64ec3ae6d793"><testcase classname="backend.tests.test_admin_2fa_b2b.TestAdminHealth" name="test_health_endpoint" time="0.201" /><testcase classname="backend.tests.test_admin_2fa_b2b.TestAdmin2FALogin" name="test_2fa_initiate_with_valid_credentials" time="0.594" /><testcase classname="backend.tests.test_admin_2fa_b2b.TestAdmin2FALogin" name="test_2fa_initiate_invalid_email" time="0.112" /><testcase classname="backend.tests.test_admin_2fa_b2b.TestAdmin2FALogin" name="test_2fa_initiate_invalid_pin" time="0.388" /><testcase classname="backend.tests.test_admin_2fa_b2b.TestAdmin2FALogin" name="test_2fa_initiate_missing_fields" time="0.111" /><testcase classname="backend.tests.test_admin_2fa_b2b.TestAdmin2FALogin" name="test_2fa_verify_invalid_token" time="0.114" /><testcase classname="backend.tests.test_admin_2fa_b2b.TestAdmin2FALogin" name="test_2fa_verify_wrong_otp" time="0.680" /><testcase classname="backend.tests.test_admin_2fa_b2b.TestAdmin2FALogin" name="test_legacy_login_endpoint_redirects" time="0.123" /><testcase classname="backend.tests.test_admin_2fa_b2b.TestAdminB2BOrdersUnauthenticated" name="test_b2b_orders_unauthenticated" time="0.122" /><testcase classname="backend.tests.test_admin_2fa_b2b.TestAdminB2BOrdersUnauthenticated" name="test_b2b_vouchers_unauthenticated" time="0.108" /><testcase classname="backend.tests.test_admin_2fa_b2b.TestAdminB2BOrdersUnauthenticated" name="test_b2b_credit_notes_unauthenticated" time="0.120" /><testcase classname="backend.tests.test_admin_2fa_b2b.TestAdminB2BOrdersUnauthenticated" name="test_b2b_leaderboard_unauthenticated" time="0.112" /><testcase classname="backend.tests.test_admin_2fa_b2b.TestAdminB2BWithAuth" name="test_b2b_orders_endpoint_exists" time="0.111" /><testcase classname="backend.tests.test_admin_2fa_b2b.TestAdminB2BWithAuth" name="test_b2b_orders_by_status_endpoint" time="0.110" /><testcase classname="backend.tests.test_admin_2fa_b2b.TestAdminB2BWithAuth" name="test_b2b_vouchers_list_endpoint" time="0.110" /><testcase classname="backend.tests.test_admin_2fa_b2b.TestAdminB2BWithAuth" name="test_b2b_vouchers_create_endpoint" time="0.115" /><testcase classname="backend.tests.test_admin_2fa_b2b.TestAdminB2BWithAuth" name="test_b2b_voucher_deactivate_endpoint" time="0.115" /><testcase classname="backend.tests.test_admin_2fa_b2b.TestAdminB2BWithAuth" name="test_b2b_credit_notes_list_endpoint" time="0.114" /><testcase classname="backend.tests.test_admin_2fa_b2b.TestAdminB2BWithAuth" name="test_b2b_credit_notes_create_endpoint" time="0.119" /><testcase classname="backend.tests.test_admin_2fa_b2b.TestAdminB2BWithAuth" name="test_b2b_credit_notes_reasons_endpoint" time="0.120" /><testcase classname="backend.tests.test_admin_2fa_b2b.TestAdminB2BWithAuth" name="test_b2b_self_pickup_leaderboard_endpoint" time="0.116" /><testcase classname="backend.tests.test_admin_2fa_b2b.TestAdminB2BWithAuth" name="test_b2b_self_pickup_period_filter" time="0.474" /><testcase classname="backend.tests.test_admin_2fa_b2b.TestAdminB2BWithAuth" name="test_b2b_self_pickup_report_endpoint" time="0.116" /><testcase classname="backend.tests.test_admin_2fa_b2b.TestAdminB2BWithAuth" name="test_b2b_abandoned_carts_endpoint" time="0.110" /><testcase classname="backend.tests.test_admin_2fa_b2b.TestRetailersAdminEndpoint" name="test_retailers_admin_list_endpoint" time="0.108" /></testsuite></testsuites>