<?xml version="1.0" encoding="utf-8"?><testsuites name="pytest tests"><testsuite name="pytest" errors="0" failures="0" skipped="0" tests="24" time="8.355" timestamp="2026-03-12T09:44:00.185615+00:00" hostname="agent-env-daee2a8b-ec30-4d05-ad73-cfd960f4cb7d"><testcase classname="backend.tests.test_admin_authenticated.TestAdminAuthenticatedEndpoints" name="test_admin_stats_requires_auth" time="0.327" /><testcase classname="backend.tests.test_admin_authenticated.TestAdminAuthenticatedEndpoints" name="test_admin_orders_requires_auth" time="0.184" /><testcase classname="backend.tests.test_admin_authenticated.TestAdminAuthenticatedEndpoints" name="test_admin_discount_codes_requires_auth" time="0.138" /><testcase classname="backend.tests.test_admin_authenticated.TestAdminAuthenticatedEndpoints" name="test_admin_revenue_trends_requires_auth" time="0.221" /><testcase classname="backend.tests.test_admin_authenticated.TestAdminAuthenticatedEndpoints" name="test_admin_order_stats_requires_auth" time="0.282" /><testcase classname="backend.tests.test_admin_authenticated.TestAdminAuthenticatedEndpoints" name="test_admin_shiprocket_status_requires_auth" time="0.209" /><testcase classname="backend.tests.test_admin_authenticated.TestAdminAuthenticatedEndpoints" name="test_admin_retailers_performance_requires_auth" time="0.215" /><testcase classname="backend.tests.test_admin_authenticated.TestAdminAuthenticatedEndpoints" name="test_admin_database_stats_requires_auth" time="0.380" /><testcase classname="backend.tests.test_admin_authenticated.TestAdminAuthenticatedEndpoints" name="test_admin_stats_with_invalid_token" time="0.167" /><testcase classname="backend.tests.test_admin_authenticated.TestAdminAuthenticatedEndpoints" name="test_admin_orders_with_invalid_token" time="0.204" /><testcase classname="backend.tests.test_admin_authenticated.TestAdminEndpointStructure" name="test_admin_router_prefix" time="0.199" /><testcase classname="backend.tests.test_admin_authenticated.TestAdminEndpointStructure" name="test_admin_auth_routes_exist" time="0.196" /><testcase classname="backend.tests.test_admin_authenticated.TestAdminEndpointStructure" name="test_admin_orders_routes_exist" time="0.130" /><testcase classname="backend.tests.test_admin_authenticated.TestAdminEndpointStructure" name="test_admin_discounts_routes_exist" time="0.190" /><testcase classname="backend.tests.test_admin_authenticated.TestAdminEndpointStructure" name="test_admin_analytics_routes_exist" time="0.191" /><testcase classname="backend.tests.test_admin_authenticated.TestAdminEndpointStructure" name="test_admin_shiprocket_routes_exist" time="0.145" /><testcase classname="backend.tests.test_admin_authenticated.TestAdminEndpointStructure" name="test_admin_retailers_routes_exist" time="0.180" /><testcase classname="backend.tests.test_admin_authenticated.TestAdminEndpointStructure" name="test_admin_maintenance_routes_exist" time="0.173" /><testcase classname="backend.tests.test_admin_authenticated.TestAdminCheckEndpoint" name="test_admin_check_returns_false_without_auth" time="0.145" /><testcase classname="backend.tests.test_admin_authenticated.TestAdminCheckEndpoint" name="test_admin_check_with_invalid_token" time="0.226" /><testcase classname="backend.tests.test_admin_authenticated.TestAdmin2FAFlow" name="test_2fa_initiate_valid_credentials" time="1.128" /><testcase classname="backend.tests.test_admin_authenticated.TestAdmin2FAFlow" name="test_2fa_initiate_case_insensitive_email" time="1.149" /><testcase classname="backend.tests.test_admin_authenticated.TestAdmin2FAFlow" name="test_2fa_verify_wrong_otp" time="1.399" /><testcase classname="backend.tests.test_admin_authenticated.TestAdmin2FAFlow" name="test_2fa_verify_expired_token" time="0.238" /></testsuite></testsuites>