<?xml version="1.0" encoding="utf-8"?><testsuites name="pytest tests"><testsuite name="pytest" errors="0" failures="0" skipped="0" tests="9" time="8.107" timestamp="2026-02-12T09:28:23.474793+00:00" hostname="agent-env-9382a682-3a47-421c-81df-561af6eba9d1"><testcase classname="backend.tests.test_admin_orders.TestAdminAuthentication" name="test_admin_login_success" time="0.537" /><testcase classname="backend.tests.test_admin_orders.TestAdminAuthentication" name="test_admin_login_invalid_pin" time="0.484" /><testcase classname="backend.tests.test_admin_orders.TestAdminOrders" name="test_get_orders_list" time="1.085" /><testcase classname="backend.tests.test_admin_orders.TestAdminOrders" name="test_rto_status_option_exists" time="0.526" /><testcase classname="backend.tests.test_admin_orders.TestAdminOrders" name="test_shipped_status_with_shipping_details" time="0.746" /><testcase classname="backend.tests.test_admin_orders.TestAdminOrders" name="test_rto_voucher_generation" time="1.140" /><testcase classname="backend.tests.test_admin_orders.TestUserOrderHistory" name="test_user_orders_endpoint_exists" time="0.125" /><testcase classname="backend.tests.test_admin_orders.TestRegistrationLandmark" name="test_registration_accepts_landmark" time="0.351" /><testcase classname="backend.tests.test_admin_orders.TestValidStatuses" name="test_all_valid_statuses" time="2.606" /></testsuite></testsuites>