<?xml version="1.0" encoding="utf-8"?><testsuites name="pytest tests"><testsuite name="pytest" errors="0" failures="0" skipped="0" tests="24" time="8.905" timestamp="2026-03-12T09:42:46.246030+00:00" hostname="agent-env-daee2a8b-ec30-4d05-ad73-cfd960f4cb7d"><testcase classname="backend.tests.test_admin_refactored_routes.TestAdminAuth" name="test_01_admin_login_initiate" time="1.718" /><testcase classname="backend.tests.test_admin_refactored_routes.TestAdminAuth" name="test_02_admin_login_initiate_wrong_pin" time="0.903" /><testcase classname="backend.tests.test_admin_refactored_routes.TestAdminAuth" name="test_03_admin_login_initiate_non_admin_email" time="0.159" /><testcase classname="backend.tests.test_admin_refactored_routes.TestAdminAuth" name="test_04_admin_login_initiate_missing_fields" time="0.253" /><testcase classname="backend.tests.test_admin_refactored_routes.TestAdminAuth" name="test_05_admin_verify_otp_invalid_token" time="0.148" /><testcase classname="backend.tests.test_admin_refactored_routes.TestAdminAuth" name="test_06_admin_verify_otp_missing_fields" time="0.349" /><testcase classname="backend.tests.test_admin_refactored_routes.TestAdminAuth" name="test_07_admin_legacy_login_redirects" time="0.267" /><testcase classname="backend.tests.test_admin_refactored_routes.TestAdminAuth" name="test_08_admin_check_without_auth" time="0.255" /><testcase classname="backend.tests.test_admin_refactored_routes.TestAdminStats" name="test_admin_stats_without_auth" time="0.289" /><testcase classname="backend.tests.test_admin_refactored_routes.TestAdminOrders" name="test_admin_orders_without_auth" time="0.282" /><testcase classname="backend.tests.test_admin_refactored_routes.TestAdminOrders" name="test_admin_orders_with_status_filter" time="0.257" /><testcase classname="backend.tests.test_admin_refactored_routes.TestAdminDiscounts" name="test_discount_codes_without_auth" time="0.243" /><testcase classname="backend.tests.test_admin_refactored_routes.TestAdminDiscounts" name="test_discount_code_usage_without_auth" time="0.261" /><testcase classname="backend.tests.test_admin_refactored_routes.TestAdminDiscounts" name="test_discount_code_performance_without_auth" time="0.235" /><testcase classname="backend.tests.test_admin_refactored_routes.TestAdminAnalytics" name="test_revenue_trends_without_auth" time="0.297" /><testcase classname="backend.tests.test_admin_refactored_routes.TestAdminAnalytics" name="test_order_stats_without_auth" time="0.208" /><testcase classname="backend.tests.test_admin_refactored_routes.TestAdminShipRocket" name="test_shiprocket_status_without_auth" time="0.387" /><testcase classname="backend.tests.test_admin_refactored_routes.TestAdminShipRocket" name="test_shipping_config_without_auth" time="0.262" /><testcase classname="backend.tests.test_admin_refactored_routes.TestAdminRetailers" name="test_retailers_performance_without_auth" time="0.253" /><testcase classname="backend.tests.test_admin_refactored_routes.TestAdminRetailers" name="test_retailers_leaderboard_without_auth" time="0.272" /><testcase classname="backend.tests.test_admin_refactored_routes.TestAdminRetailers" name="test_retailers_grievances_without_auth" time="0.205" /><testcase classname="backend.tests.test_admin_refactored_routes.TestAdminMaintenance" name="test_database_stats_without_auth" time="0.355" /><testcase classname="backend.tests.test_admin_refactored_routes.TestAdminMaintenance" name="test_activity_summary_without_auth" time="0.255" /><testcase classname="backend.tests.test_admin_refactored_routes.TestHealthAndPublic" name="test_health_endpoint" time="0.307" /></testsuite></testsuites>