<?xml version="1.0" encoding="utf-8"?><testsuites name="pytest tests"><testsuite name="pytest" errors="0" failures="0" skipped="4" tests="5" time="3.034" timestamp="2026-03-28T15:29:44.394309+00:00" hostname="agent-env-08356e20-073a-4143-b0fb-2e5c6e4c894a"><testcase classname="backend.tests.test_admin_registration_logs.TestAdminEndpoints" name="test_registration_logs_endpoint" time="2.236"><skipped type="pytest.skip" message="Admin login failed: {&quot;detail&quot;:&quot;Please use the new 2FA login flow: /admin/login/initiate followed by /admin/login/verify-otp&quot;}">/app/backend/tests/test_admin_registration_logs.py:45: Admin login failed: {"detail":"Please use the new 2FA login flow: /admin/login/initiate followed by /admin/login/verify-otp"}</skipped></testcase><testcase classname="backend.tests.test_admin_registration_logs.TestAdminEndpoints" name="test_registration_logs_unread_only" time="0.125"><skipped type="pytest.skip" message="Admin login failed: {&quot;detail&quot;:&quot;Please use the new 2FA login flow: /admin/login/initiate followed by /admin/login/verify-otp&quot;}">/app/backend/tests/test_admin_registration_logs.py:71: Admin login failed: {"detail":"Please use the new 2FA login flow: /admin/login/initiate followed by /admin/login/verify-otp"}</skipped></testcase><testcase classname="backend.tests.test_admin_registration_logs.TestAdminEndpoints" name="test_notifications_count_endpoint" time="0.131"><skipped type="pytest.skip" message="Admin login failed: {&quot;detail&quot;:&quot;Please use the new 2FA login flow: /admin/login/initiate followed by /admin/login/verify-otp&quot;}">/app/backend/tests/test_admin_registration_logs.py:84: Admin login failed: {"detail":"Please use the new 2FA login flow: /admin/login/initiate followed by /admin/login/verify-otp"}</skipped></testcase><testcase classname="backend.tests.test_admin_registration_logs.TestAdminEndpoints" name="test_mark_read_endpoint" time="0.141"><skipped type="pytest.skip" message="Admin login failed: {&quot;detail&quot;:&quot;Please use the new 2FA login flow: /admin/login/initiate followed by /admin/login/verify-otp&quot;}">/app/backend/tests/test_admin_registration_logs.py:103: Admin login failed: {"detail":"Please use the new 2FA login flow: /admin/login/initiate followed by /admin/login/verify-otp"}</skipped></testcase><testcase classname="backend.tests.test_admin_registration_logs.TestAdminEndpoints" name="test_endpoints_require_auth" time="0.271" /></testsuite></testsuites>