<?xml version="1.0" encoding="utf-8"?><testsuites name="pytest tests"><testsuite name="pytest" errors="0" failures="0" skipped="0" tests="12" time="3.608" timestamp="2026-02-13T18:06:49.152369+00:00" hostname="agent-env-6d382c89-7b1d-400e-b9e8-7619dfaef3d6"><testcase classname="tests.test_analytics.TestRevenueTrendsAPI" name="test_revenue_trends_requires_auth" time="0.406" /><testcase classname="tests.test_analytics.TestRevenueTrendsAPI" name="test_revenue_trends_daily" time="0.733" /><testcase classname="tests.test_analytics.TestRevenueTrendsAPI" name="test_revenue_trends_weekly" time="0.109" /><testcase classname="tests.test_analytics.TestRevenueTrendsAPI" name="test_revenue_trends_monthly" time="0.145" /><testcase classname="tests.test_analytics.TestRevenueTrendsAPI" name="test_revenue_trends_data_format" time="0.091" /><testcase classname="tests.test_analytics.TestRevenueTrendsAPI" name="test_revenue_trends_different_days" time="0.779" /><testcase classname="tests.test_analytics.TestOrderStatsAPI" name="test_order_stats_requires_auth" time="0.191" /><testcase classname="tests.test_analytics.TestOrderStatsAPI" name="test_order_stats_default" time="0.153" /><testcase classname="tests.test_analytics.TestOrderStatsAPI" name="test_order_stats_with_days" time="0.289" /><testcase classname="tests.test_analytics.TestOrderStatsAPI" name="test_order_stats_status_distribution_format" time="0.104" /><testcase classname="tests.test_analytics.TestOrderStatsAPI" name="test_order_stats_payment_distribution_format" time="0.132" /><testcase classname="tests.test_analytics.TestAnalyticsIntegration" name="test_analytics_tab_data_flow" time="0.220" /></testsuite></testsuites>