<?xml version="1.0" encoding="utf-8"?><testsuites name="pytest tests"><testsuite name="pytest" errors="0" failures="0" skipped="0" tests="28" time="7.104" timestamp="2026-01-16T12:25:20.756374+00:00" hostname="agent-env-350fe118-6cd2-48f5-9612-3b51b679e72f"><testcase classname="tests.test_auth_api.TestUserRegistration" name="test_register_new_user" time="0.450" /><testcase classname="tests.test_auth_api.TestUserRegistration" name="test_register_duplicate_email_fails" time="0.408" /><testcase classname="tests.test_auth_api.TestUserRegistration" name="test_register_without_name_fails" time="0.059" /><testcase classname="tests.test_auth_api.TestUserRegistration" name="test_register_with_optional_phone" time="0.350" /><testcase classname="tests.test_auth_api.TestUserLogin" name="test_login_valid_credentials" time="0.695" /><testcase classname="tests.test_auth_api.TestUserLogin" name="test_login_invalid_password" time="0.349" /><testcase classname="tests.test_auth_api.TestUserLogin" name="test_login_nonexistent_user" time="0.052" /><testcase classname="tests.test_auth_api.TestAuthMe" name="test_get_me_with_valid_session" time="0.400" /><testcase classname="tests.test_auth_api.TestAuthMe" name="test_get_me_without_session_fails" time="0.044" /><testcase classname="tests.test_auth_api.TestLogout" name="test_logout_with_session" time="0.440" /><testcase classname="tests.test_auth_api.TestLogout" name="test_logout_without_session" time="0.050" /><testcase classname="tests.test_auth_api.TestAdminLogin" name="test_admin_login_valid_credentials" time="0.337" /><testcase classname="tests.test_auth_api.TestAdminLogin" name="test_admin_login_wrong_pin" time="0.329" /><testcase classname="tests.test_auth_api.TestAdminLogin" name="test_admin_login_non_admin_email" time="0.049" /><testcase classname="tests.test_auth_api.TestAdminStats" name="test_get_admin_stats" time="0.429" /><testcase classname="tests.test_auth_api.TestAdminStats" name="test_get_admin_stats_without_auth_fails" time="0.046" /><testcase classname="tests.test_auth_api.TestAdminOrders" name="test_get_admin_orders" time="0.379" /><testcase classname="tests.test_auth_api.TestAdminOrders" name="test_get_admin_orders_with_status_filter" time="0.054" /><testcase classname="tests.test_auth_api.TestAdminOrders" name="test_get_admin_orders_without_auth_fails" time="0.049" /><testcase classname="tests.test_auth_api.TestAdminDiscountCodes" name="test_get_discount_codes" time="0.410" /><testcase classname="tests.test_auth_api.TestAdminDiscountCodes" name="test_create_discount_code" time="0.059" /><testcase classname="tests.test_auth_api.TestAdminDiscountCodes" name="test_delete_discount_code" time="0.104" /><testcase classname="tests.test_auth_api.TestAdminDiscountCodes" name="test_get_discount_codes_without_auth_fails" time="0.042" /><testcase classname="tests.test_auth_api.TestAdminCheck" name="test_admin_check_with_admin_session" time="0.376" /><testcase classname="tests.test_auth_api.TestAdminCheck" name="test_admin_check_with_regular_user" time="0.391" /><testcase classname="tests.test_auth_api.TestAdminCheck" name="test_admin_check_without_session" time="0.045" /><testcase classname="tests.test_auth_api.TestUserOrders" name="test_get_user_orders_authenticated" time="0.385" /><testcase classname="tests.test_auth_api.TestUserOrders" name="test_get_user_orders_unauthenticated_fails" time="0.046" /></testsuite></testsuites>