<?xml version="1.0" encoding="utf-8"?><testsuites name="pytest tests"><testsuite name="pytest" errors="0" failures="0" skipped="0" tests="14" time="7.073" timestamp="2026-01-17T00:11:48.699739+00:00" hostname="agent-env-f67924e0-4098-4dd0-8c62-af8edfe99b30"><testcase classname="tests.test_auth_otp.TestHealthCheck" name="test_health_endpoint" time="0.114" /><testcase classname="tests.test_auth_otp.TestSendOTP" name="test_send_otp_valid_email" time="4.728" /><testcase classname="tests.test_auth_otp.TestSendOTP" name="test_send_otp_invalid_email_format" time="0.057" /><testcase classname="tests.test_auth_otp.TestSendOTP" name="test_send_otp_email_with_special_chars" time="0.051" /><testcase classname="tests.test_auth_otp.TestSendOTP" name="test_send_otp_existing_user" time="0.048" /><testcase classname="tests.test_auth_otp.TestVerifyOTP" name="test_verify_otp_invalid_otp" time="0.094" /><testcase classname="tests.test_auth_otp.TestVerifyOTP" name="test_verify_otp_no_otp_sent" time="0.055" /><testcase classname="tests.test_auth_otp.TestOTPFlow" name="test_complete_otp_flow" time="0.657" /><testcase classname="tests.test_auth_otp.TestRegisterWithOTP" name="test_register_without_otp_verification" time="0.045" /><testcase classname="tests.test_auth_otp.TestRegisterWithOTP" name="test_register_invalid_name" time="0.044" /><testcase classname="tests.test_auth_otp.TestRegisterWithOTP" name="test_register_invalid_phone" time="0.045" /><testcase classname="tests.test_auth_otp.TestLogin" name="test_login_existing_user" time="0.352" /><testcase classname="tests.test_auth_otp.TestLogin" name="test_login_invalid_password" time="0.555" /><testcase classname="tests.test_auth_otp.TestLogin" name="test_login_nonexistent_user" time="0.043" /></testsuite></testsuites>