<?xml version="1.0" encoding="utf-8"?><testsuites name="pytest tests"><testsuite name="pytest" errors="0" failures="0" skipped="0" tests="55" time="39.369" timestamp="2026-04-24T23:58:41.344403+00:00" hostname="agent-env-a9ca4939-01d0-42b9-8a2f-1b1c79c4330d"><testcase classname="tests.test_b2b_expansion" name="test_portal_status_public" time="0.409" /><testcase classname="tests.test_b2b_expansion" name="test_waitlist_signup_validation" time="0.451" /><testcase classname="tests.test_b2b_expansion" name="test_waitlist_signup_valid" time="1.631" /><testcase classname="tests.test_b2b_expansion" name="test_admin_endpoints_require_auth" time="0.857" /><testcase classname="tests.test_b2b_expansion" name="test_retailer_endpoints_require_auth_or_disabled_portal" time="0.558" /><testcase classname="tests.test_b2b_expansion" name="test_catalog_refactor_importable" time="0.002" /><testcase classname="tests.test_b2b_expansion" name="test_loyalty_utilities" time="0.003" /><testcase classname="tests.test_b2b_iteration_61.TestWaitlist" name="test_missing_body_422" time="2.213" /><testcase classname="tests.test_b2b_iteration_61.TestWaitlist" name="test_valid_upsert_persists" time="2.768" /><testcase classname="tests.test_b2b_iteration_61.TestWaitlist" name="test_invalid_gst_returns_400" time="0.312" /><testcase classname="tests.test_b2b_iteration_61.TestWaitlist" name="test_admin_list_and_status_update" time="0.418" /><testcase classname="tests.test_b2b_iteration_61.TestLoyaltyMilestones" name="test_defaults_present" time="0.067" /><testcase classname="tests.test_b2b_iteration_61.TestLoyaltyMilestones" name="test_create_update_delete_and_bad_percent" time="0.553" /><testcase classname="tests.test_b2b_iteration_61.TestLoyaltyCalculate" name="test_dashboard_shape_zero_purchases" time="1.125" /><testcase classname="tests.test_b2b_iteration_61.TestLoyaltyCalculate" name="test_loyalty_applies_before_cash_discount" time="0.278" /><testcase classname="tests.test_b2b_iteration_61.TestBills" name="test_upload_list_download_with_size_and_type_rules" time="1.284" /><testcase classname="tests.test_b2b_iteration_61.TestMessages" name="test_retailer_send_admin_list_thread" time="0.685" /><testcase classname="tests.test_b2b_iteration_61.TestMessages" name="test_invalid_attachment_type_rejected" time="0.214" /><testcase classname="tests.test_b2b_iteration_61.TestMessages" name="test_retailer_attachment_download_full_base64" time="0.324" /><testcase classname="tests.test_b2b_iteration_61.TestMessages" name="test_legacy_retailer_to_retailer_messages_not_shadowed" time="0.173" /><testcase classname="tests.test_b2b_iteration_63.TestWaitlistGstRequired" name="test_missing_gst_returns_422" time="2.206" /><testcase classname="tests.test_b2b_iteration_63.TestWaitlistGstRequired" name="test_invalid_gst_returns_400" time="0.318" /><testcase classname="tests.test_b2b_iteration_63.TestWaitlistGstRequired" name="test_valid_gst_persists_country_code_and_titlecase" time="1.302" /><testcase classname="tests.test_b2b_iteration_63.TestWaitlistGstRequired" name="test_explicit_country_code" time="1.048" /><testcase classname="tests.test_b2b_iteration_63.TestCalculateGstAfterDiscount" name="test_gst_computed_on_taxable_value" time="1.032" /><testcase classname="tests.test_b2b_iteration_63.TestTopRetailers" name="test_unauth_returns_401" time="0.337" /><testcase classname="tests.test_b2b_iteration_63.TestTopRetailers" name="test_quarter_shape" time="0.072" /><testcase classname="tests.test_b2b_iteration_63.TestTopRetailers" name="test_fy_label_format" time="0.061" /><testcase classname="tests.test_b2b_iteration_63.TestAdminSalesReport" name="test_fy_retailer_group_shape" time="0.114" /><testcase classname="tests.test_b2b_iteration_63.TestAdminSalesReport" name="test_custom_range_month_grouping" time="0.072" /><testcase classname="tests.test_b2b_iteration_63.TestAdminSalesReport" name="test_custom_without_dates_returns_400" time="0.204" /><testcase classname="tests.test_b2b_iteration_63.TestAdminSalesReport" name="test_quarter_group_key_format" time="0.218" /><testcase classname="tests.test_b2b_iteration_63.TestAdminSalesReport" name="test_invalid_group_by_returns_400" time="0.064" /><testcase classname="tests.test_b2b_iteration_63.TestEmailRefactor" name="test_import_works_from_services" time="1.193" /><testcase classname="tests.test_b2b_iteration_63.TestEmailRefactor" name="test_b2b_orders_imports_from_services" time="0.018" /><testcase classname="tests.test_b2b_portal_killswitch.TestDisabledState" name="test_portal_status_default_disabled" time="1.845" /><testcase classname="tests.test_b2b_portal_killswitch.TestDisabledState" name="test_retailer_login_returns_403_when_disabled" time="0.454" /><testcase classname="tests.test_b2b_portal_killswitch.TestDisabledState" name="test_catalog_returns_403_when_disabled_no_auth" time="0.718" /><testcase classname="tests.test_b2b_portal_killswitch.TestDisabledState" name="test_calculate_returns_403_when_disabled" time="0.487" /><testcase classname="tests.test_b2b_portal_killswitch.TestDisabledState" name="test_order_returns_403_when_disabled" time="0.484" /><testcase classname="tests.test_b2b_portal_killswitch.TestAdminSettings" name="test_admin_settings_requires_auth" time="0.196" /><testcase classname="tests.test_b2b_portal_killswitch.TestAdminSettings" name="test_admin_get_settings" time="0.074" /><testcase classname="tests.test_b2b_portal_killswitch.TestAdminSettings" name="test_invalid_cash_discount_rejected_high" time="0.066" /><testcase classname="tests.test_b2b_portal_killswitch.TestAdminSettings" name="test_invalid_cash_discount_rejected_negative" time="0.134" /><testcase classname="tests.test_b2b_portal_killswitch.TestAdminSettings" name="test_invalid_tier_discount_percent_rejected" time="0.063" /><testcase classname="tests.test_b2b_portal_killswitch.TestAdminSettings" name="test_nonexistent_product_pricing_tier_returns_404" time="0.066" /><testcase classname="tests.test_b2b_portal_killswitch.TestEnabledPortalFlow" name="test_enable_portal_and_set_cash_discount" time="0.467" /><testcase classname="tests.test_b2b_portal_killswitch.TestEnabledPortalFlow" name="test_set_pricing_tiers" time="0.171" /><testcase classname="tests.test_b2b_portal_killswitch.TestEnabledPortalFlow" name="test_retailer_login_after_enable" time="1.093" /><testcase classname="tests.test_b2b_portal_killswitch.TestEnabledPortalFlow" name="test_invalid_creds_return_401_not_403" time="0.398" /><testcase classname="tests.test_b2b_portal_killswitch.TestEnabledPortalFlow" name="test_catalog_reflects_cash_discount_and_tiers" time="1.076" /><testcase classname="tests.test_b2b_portal_killswitch.TestEnabledPortalFlow" name="test_calculate_applies_tier_discount_at_qty10" time="1.216" /><testcase classname="tests.test_b2b_portal_killswitch.TestEnabledPortalFlow" name="test_calculate_applies_cash_discount" time="1.016" /><testcase classname="tests.test_b2b_portal_killswitch.TestEnabledPortalFlow" name="test_place_order_triggers_admin_email_and_online_payment" time="3.212" /><testcase classname="tests.test_b2b_portal_killswitch.TestEnabledPortalFlow" name="test_disable_portal_restores_403" time="1.833" /></testsuite></testsuites>