<?xml version="1.0" encoding="utf-8"?><testsuites name="pytest tests"><testsuite name="pytest" errors="0" failures="0" skipped="0" tests="15" time="6.401" timestamp="2026-04-24T22:06:24.708988+00:00" hostname="agent-env-a9ca4939-01d0-42b9-8a2f-1b1c79c4330d"><testcase classname="tests.test_b2b_iteration_63.TestWaitlistGstRequired" name="test_missing_gst_returns_422" time="1.201" /><testcase classname="tests.test_b2b_iteration_63.TestWaitlistGstRequired" name="test_invalid_gst_returns_400" time="0.124" /><testcase classname="tests.test_b2b_iteration_63.TestWaitlistGstRequired" name="test_valid_gst_persists_country_code_and_titlecase" time="2.123" /><testcase classname="tests.test_b2b_iteration_63.TestWaitlistGstRequired" name="test_explicit_country_code" time="0.995" /><testcase classname="tests.test_b2b_iteration_63.TestCalculateGstAfterDiscount" name="test_gst_computed_on_taxable_value" time="0.524" /><testcase classname="tests.test_b2b_iteration_63.TestTopRetailers" name="test_unauth_returns_401" time="0.134" /><testcase classname="tests.test_b2b_iteration_63.TestTopRetailers" name="test_quarter_shape" time="0.066" /><testcase classname="tests.test_b2b_iteration_63.TestTopRetailers" name="test_fy_label_format" time="0.056" /><testcase classname="tests.test_b2b_iteration_63.TestAdminSalesReport" name="test_fy_retailer_group_shape" time="0.057" /><testcase classname="tests.test_b2b_iteration_63.TestAdminSalesReport" name="test_custom_range_month_grouping" time="0.063" /><testcase classname="tests.test_b2b_iteration_63.TestAdminSalesReport" name="test_custom_without_dates_returns_400" time="0.055" /><testcase classname="tests.test_b2b_iteration_63.TestAdminSalesReport" name="test_quarter_group_key_format" time="0.057" /><testcase classname="tests.test_b2b_iteration_63.TestAdminSalesReport" name="test_invalid_group_by_returns_400" time="0.059" /><testcase classname="tests.test_b2b_iteration_63.TestEmailRefactor" name="test_import_works_from_services" time="0.345" /><testcase classname="tests.test_b2b_iteration_63.TestEmailRefactor" name="test_b2b_orders_imports_from_services" time="0.126" /></testsuite></testsuites>