<?xml version="1.0" encoding="utf-8"?><testsuites name="pytest tests"><testsuite name="pytest" errors="0" failures="2" skipped="0" tests="11" time="4.996" timestamp="2026-04-24T21:17:32.550451+00:00" hostname="agent-env-a9ca4939-01d0-42b9-8a2f-1b1c79c4330d"><testcase classname="tests.test_b2b_iteration_61.TestWaitlist" name="test_missing_body_422" time="1.589" /><testcase classname="tests.test_b2b_iteration_61.TestWaitlist" name="test_valid_upsert_persists" time="0.309" /><testcase classname="tests.test_b2b_iteration_61.TestWaitlist" name="test_invalid_gst_returns_400" time="0.155" /><testcase classname="tests.test_b2b_iteration_61.TestWaitlist" name="test_admin_list_and_status_update" time="0.253" /><testcase classname="tests.test_b2b_iteration_61.TestLoyaltyMilestones" name="test_defaults_present" time="0.063" /><testcase classname="tests.test_b2b_iteration_61.TestLoyaltyMilestones" name="test_create_update_delete_and_bad_percent" time="0.371" /><testcase classname="tests.test_b2b_iteration_61.TestLoyaltyCalculate" name="test_dashboard_shape_zero_purchases" time="0.545" /><testcase classname="tests.test_b2b_iteration_61.TestLoyaltyCalculate" name="test_loyalty_applies_before_cash_discount" time="0.142" /><testcase classname="tests.test_b2b_iteration_61.TestBills" name="test_upload_list_download_with_size_and_type_rules" time="0.872" /><testcase classname="tests.test_b2b_iteration_61.TestMessages" name="test_retailer_send_admin_list_thread" time="0.064"><failure message="AssertionError: {&quot;detail&quot;:[{&quot;type&quot;:&quot;missing&quot;,&quot;loc&quot;:[&quot;body&quot;,&quot;to_retailer_id&quot;],&quot;msg&quot;:&quot;Field required&quot;,&quot;input&quot;:{&quot;message&quot;:&quot;TEST_IT61 hello from retailer&quot;},&quot;url&quot;:&quot;https://errors.pydantic.dev/2.12/v/missing&quot;},{&quot;type&quot;:&quot;missing&quot;,&quot;loc&quot;:[&quot;body&quot;,&quot;subject&quot;],&quot;msg&quot;:&quot;Field required&quot;,&quot;input&quot;:{&quot;message&quot;:&quot;TEST_IT61 hello from retailer&quot;},&quot;url&quot;:&quot;https://errors.pydantic.dev/2.12/v/missing&quot;}]}&#10;assert 422 == 200&#10; +  where 422 = &lt;Response [422]&gt;.status_code">tests/test_b2b_iteration_61.py:333: in test_retailer_send_admin_list_thread
    assert r.status_code == 200, r.text
E   AssertionError: {"detail":[{"type":"missing","loc":["body","to_retailer_id"],"msg":"Field required","input":{"message":"TEST_IT61 hello from retailer"},"url":"https://errors.pydantic.dev/2.12/v/missing"},{"type":"missing","loc":["body","subject"],"msg":"Field required","input":{"message":"TEST_IT61 hello from retailer"},"url":"https://errors.pydantic.dev/2.12/v/missing"}]}
E   assert 422 == 200
E    +  where 422 = &lt;Response [422]&gt;.status_code</failure></testcase><testcase classname="tests.test_b2b_iteration_61.TestMessages" name="test_invalid_attachment_type_rejected" time="0.123"><failure message="assert 422 == 400&#10; +  where 422 = &lt;Response [422]&gt;.status_code">tests/test_b2b_iteration_61.py:382: in test_invalid_attachment_type_rejected
    assert r.status_code == 400
E   assert 422 == 400
E    +  where 422 = &lt;Response [422]&gt;.status_code</failure></testcase></testsuite></testsuites>