<?xml version="1.0" encoding="utf-8"?><testsuites name="pytest tests"><testsuite name="pytest" errors="0" failures="0" skipped="0" tests="40" time="13.157" timestamp="2026-04-24T21:28:11.498564+00:00" hostname="agent-env-a9ca4939-01d0-42b9-8a2f-1b1c79c4330d"><testcase classname="tests.test_b2b_iteration_61.TestWaitlist" name="test_missing_body_422" time="1.015" /><testcase classname="tests.test_b2b_iteration_61.TestWaitlist" name="test_valid_upsert_persists" time="0.314" /><testcase classname="tests.test_b2b_iteration_61.TestWaitlist" name="test_invalid_gst_returns_400" time="0.355" /><testcase classname="tests.test_b2b_iteration_61.TestWaitlist" name="test_admin_list_and_status_update" time="0.267" /><testcase classname="tests.test_b2b_iteration_61.TestLoyaltyMilestones" name="test_defaults_present" time="0.060" /><testcase classname="tests.test_b2b_iteration_61.TestLoyaltyMilestones" name="test_create_update_delete_and_bad_percent" time="0.364" /><testcase classname="tests.test_b2b_iteration_61.TestLoyaltyCalculate" name="test_dashboard_shape_zero_purchases" time="0.565" /><testcase classname="tests.test_b2b_iteration_61.TestLoyaltyCalculate" name="test_loyalty_applies_before_cash_discount" time="0.157" /><testcase classname="tests.test_b2b_iteration_61.TestBills" name="test_upload_list_download_with_size_and_type_rules" time="0.874" /><testcase classname="tests.test_b2b_iteration_61.TestMessages" name="test_retailer_send_admin_list_thread" time="0.400" /><testcase classname="tests.test_b2b_iteration_61.TestMessages" name="test_invalid_attachment_type_rejected" time="0.072" /><testcase classname="tests.test_b2b_iteration_61.TestMessages" name="test_retailer_attachment_download_full_base64" time="0.233" /><testcase classname="tests.test_b2b_iteration_61.TestMessages" name="test_legacy_retailer_to_retailer_messages_not_shadowed" time="0.061" /><testcase classname="tests.test_b2b_expansion" name="test_portal_status_public" time="0.145" /><testcase classname="tests.test_b2b_expansion" name="test_waitlist_signup_validation" time="0.135" /><testcase classname="tests.test_b2b_expansion" name="test_waitlist_signup_valid" time="0.174" /><testcase classname="tests.test_b2b_expansion" name="test_admin_endpoints_require_auth" time="0.398" /><testcase classname="tests.test_b2b_expansion" name="test_retailer_endpoints_require_auth_or_disabled_portal" time="0.357" /><testcase classname="tests.test_b2b_expansion" name="test_catalog_refactor_importable" time="0.002" /><testcase classname="tests.test_b2b_expansion" name="test_loyalty_utilities" time="0.001" /><testcase classname="tests.test_b2b_portal_killswitch.TestDisabledState" name="test_portal_status_default_disabled" time="0.895" /><testcase classname="tests.test_b2b_portal_killswitch.TestDisabledState" name="test_retailer_login_returns_403_when_disabled" time="0.151" /><testcase classname="tests.test_b2b_portal_killswitch.TestDisabledState" name="test_catalog_returns_403_when_disabled_no_auth" time="0.140" /><testcase classname="tests.test_b2b_portal_killswitch.TestDisabledState" name="test_calculate_returns_403_when_disabled" time="0.126" /><testcase classname="tests.test_b2b_portal_killswitch.TestDisabledState" name="test_order_returns_403_when_disabled" time="0.129" /><testcase classname="tests.test_b2b_portal_killswitch.TestAdminSettings" name="test_admin_settings_requires_auth" time="0.144" /><testcase classname="tests.test_b2b_portal_killswitch.TestAdminSettings" name="test_admin_get_settings" time="0.054" /><testcase classname="tests.test_b2b_portal_killswitch.TestAdminSettings" name="test_invalid_cash_discount_rejected_high" time="0.066" /><testcase classname="tests.test_b2b_portal_killswitch.TestAdminSettings" name="test_invalid_cash_discount_rejected_negative" time="0.064" /><testcase classname="tests.test_b2b_portal_killswitch.TestAdminSettings" name="test_invalid_tier_discount_percent_rejected" time="0.053" /><testcase classname="tests.test_b2b_portal_killswitch.TestAdminSettings" name="test_nonexistent_product_pricing_tier_returns_404" time="0.053" /><testcase classname="tests.test_b2b_portal_killswitch.TestEnabledPortalFlow" name="test_enable_portal_and_set_cash_discount" time="0.220" /><testcase classname="tests.test_b2b_portal_killswitch.TestEnabledPortalFlow" name="test_set_pricing_tiers" time="0.139" /><testcase classname="tests.test_b2b_portal_killswitch.TestEnabledPortalFlow" name="test_retailer_login_after_enable" time="0.444" /><testcase classname="tests.test_b2b_portal_killswitch.TestEnabledPortalFlow" name="test_invalid_creds_return_401_not_403" time="0.139" /><testcase classname="tests.test_b2b_portal_killswitch.TestEnabledPortalFlow" name="test_catalog_reflects_cash_discount_and_tiers" time="0.542" /><testcase classname="tests.test_b2b_portal_killswitch.TestEnabledPortalFlow" name="test_calculate_applies_tier_discount_at_qty10" time="0.483" /><testcase classname="tests.test_b2b_portal_killswitch.TestEnabledPortalFlow" name="test_calculate_applies_cash_discount" time="0.506" /><testcase classname="tests.test_b2b_portal_killswitch.TestEnabledPortalFlow" name="test_place_order_triggers_admin_email_and_online_payment" time="1.598" /><testcase classname="tests.test_b2b_portal_killswitch.TestEnabledPortalFlow" name="test_disable_portal_restores_403" time="0.749" /></testsuite></testsuites>