<?xml version="1.0" encoding="utf-8"?><testsuites name="pytest tests"><testsuite name="pytest" errors="0" failures="0" skipped="0" tests="20" time="7.065" timestamp="2026-04-24T20:31:55.539096+00:00" hostname="agent-env-a9ca4939-01d0-42b9-8a2f-1b1c79c4330d"><testcase classname="backend.tests.test_b2b_portal_killswitch.TestDisabledState" name="test_portal_status_default_disabled" time="1.059" /><testcase classname="backend.tests.test_b2b_portal_killswitch.TestDisabledState" name="test_retailer_login_returns_403_when_disabled" time="0.141" /><testcase classname="backend.tests.test_b2b_portal_killswitch.TestDisabledState" name="test_catalog_returns_403_when_disabled_no_auth" time="0.139" /><testcase classname="backend.tests.test_b2b_portal_killswitch.TestDisabledState" name="test_calculate_returns_403_when_disabled" time="0.118" /><testcase classname="backend.tests.test_b2b_portal_killswitch.TestDisabledState" name="test_order_returns_403_when_disabled" time="0.162" /><testcase classname="backend.tests.test_b2b_portal_killswitch.TestAdminSettings" name="test_admin_settings_requires_auth" time="0.152" /><testcase classname="backend.tests.test_b2b_portal_killswitch.TestAdminSettings" name="test_admin_get_settings" time="0.060" /><testcase classname="backend.tests.test_b2b_portal_killswitch.TestAdminSettings" name="test_invalid_cash_discount_rejected_high" time="0.051" /><testcase classname="backend.tests.test_b2b_portal_killswitch.TestAdminSettings" name="test_invalid_cash_discount_rejected_negative" time="0.050" /><testcase classname="backend.tests.test_b2b_portal_killswitch.TestAdminSettings" name="test_invalid_tier_discount_percent_rejected" time="0.054" /><testcase classname="backend.tests.test_b2b_portal_killswitch.TestAdminSettings" name="test_nonexistent_product_pricing_tier_returns_404" time="0.052" /><testcase classname="backend.tests.test_b2b_portal_killswitch.TestEnabledPortalFlow" name="test_enable_portal_and_set_cash_discount" time="0.187" /><testcase classname="backend.tests.test_b2b_portal_killswitch.TestEnabledPortalFlow" name="test_set_pricing_tiers" time="0.116" /><testcase classname="backend.tests.test_b2b_portal_killswitch.TestEnabledPortalFlow" name="test_retailer_login_after_enable" time="0.420" /><testcase classname="backend.tests.test_b2b_portal_killswitch.TestEnabledPortalFlow" name="test_invalid_creds_return_401_not_403" time="0.125" /><testcase classname="backend.tests.test_b2b_portal_killswitch.TestEnabledPortalFlow" name="test_catalog_reflects_cash_discount_and_tiers" time="0.477" /><testcase classname="backend.tests.test_b2b_portal_killswitch.TestEnabledPortalFlow" name="test_calculate_applies_tier_discount_at_qty10" time="0.471" /><testcase classname="backend.tests.test_b2b_portal_killswitch.TestEnabledPortalFlow" name="test_calculate_applies_cash_discount" time="0.491" /><testcase classname="backend.tests.test_b2b_portal_killswitch.TestEnabledPortalFlow" name="test_place_order_triggers_admin_email_and_online_payment" time="1.630" /><testcase classname="backend.tests.test_b2b_portal_killswitch.TestEnabledPortalFlow" name="test_disable_portal_restores_403" time="0.685" /></testsuite></testsuites>