<?xml version="1.0" encoding="utf-8"?><testsuites name="pytest tests"><testsuite name="pytest" errors="0" failures="1" skipped="0" tests="55" time="20.456" timestamp="2026-04-24T22:07:08.067004+00:00" hostname="agent-env-a9ca4939-01d0-42b9-8a2f-1b1c79c4330d"><testcase classname="tests.test_b2b_iteration_61.TestWaitlist" name="test_missing_body_422" time="2.170" /><testcase classname="tests.test_b2b_iteration_61.TestWaitlist" name="test_valid_upsert_persists" time="2.019" /><testcase classname="tests.test_b2b_iteration_61.TestWaitlist" name="test_invalid_gst_returns_400" time="0.116"><failure message="assert 422 == 400&#10; +  where 422 = &lt;Response [422]&gt;.status_code">E   assert 422 == 400
     +  where 422 = &lt;Response [422]&gt;.status_code</failure></testcase><testcase classname="tests.test_b2b_iteration_61.TestWaitlist" name="test_admin_list_and_status_update" time="0.233" /><testcase classname="tests.test_b2b_iteration_61.TestLoyaltyMilestones" name="test_defaults_present" time="0.064" /><testcase classname="tests.test_b2b_iteration_61.TestLoyaltyMilestones" name="test_create_update_delete_and_bad_percent" time="0.328" /><testcase classname="tests.test_b2b_iteration_61.TestLoyaltyCalculate" name="test_dashboard_shape_zero_purchases" time="0.535" /><testcase classname="tests.test_b2b_iteration_61.TestLoyaltyCalculate" name="test_loyalty_applies_before_cash_discount" time="0.132" /><testcase classname="tests.test_b2b_iteration_61.TestBills" name="test_upload_list_download_with_size_and_type_rules" time="0.751" /><testcase classname="tests.test_b2b_iteration_61.TestMessages" name="test_retailer_send_admin_list_thread" time="0.411" /><testcase classname="tests.test_b2b_iteration_61.TestMessages" name="test_invalid_attachment_type_rejected" time="0.056" /><testcase classname="tests.test_b2b_iteration_61.TestMessages" name="test_retailer_attachment_download_full_base64" time="0.177" /><testcase classname="tests.test_b2b_iteration_61.TestMessages" name="test_legacy_retailer_to_retailer_messages_not_shadowed" time="0.050" /><testcase classname="tests.test_b2b_expansion" name="test_portal_status_public" time="0.149" /><testcase classname="tests.test_b2b_expansion" name="test_waitlist_signup_validation" time="0.140" /><testcase classname="tests.test_b2b_expansion" name="test_waitlist_signup_valid" time="0.967" /><testcase classname="tests.test_b2b_expansion" name="test_admin_endpoints_require_auth" time="0.400" /><testcase classname="tests.test_b2b_expansion" name="test_retailer_endpoints_require_auth_or_disabled_portal" time="0.340" /><testcase classname="tests.test_b2b_expansion" name="test_catalog_refactor_importable" time="0.001" /><testcase classname="tests.test_b2b_expansion" name="test_loyalty_utilities" time="0.001" /><testcase classname="tests.test_b2b_portal_killswitch.TestDisabledState" name="test_portal_status_default_disabled" time="0.872" /><testcase classname="tests.test_b2b_portal_killswitch.TestDisabledState" name="test_retailer_login_returns_403_when_disabled" time="0.122" /><testcase classname="tests.test_b2b_portal_killswitch.TestDisabledState" name="test_catalog_returns_403_when_disabled_no_auth" time="0.143" /><testcase classname="tests.test_b2b_portal_killswitch.TestDisabledState" name="test_calculate_returns_403_when_disabled" time="0.144" /><testcase classname="tests.test_b2b_portal_killswitch.TestDisabledState" name="test_order_returns_403_when_disabled" time="0.124" /><testcase classname="tests.test_b2b_portal_killswitch.TestAdminSettings" name="test_admin_settings_requires_auth" time="0.128" /><testcase classname="tests.test_b2b_portal_killswitch.TestAdminSettings" name="test_admin_get_settings" time="0.057" /><testcase classname="tests.test_b2b_portal_killswitch.TestAdminSettings" name="test_invalid_cash_discount_rejected_high" time="0.068" /><testcase classname="tests.test_b2b_portal_killswitch.TestAdminSettings" name="test_invalid_cash_discount_rejected_negative" time="0.050" /><testcase classname="tests.test_b2b_portal_killswitch.TestAdminSettings" name="test_invalid_tier_discount_percent_rejected" time="0.127" /><testcase classname="tests.test_b2b_portal_killswitch.TestAdminSettings" name="test_nonexistent_product_pricing_tier_returns_404" time="0.052" /><testcase classname="tests.test_b2b_portal_killswitch.TestEnabledPortalFlow" name="test_enable_portal_and_set_cash_discount" time="0.197" /><testcase classname="tests.test_b2b_portal_killswitch.TestEnabledPortalFlow" name="test_set_pricing_tiers" time="0.125" /><testcase classname="tests.test_b2b_portal_killswitch.TestEnabledPortalFlow" name="test_retailer_login_after_enable" time="0.404" /><testcase classname="tests.test_b2b_portal_killswitch.TestEnabledPortalFlow" name="test_invalid_creds_return_401_not_403" time="0.118" /><testcase classname="tests.test_b2b_portal_killswitch.TestEnabledPortalFlow" name="test_catalog_reflects_cash_discount_and_tiers" time="0.465" /><testcase classname="tests.test_b2b_portal_killswitch.TestEnabledPortalFlow" name="test_calculate_applies_tier_discount_at_qty10" time="0.502" /><testcase classname="tests.test_b2b_portal_killswitch.TestEnabledPortalFlow" name="test_calculate_applies_cash_discount" time="0.469" /><testcase classname="tests.test_b2b_portal_killswitch.TestEnabledPortalFlow" name="test_place_order_triggers_admin_email_and_online_payment" time="1.572" /><testcase classname="tests.test_b2b_portal_killswitch.TestEnabledPortalFlow" name="test_disable_portal_restores_403" time="0.590" /><testcase classname="tests.test_b2b_iteration_63.TestWaitlistGstRequired" name="test_missing_gst_returns_422" time="0.854" /><testcase classname="tests.test_b2b_iteration_63.TestWaitlistGstRequired" name="test_invalid_gst_returns_400" time="0.140" /><testcase classname="tests.test_b2b_iteration_63.TestWaitlistGstRequired" name="test_valid_gst_persists_country_code_and_titlecase" time="0.971" /><testcase classname="tests.test_b2b_iteration_63.TestWaitlistGstRequired" name="test_explicit_country_code" time="0.998" /><testcase classname="tests.test_b2b_iteration_63.TestCalculateGstAfterDiscount" name="test_gst_computed_on_taxable_value" time="0.474" /><testcase classname="tests.test_b2b_iteration_63.TestTopRetailers" name="test_unauth_returns_401" time="0.122" /><testcase classname="tests.test_b2b_iteration_63.TestTopRetailers" name="test_quarter_shape" time="0.058" /><testcase classname="tests.test_b2b_iteration_63.TestTopRetailers" name="test_fy_label_format" time="0.055" /><testcase classname="tests.test_b2b_iteration_63.TestAdminSalesReport" name="test_fy_retailer_group_shape" time="0.054" /><testcase classname="tests.test_b2b_iteration_63.TestAdminSalesReport" name="test_custom_range_month_grouping" time="0.058" /><testcase classname="tests.test_b2b_iteration_63.TestAdminSalesReport" name="test_custom_without_dates_returns_400" time="0.068" /><testcase classname="tests.test_b2b_iteration_63.TestAdminSalesReport" name="test_quarter_group_key_format" time="0.051" /><testcase classname="tests.test_b2b_iteration_63.TestAdminSalesReport" name="test_invalid_group_by_returns_400" time="0.055" /><testcase classname="tests.test_b2b_iteration_63.TestEmailRefactor" name="test_import_works_from_services" time="0.419" /><testcase classname="tests.test_b2b_iteration_63.TestEmailRefactor" name="test_b2b_orders_imports_from_services" time="0.205" /></testsuite></testsuites>