<?xml version="1.0" encoding="utf-8"?><testsuites name="pytest tests"><testsuite name="pytest" errors="0" failures="0" skipped="0" tests="11" time="1.968" timestamp="2026-04-07T07:54:09.756978+00:00" hostname="agent-env-8ecb822a-f8d2-4d33-a657-9fe15e467c53"><testcase classname="backend.tests.test_bakhoor_products.TestProductsAPI" name="test_get_all_products_returns_7_products" time="0.196" /><testcase classname="backend.tests.test_bakhoor_products.TestProductsAPI" name="test_products_include_two_coming_soon_bakhoor" time="0.137" /><testcase classname="backend.tests.test_bakhoor_products.TestProductsAPI" name="test_grated_omani_bakhoor_details" time="0.162" /><testcase classname="backend.tests.test_bakhoor_products.TestProductsAPI" name="test_yemeni_bakhoor_chips_details" time="0.141" /><testcase classname="backend.tests.test_bakhoor_products.TestCartComingSoonBlock" name="test_cannot_add_grated_omani_bakhoor_to_cart" time="0.131" /><testcase classname="backend.tests.test_bakhoor_products.TestCartComingSoonBlock" name="test_cannot_add_yemeni_bakhoor_chips_to_cart" time="0.135" /><testcase classname="backend.tests.test_bakhoor_products.TestCartComingSoonBlock" name="test_can_add_regular_product_to_cart" time="0.348" /><testcase classname="backend.tests.test_bakhoor_products.TestTreeDonationsEndpoint" name="test_tree_donations_requires_auth" time="0.134" /><testcase classname="backend.tests.test_bakhoor_products.TestTreeDonationsEndpoint" name="test_tree_donations_endpoint_exists" time="0.124" /><testcase classname="backend.tests.test_bakhoor_products.TestProductsDataIntegrity" name="test_all_products_have_required_fields" time="0.128" /><testcase classname="backend.tests.test_bakhoor_products.TestProductsDataIntegrity" name="test_coming_soon_bakhoor_products_have_correct_category" time="0.140" /></testsuite></testsuites>