<?xml version="1.0" encoding="utf-8"?><testsuites name="pytest tests"><testsuite name="pytest" errors="0" failures="0" skipped="0" tests="16" time="5.015" timestamp="2026-04-24T19:53:34.135738+00:00" hostname="agent-env-22ee7114-b106-40c9-adda-650e80d21732"><testcase classname="backend.tests.test_blog_api.TestBlogListingAPI" name="test_blog_posts_returns_200" time="0.385" /><testcase classname="backend.tests.test_blog_api.TestBlogListingAPI" name="test_blog_posts_returns_4_posts" time="0.255" /><testcase classname="backend.tests.test_blog_api.TestBlogListingAPI" name="test_blog_posts_have_required_fields" time="0.240" /><testcase classname="backend.tests.test_blog_api.TestBlogListingAPI" name="test_blog_posts_have_correct_slugs" time="0.259" /><testcase classname="backend.tests.test_blog_api.TestBlogListingAPI" name="test_blog_posts_have_author_addrika" time="0.218" /><testcase classname="backend.tests.test_blog_api.TestBlogPostDetailAPI" name="test_charcoal_free_incense_post" time="0.272" /><testcase classname="backend.tests.test_blog_api.TestBlogPostDetailAPI" name="test_arabian_bakhoor_post" time="0.247" /><testcase classname="backend.tests.test_blog_api.TestBlogPostDetailAPI" name="test_meditation_yoga_post" time="0.475" /><testcase classname="backend.tests.test_blog_api.TestBlogPostDetailAPI" name="test_charcoal_free_vs_regular_post" time="0.358" /><testcase classname="backend.tests.test_blog_api.TestBlogPostDetailAPI" name="test_nonexistent_post_returns_404" time="0.312" /><testcase classname="backend.tests.test_blog_api.TestLlmsTxtBlogURLs" name="test_llms_txt_accessible" time="0.324" /><testcase classname="backend.tests.test_blog_api.TestLlmsTxtBlogURLs" name="test_llms_txt_contains_blog_section" time="0.303" /><testcase classname="backend.tests.test_blog_api.TestLlmsTxtBlogURLs" name="test_llms_txt_contains_blog_urls" time="0.213" /><testcase classname="backend.tests.test_blog_api.TestBlogPostDataIntegrity" name="test_dual_field_naming" time="0.204" /><testcase classname="backend.tests.test_blog_api.TestBlogPostDataIntegrity" name="test_featured_images_are_unsplash" time="0.263" /><testcase classname="backend.tests.test_blog_api.TestBlogPostDataIntegrity" name="test_views_are_positive_integers" time="0.268" /></testsuite></testsuites>