<?xml version="1.0" encoding="utf-8"?><testsuites name="pytest tests"><testsuite name="pytest" errors="0" failures="0" skipped="0" tests="8" time="21.850" timestamp="2026-03-12T15:04:13.563627+00:00" hostname="agent-env-082827bc-4f91-4672-ae12-4d36c7570954"><testcase classname="tests.test_checkout_weight_fix.TestCheckoutWeightFix" name="test_create_order_with_rto_voucher_price_match" time="9.655" /><testcase classname="tests.test_checkout_weight_fix.TestCheckoutWeightFix" name="test_shipping_rate_endpoint" time="0.518" /><testcase classname="tests.test_checkout_weight_fix.TestCheckoutWeightFix" name="test_different_product_sizes_weight_calculation" time="1.949" /><testcase classname="tests.test_checkout_weight_fix.TestCheckoutWeightFix" name="test_mixed_sizes_cart" time="1.833" /><testcase classname="tests.test_checkout_weight_fix.TestCheckoutWeightFix" name="test_free_shipping_threshold" time="2.416" /><testcase classname="tests.test_checkout_weight_fix.TestCheckoutWeightFix" name="test_self_pickup_no_shipping_charge" time="1.008" /><testcase classname="tests.test_checkout_weight_fix.TestWeightCalculationLogic" name="test_single_50g_pack_weight" time="1.989" /><testcase classname="tests.test_checkout_weight_fix.TestWeightCalculationLogic" name="test_three_50g_packs_exact_scenario" time="1.839" /></testsuite></testsuites>