<?xml version="1.0" encoding="utf-8"?><testsuites name="pytest tests"><testsuite name="pytest" errors="0" failures="0" skipped="0" tests="9" time="3.237" timestamp="2026-02-22T13:13:32.389000+00:00" hostname="agent-env-0192d8da-65c6-4519-9d2a-528a43784e6a"><testcase classname="tests.test_checkout_selfpickup.TestRetailersAPI" name="test_get_all_retailers" time="0.206" /><testcase classname="tests.test_checkout_selfpickup.TestRetailersAPI" name="test_get_self_pickup_retailers" time="0.154" /><testcase classname="tests.test_checkout_selfpickup.TestShippingConfig" name="test_shipping_rates_endpoint" time="2.022" /><testcase classname="tests.test_checkout_selfpickup.TestShippingConfig" name="test_shipping_tier_logic_via_checkout" time="0.001" /><testcase classname="tests.test_checkout_selfpickup.TestProductPricing" name="test_products_api_returns_data" time="0.141" /><testcase classname="tests.test_checkout_selfpickup.TestProductPricing" name="test_50g_mrp_is_110" time="0.140" /><testcase classname="tests.test_checkout_selfpickup.TestProductPricing" name="test_200g_mrp_is_402" time="0.132" /><testcase classname="tests.test_checkout_selfpickup.TestDiscountCodes" name="test_discount_code_validation" time="0.153" /><testcase classname="tests.test_checkout_selfpickup.TestHealthCheck" name="test_api_health" time="0.139" /></testsuite></testsuites>