<?xml version="1.0" encoding="utf-8"?><testsuites name="pytest tests"><testsuite name="pytest" errors="0" failures="0" skipped="0" tests="15" time="17.036" timestamp="2026-03-14T13:03:16.834392+00:00" hostname="agent-env-c5fee182-fa13-4d1b-a887-64ec3ae6d793"><testcase classname="tests.test_delivery_estimate_and_pricing.TestDeliveryEstimate" name="test_delivery_estimate_mumbai_pincode" time="3.119" /><testcase classname="tests.test_delivery_estimate_and_pricing.TestDeliveryEstimate" name="test_delivery_estimate_patna_pincode" time="2.095" /><testcase classname="tests.test_delivery_estimate_and_pricing.TestDeliveryEstimate" name="test_delivery_estimate_delhi_pincode" time="2.732" /><testcase classname="tests.test_delivery_estimate_and_pricing.TestDeliveryEstimate" name="test_delivery_estimate_invalid_pincode_format" time="0.243" /><testcase classname="tests.test_delivery_estimate_and_pricing.TestDeliveryEstimate" name="test_delivery_estimate_short_pincode" time="0.167" /><testcase classname="tests.test_delivery_estimate_and_pricing.TestDeliveryEstimate" name="test_delivery_estimate_response_structure" time="2.367" /><testcase classname="tests.test_delivery_estimate_and_pricing.TestTokenAmountZero" name="test_order_pricing_import" time="0.002" /><testcase classname="tests.test_delivery_estimate_and_pricing.TestTokenAmountZero" name="test_calculate_order_pricing_pay_at_store" time="0.001" /><testcase classname="tests.test_delivery_estimate_and_pricing.TestTokenAmountZero" name="test_full_payment_for_shipping_orders" time="0.001" /><testcase classname="tests.test_delivery_estimate_and_pricing.TestEmailNotificationSettings" name="test_retailer_email_function_exists_but_not_called" time="0.080" /><testcase classname="tests.test_delivery_estimate_and_pricing.TestEmailNotificationSettings" name="test_admin_email_function_exists" time="2.119" /><testcase classname="tests.test_delivery_estimate_and_pricing.TestEmailNotificationSettings" name="test_orders_code_has_retailer_emails_commented" time="0.002" /><testcase classname="tests.test_delivery_estimate_and_pricing.TestShippingEndpoints" name="test_shipping_rates_quick_endpoint" time="1.251" /><testcase classname="tests.test_delivery_estimate_and_pricing.TestShippingEndpoints" name="test_shipping_check_pincode" time="1.090" /><testcase classname="tests.test_delivery_estimate_and_pricing.TestShippingEndpoints" name="test_shipping_calculate_charge" time="1.501" /></testsuite></testsuites>