<?xml version="1.0" encoding="utf-8"?><testsuites name="pytest tests"><testsuite name="pytest" errors="0" failures="0" skipped="0" tests="9" time="5.089" timestamp="2026-04-05T12:04:52.174890+00:00" hostname="agent-env-b7e1384e-26e5-4921-ae21-cbaf0e8567f3"><testcase classname="tests.test_discount_analytics.TestAdminAuth" name="test_admin_login_works" time="1.022" /><testcase classname="tests.test_discount_analytics.TestDiscountCodePerformance" name="test_get_discount_code_performance" time="0.719" /><testcase classname="tests.test_discount_analytics.TestDiscountCodePerformance" name="test_get_discount_code_usage" time="0.056" /><testcase classname="tests.test_discount_analytics.TestDiscountCodePerformance" name="test_get_discount_code_usage_by_code" time="0.102" /><testcase classname="tests.test_discount_analytics.TestDiscountCodeCRUD" name="test_create_coupon" time="0.790" /><testcase classname="tests.test_discount_analytics.TestDiscountCodeCRUD" name="test_toggle_coupon_status" time="0.202" /><testcase classname="tests.test_discount_analytics.TestDiscountCodeCRUD" name="test_delete_coupon" time="0.440" /><testcase classname="tests.test_discount_analytics.TestDiscountCodeCRUD" name="test_list_discount_codes" time="0.287" /><testcase classname="tests.test_discount_analytics.TestCleanup" name="test_cleanup_test_coupons" time="1.015" /></testsuite></testsuites>