<?xml version="1.0" encoding="utf-8"?><testsuites name="pytest tests"><testsuite name="pytest" errors="0" failures="0" skipped="0" tests="7" time="2.572" timestamp="2026-08-01T12:53:35.655120+00:00" hostname="agent-env-09f0605b-deed-4330-833b-83b8563d6c6c"><testcase classname="backend.tests.test_impact_and_batch_jan2026.TestImpactTrees" name="test_public_trees_returns_expected_shape" time="0.253" /><testcase classname="backend.tests.test_impact_and_batch_jan2026.TestImpactTrees" name="test_admin_get_trees_requires_auth" time="0.208" /><testcase classname="backend.tests.test_impact_and_batch_jan2026.TestImpactTrees" name="test_admin_put_trees_requires_auth" time="0.176" /><testcase classname="backend.tests.test_impact_and_batch_jan2026.TestAdminProducts" name="test_admin_products_requires_auth_401_not_404" time="0.169" /><testcase classname="backend.tests.test_impact_and_batch_jan2026.TestBrochure" name="test_brochure_download_returns_pdf" time="0.421" /><testcase classname="backend.tests.test_impact_and_batch_jan2026.TestPartnerCoupons" name="test_bad_signature_rejected_401" time="0.160" /><testcase classname="backend.tests.test_impact_and_batch_jan2026.TestRetailersPIILeak" name="test_no_pii_in_public_retailers" time="0.990" /></testsuite></testsuites>