<?xml version="1.0" encoding="utf-8"?><testsuites name="pytest tests"><testsuite name="pytest" errors="0" failures="0" skipped="0" tests="4" time="4.453" timestamp="2026-08-06T12:50:02.653531+00:00" hostname="agent-env-3a790193-cfb8-4361-a887-9467a9b4fe65"><testcase classname="tests.test_iter79_extended" name="test_default_milestones_match_prd" time="0.004" /><testcase classname="tests.test_iter79_extended" name="test_retailer_dashboard_patron_requires_session" time="0.017" /><testcase classname="tests.test_iter79_extended" name="test_sync_achievements_return_shape" time="0.060" /><testcase classname="tests.test_iter79_extended" name="test_post_payment_hook_syncs_milestones" time="3.834" /></testsuite></testsuites>