<?xml version="1.0" encoding="utf-8"?><testsuites name="pytest tests"><testsuite name="pytest" errors="0" failures="0" skipped="0" tests="10" time="2.470" timestamp="2026-08-05T12:55:50.745468+00:00" hostname="agent-env-8031e353-4313-49d6-a4a4-59e634ca4dae"><testcase classname="tests.test_iter71_csv_pdf_integration.TestInventoryLogCSV" name="test_anon_401" time="0.293" /><testcase classname="tests.test_iter71_csv_pdf_integration.TestInventoryLogCSV" name="test_csv_content_type_and_headers" time="0.918" /><testcase classname="tests.test_iter71_csv_pdf_integration.TestInventoryLogCSV" name="test_csv_has_data_rows_and_enriched_product_name" time="0.091" /><testcase classname="tests.test_iter71_csv_pdf_integration.TestInventoryLogCSV" name="test_admin_inventory_log_list_endpoint" time="0.085" /><testcase classname="tests.test_iter71_csv_pdf_integration.TestRewardsStatementPDF" name="test_anon_401" time="0.177" /><testcase classname="tests.test_iter71_csv_pdf_integration.TestRewardsStatementPDF" name="test_pdf_content_type_and_magic" time="0.285" /><testcase classname="tests.test_stock_csv_rewards_pdf" name="test_statement_returns_valid_pdf_bytes_for_empty_ledger" time="0.012" /><testcase classname="tests.test_stock_csv_rewards_pdf" name="test_statement_with_full_ledger_renders" time="0.009" /><testcase classname="tests.test_stock_csv_rewards_pdf" name="test_statement_handles_missing_fields_gracefully" time="0.007" /><testcase classname="tests.test_stock_csv_rewards_pdf" name="test_csv_writer_produces_expected_headers" time="0.004" /></testsuite></testsuites>