<?xml version="1.0" encoding="utf-8"?><testsuites name="pytest tests"><testsuite name="pytest" errors="0" failures="1" skipped="0" tests="21" time="10.553" timestamp="2026-08-22T07:45:38.735405+00:00" hostname="agent-env-bf95eed4-9202-472a-b562-99062bb22519"><testcase classname="tests.test_iter98_handoff_supplement.TestRetailerLogin" name="test_login_ok_returns_token_and_retailer" time="6.672"><failure message="assert '_id' not in '{&quot;message&quot;:...xmSY7Rtq6Y&quot;}'&#10;  &#10;  '_id' is contained here:&#10;  ?                                                       ^^&#10;    {&quot;message&quot;: &quot;Login successful&quot;, &quot;retailer&quot;: {&quot;retailer_id&quot;: &quot;RTL_T1_da43cfaf&quot;, &quot;name&quot;: &quot;T1 Retailer&quot;, &quot;email&quot;: &quot;t1_c3df7889@e2e.test&quot;, &quot;city&quot;: &quot;Delhi&quot;, &quot;district&quot;: &quot;Central Delhi&quot;, &quot;state&quot;: &quot;Delhi&quot;}, &quot;token&quot;: &quot;Tvlw9dKtxCw6AKPTc7gffUhw791wsuIK6xmSY7Rtq6Y&quot;}&#10;  ?                                                       ^^^^^">tests/test_iter98_handoff_supplement.py:128: in test_login_ok_returns_token_and_retailer
    assert "_id" not in json.dumps(body)
E   assert '_id' not in '{"message":...xmSY7Rtq6Y"}'
E     
E     '_id' is contained here:
E     ?                                                       ^^
E       {"message": "Login successful", "retailer": {"retailer_id": "RTL_T1_da43cfaf", "name": "T1 Retailer", "email": "t1_c3df7889@e2e.test", "city": "Delhi", "district": "Central Delhi", "state": "Delhi"}, "token": "Tvlw9dKtxCw6AKPTc7gffUhw791wsuIK6xmSY7Rtq6Y"}
E     ?                                                       ^^^^^</failure></testcase><testcase classname="tests.test_iter98_handoff_supplement.TestRetailerLogin" name="test_login_wrong_password_401" time="0.371" /><testcase classname="tests.test_iter98_handoff_supplement.TestRetailerLogin" name="test_login_unknown_email_401" time="0.010" /><testcase classname="tests.test_iter98_handoff_supplement.TestRetailerLogin" name="test_legacy_identifier_body_is_rejected" time="0.007" /><testcase classname="tests.test_iter98_handoff_supplement.TestRetailerLogin" name="test_web_context_path_does_not_exist" time="0.007" /><testcase classname="tests.test_iter98_handoff_supplement.TestRetailerLogin" name="test_me_accepts_cookie_and_bearer" time="0.016" /><testcase classname="tests.test_iter98_handoff_supplement.TestRetailerLogin" name="test_me_without_session_401" time="0.005" /><testcase classname="tests.test_iter98_handoff_supplement.TestCustomerLogin" name="test_login_ok" time="1.103" /><testcase classname="tests.test_iter98_handoff_supplement.TestCustomerLogin" name="test_login_wrong_password_401" time="0.361" /><testcase classname="tests.test_iter98_handoff_supplement.TestHandoffCookies" name="test_retailer_consume_sets_only_retailer_cookie" time="0.029" /><testcase classname="tests.test_iter98_handoff_supplement.TestHandoffCookies" name="test_customer_consume_sets_session_token_cookie" time="0.379" /><testcase classname="tests.test_iter98_handoff_supplement.TestHandoffCookies" name="test_create_unauthenticated_401" time="0.009" /><testcase classname="tests.test_iter98_handoff_supplement.TestHandoffCookies" name="test_malformed_nonce_rejected[]" time="0.005" /><testcase classname="tests.test_iter98_handoff_supplement.TestHandoffCookies" name="test_malformed_nonce_rejected[sess_abc]" time="0.005" /><testcase classname="tests.test_iter98_handoff_supplement.TestHandoffCookies" name="test_malformed_nonce_rejected[random]" time="0.005" /><testcase classname="tests.test_iter98_handoff_supplement.TestHandoffCookies" name="test_malformed_nonce_rejected[hoff]" time="0.005" /><testcase classname="tests.test_iter98_handoff_supplement.TestHandoffCookies" name="test_malformed_nonce_rejected[hoff_]" time="0.007" /><testcase classname="tests.test_iter98_handoff_supplement.TestHandoffCookies" name="test_malformed_nonce_rejected[hoff_00000000000000000000000000000000]" time="0.007" /><testcase classname="tests.test_iter98_handoff_supplement.TestPriorIterationRegressions" name="test_mirror_order_snapshot_importable" time="0.710" /><testcase classname="tests.test_iter98_handoff_supplement.TestPriorIterationRegressions" name="test_auth_handoffs_blocklisted" time="0.001" /><testcase classname="tests.test_iter98_handoff_supplement.TestPriorIterationRegressions" name="test_track_order_redirects_308" time="0.033" /></testsuite></testsuites>