<?xml version="1.0" encoding="utf-8"?><testsuites name="pytest tests"><testsuite name="pytest" errors="0" failures="0" skipped="0" tests="74" time="112.871" timestamp="2026-08-19T11:22:14.014045+00:00" hostname="agent-env-ea7e2700-b86f-461c-97cb-52ee0f7acb1b"><testcase classname="tests.test_iter79_extended" name="test_default_milestones_match_prd" time="0.002" /><testcase classname="tests.test_iter79_extended" name="test_retailer_dashboard_patron_requires_session" time="0.009" /><testcase classname="tests.test_iter79_extended" name="test_sync_achievements_return_shape" time="1.916" /><testcase classname="tests.test_iter79_extended" name="test_post_payment_hook_syncs_milestones" time="5.372" /><testcase classname="tests.test_iter79_milestones" name="test_milestone_crud_flow" time="0.900" /><testcase classname="tests.test_iter79_milestones" name="test_achievement_timestamp_is_immutable" time="1.692" /><testcase classname="tests.test_iter79_milestones" name="test_trailblazer_honor_goes_to_fastest" time="0.493" /><testcase classname="tests.test_iter79_milestones" name="test_manifest_lists_ecommerce_endpoints" time="0.005" /><testcase classname="tests.test_iter79_milestones" name="test_admin_read_retailer_patron" time="0.690" /><testcase classname="tests.test_iter80_cascade_delete" name="test_delete_cascades_b2b_products_and_mirror" time="15.678" /><testcase classname="tests.test_iter80_cascade_delete" name="test_iter74_run_leaves_no_mirror_orphans" time="16.356" /><testcase classname="tests.test_iter80_cascade_delete" name="test_active_b2c_rows_have_price_and_stock" time="2.269" /><testcase classname="tests.test_iter80_progress_cache" name="test_next_milestone_progress" time="0.032" /><testcase classname="tests.test_iter80_progress_cache" name="test_next_milestone_none_when_all_earned" time="0.266" /><testcase classname="tests.test_iter80_progress_cache" name="test_streak_leaderboard_cache_creation_and_reuse" time="0.046" /><testcase classname="tests.test_iter80_progress_cache" name="test_streak_leaderboard_cache_stale_refresh" time="0.043" /><testcase classname="tests.test_iter80_progress_cache" name="test_admin_refresh_streak_leaderboard" time="0.684" /><testcase classname="tests.test_iter80_progress_cache" name="test_regression_immutability" time="2.169" /><testcase classname="tests.test_iter81_progress_leaderboard" name="test_milestone_email_html_contains_tag_and_name" time="0.001" /><testcase classname="tests.test_iter81_progress_leaderboard" name="test_milestone_whatsapp_body_matches_shape" time="0.001" /><testcase classname="tests.test_iter81_progress_leaderboard" name="test_public_leaderboard_hides_non_opted_in" time="0.020" /><testcase classname="tests.test_iter81_progress_leaderboard" name="test_public_leaderboard_includes_opted_in" time="0.019" /><testcase classname="tests.test_iter81_progress_leaderboard" name="test_retailer_optin_crud" time="0.163" /><testcase classname="tests.test_iter81_progress_leaderboard" name="test_retailer_optin_requires_auth" time="0.005" /><testcase classname="tests.test_iter81_progress_leaderboard" name="test_weekly_refresh_loop_exists" time="0.001" /><testcase classname="tests.test_iter81_progress_leaderboard" name="test_refresh_streak_leaderboard_updates_timestamp" time="0.130" /><testcase classname="tests.test_iter81_progress_leaderboard" name="test_retailer_patron_endpoint_carries_next_milestone" time="0.036" /><testcase classname="tests.test_iter81_race_sanity" name="test_rapid_post_put_delete_no_mirror_leak" time="15.404" /><testcase classname="tests.test_iter81_race_sanity" name="test_rapid_race_across_multiple_slugs" time="31.019" /><testcase classname="tests.test_iter82_tiers_shoutout" name="test_compute_tier_novice_bronze_silver_gold" time="0.001" /><testcase classname="tests.test_iter82_tiers_shoutout" name="test_compute_tier_next_tier_progression" time="0.000" /><testcase classname="tests.test_iter82_tiers_shoutout" name="test_patron_endpoint_returns_tier" time="0.039" /><testcase classname="tests.test_iter82_tiers_shoutout" name="test_shoutout_publishes_when_leader_opted_in" time="0.043" /><testcase classname="tests.test_iter82_tiers_shoutout" name="test_shoutout_anonymises_when_not_opted_in" time="0.028" /><testcase classname="tests.test_iter82_tiers_shoutout" name="test_shoutout_skips_when_streak_too_short" time="0.019" /><testcase classname="tests.test_iter82_tiers_shoutout" name="test_shoutout_skips_when_no_leader" time="0.012" /><testcase classname="tests.test_iter82_tiers_shoutout" name="test_admin_shoutout_requires_auth" time="0.005" /><testcase classname="tests.test_iter82_tiers_shoutout" name="test_admin_shoutout_status_and_force" time="0.177" /><testcase classname="tests.test_iter82_product_cleanup.TestPublicProducts" name="test_real_catalog_is_nine_products" time="0.007" /><testcase classname="tests.test_iter82_product_cleanup.TestPublicProducts" name="test_no_leftover_test_products" time="0.001" /><testcase classname="tests.test_iter82_product_cleanup.TestPublicProducts" name="test_no_bambooless_product" time="0.001" /><testcase classname="tests.test_iter82_product_cleanup.TestPublicProducts" name="test_belpatra_renamed" time="0.001" /><testcase classname="tests.test_iter82_product_cleanup.TestPublicProducts" name="test_detail_endpoint_belpatra" time="0.006" /><testcase classname="tests.test_iter82_product_cleanup.TestPublicProducts" name="test_detail_endpoint_bambooless_404" time="0.004" /><testcase classname="tests.test_iter82_product_cleanup.TestMongo" name="test_bambooless_purged" time="0.011" /><testcase classname="tests.test_iter82_product_cleanup.TestMongo" name="test_belpatra_doc" time="0.008" /><testcase classname="tests.test_iter82_product_cleanup.TestMongo" name="test_real_product_count" time="0.010" /><testcase classname="tests.test_iter82_product_cleanup.TestMongo" name="test_all_linked_b2b_skus_renamed" time="0.008" /><testcase classname="tests.test_iter82_product_cleanup.TestMongo" name="test_b2b_sku_intact" time="0.008" /><testcase classname="tests.test_iter82_product_cleanup.TestSupabaseMirror" name="test_b2c_mirror_rows" time="2.187" /><testcase classname="tests.test_iter82_product_cleanup.TestSupabaseMirror" name="test_no_bambooless_mirror_rows" time="4.237" /><testcase classname="tests.test_iter82_product_cleanup.TestSupabaseMirror" name="test_b2b_sku_mirrored" time="2.122" /><testcase classname="tests.test_iter82_product_cleanup.TestSupabaseMirror" name="test_no_stale_bilvapatra_name_in_mirror" time="2.179" /><testcase classname="tests.test_iter82_product_cleanup.TestSupabaseMirror" name="test_no_orphan_b2b_mirror_rows" time="2.129" /><testcase classname="tests.test_iter82_product_cleanup.TestSupabaseMirror" name="test_regression_price_and_stock_hydrated" time="2.139" /><testcase classname="tests.test_iter82_product_cleanup.TestB2BCatalog" name="test_catalog_requires_auth" time="0.008" /><testcase classname="tests.test_iter82_product_cleanup.TestB2BCatalog" name="test_catalog_lists_belpatra_and_no_bambooless" time="0.398" /><testcase classname="tests.test_supabase_mirror" name="test_extract_id_prefers_business_key" time="0.001" /><testcase classname="tests.test_supabase_mirror" name="test_as_datetime_normalises_iso_strings" time="0.001" /><testcase classname="tests.test_supabase_mirror" name="test_user_row_maps_b2b_retailer_fields" time="0.001" /><testcase classname="tests.test_supabase_mirror" name="test_product_row_maps_prices_and_channel" time="0.001" /><testcase classname="tests.test_supabase_mirror" name="test_jsonable_stringifies_datetime" time="0.000" /><testcase classname="tests.test_supabase_mirror" name="test_public_helpers_are_noop_when_disabled" time="0.001" /><testcase classname="tests.test_supabase_mirror" name="test_public_helpers_swallow_no_running_loop" time="0.001" /><testcase classname="tests.test_supabase_mirror" name="test_replay_dead_letter_marks_sent_on_success" time="0.008" /><testcase classname="tests.test_supabase_mirror" name="test_replay_dead_letter_reschedules_on_failure" time="0.004" /><testcase classname="tests.test_supabase_mirror" name="test_replay_abandons_after_max_attempts" time="0.004" /><testcase classname="tests.test_supabase_mirror" name="test_dead_letter_summary_returns_disabled_when_off" time="0.001" /><testcase classname="tests.test_supabase_mirror" name="test_sanitize_strips_sensitive_keys_recursively" time="0.001" /><testcase classname="tests.test_supabase_mirror" name="test_collection_row_uses_business_id_and_sanitises" time="0.001" /><testcase classname="tests.test_supabase_mirror" name="test_collection_row_falls_back_to_mongo_oid_string" time="0.000" /><testcase classname="tests.test_supabase_mirror" name="test_collection_row_none_when_no_id" time="0.000" /><testcase classname="tests.test_supabase_mirror" name="test_mirror_collection_upsert_skips_blocklist" time="0.003" /><testcase classname="tests.test_supabase_mirror" name="test_mirror_collection_delete_skips_blocklist" time="0.003" /></testsuite></testsuites>