<?xml version="1.0" encoding="utf-8"?><testsuites name="pytest tests"><testsuite name="pytest" errors="0" failures="0" skipped="0" tests="8" time="3.748" timestamp="2026-08-05T14:30:01.941578+00:00" hostname="agent-env-3a790193-cfb8-4361-a887-9467a9b4fe65"><testcase classname="backend.tests.test_iter74_unified_products" name="test_mogra_magic_purged_and_new_products_seeded" time="0.756" /><testcase classname="backend.tests.test_iter74_unified_products" name="test_unified_product_create_and_update" time="0.850" /><testcase classname="backend.tests.test_iter74_unified_products" name="test_b2c_products_enriched_with_stock" time="0.008" /><testcase classname="backend.tests.test_iter74_unified_products" name="test_b2c_single_product_enriched" time="0.007" /><testcase classname="backend.tests.test_iter74_unified_products" name="test_batch_allocation_endpoint" time="0.666" /><testcase classname="backend.tests.test_iter74_unified_products" name="test_batch_allocation_by_sku" time="0.663" /><testcase classname="backend.tests.test_iter74_unified_products" name="test_brochure_pdf_download" time="0.267" /><testcase classname="backend.tests.test_iter74_unified_products" name="test_b2b_calculate_endpoint_reachable" time="0.009" /></testsuite></testsuites>