<?xml version="1.0" encoding="utf-8"?><testsuites name="pytest tests"><testsuite name="pytest" errors="0" failures="0" skipped="0" tests="5" time="2.815" timestamp="2026-08-06T12:49:10.716845+00:00" hostname="agent-env-3a790193-cfb8-4361-a887-9467a9b4fe65"><testcase classname="tests.test_iter79_milestones" name="test_milestone_crud_flow" time="0.993" /><testcase classname="tests.test_iter79_milestones" name="test_achievement_timestamp_is_immutable" time="0.087" /><testcase classname="tests.test_iter79_milestones" name="test_trailblazer_honor_goes_to_fastest" time="0.217" /><testcase classname="tests.test_iter79_milestones" name="test_manifest_lists_ecommerce_endpoints" time="0.007" /><testcase classname="tests.test_iter79_milestones" name="test_admin_read_retailer_patron" time="0.719" /></testsuite></testsuites>