<?xml version="1.0" encoding="utf-8"?><testsuites name="pytest tests"><testsuite name="pytest" errors="0" failures="0" skipped="0" tests="27" time="8.265" timestamp="2026-08-19T14:22:42.415566+00:00" hostname="agent-env-dacde606-dfba-46df-982c-0c66062e380d"><testcase classname="tests.test_iter90_mobile_sdk_alignment.TestMobilePackageAlignment" name="test_expo_web_browser_pinned_to_sdk51" time="0.002" /><testcase classname="tests.test_iter90_mobile_sdk_alignment.TestMobilePackageAlignment" name="test_installed_version_is_13_0_3" time="0.001" /><testcase classname="tests.test_iter90_mobile_sdk_alignment.TestMobilePackageAlignment" name="test_yarn_lock_has_sdk51_entry" time="0.002" /><testcase classname="tests.test_iter90_mobile_sdk_alignment.TestMobilePackageAlignment" name="test_other_deps_unchanged[expo-~51.0.28]" time="0.001" /><testcase classname="tests.test_iter90_mobile_sdk_alignment.TestMobilePackageAlignment" name="test_other_deps_unchanged[react-18.2.0]" time="0.001" /><testcase classname="tests.test_iter90_mobile_sdk_alignment.TestMobilePackageAlignment" name="test_other_deps_unchanged[react-native-0.74.5]" time="0.001" /><testcase classname="tests.test_iter90_mobile_sdk_alignment.TestMobilePackageAlignment" name="test_other_deps_unchanged[expo-router-~3.5.23]" time="0.001" /><testcase classname="tests.test_iter90_mobile_sdk_alignment.TestMobilePackageAlignment" name="test_other_deps_unchanged[expo-constants-~16.0.2]" time="0.001" /><testcase classname="tests.test_iter90_mobile_sdk_alignment.TestMobilePackageAlignment" name="test_other_deps_unchanged[expo-linking-~6.3.1]" time="0.001" /><testcase classname="tests.test_iter90_mobile_sdk_alignment.TestMobilePackageAlignment" name="test_other_deps_unchanged[expo-secure-store-~13.0.2]" time="0.001" /><testcase classname="tests.test_iter90_mobile_sdk_alignment.TestMobilePackageAlignment" name="test_other_deps_unchanged[expo-status-bar-~1.12.1]" time="0.001" /><testcase classname="tests.test_iter90_mobile_sdk_alignment.TestMobilePackageAlignment" name="test_other_deps_unchanged[@react-native-async-storage/async-storage-1.23.1]" time="0.001" /><testcase classname="tests.test_iter90_mobile_sdk_alignment.TestMobilePackageAlignment" name="test_other_deps_unchanged[react-native-gesture-handler-~2.16.1]" time="0.001" /><testcase classname="tests.test_iter90_mobile_sdk_alignment.TestMobilePackageAlignment" name="test_other_deps_unchanged[react-native-reanimated-~3.10.1]" time="0.001" /><testcase classname="tests.test_iter90_mobile_sdk_alignment.TestMobilePackageAlignment" name="test_other_deps_unchanged[react-native-safe-area-context-4.10.5]" time="0.001" /><testcase classname="tests.test_iter90_mobile_sdk_alignment.TestMobilePackageAlignment" name="test_other_deps_unchanged[react-native-screens-3.31.1]" time="0.001" /><testcase classname="tests.test_iter90_mobile_sdk_alignment.TestMobilePackageAlignment" name="test_other_deps_unchanged[react-native-url-polyfill-^2.0.0]" time="0.001" /><testcase classname="tests.test_iter90_mobile_sdk_alignment.TestMobilePackageAlignment" name="test_other_deps_unchanged[react-native-web-~0.19.10]" time="0.001" /><testcase classname="tests.test_iter90_mobile_sdk_alignment.TestMobilePackageAlignment" name="test_other_deps_unchanged[@supabase/supabase-js-2.45.4]" time="0.001" /><testcase classname="tests.test_iter90_mobile_sdk_alignment.TestEasBuildGuide" name="test_troubleshooting_substrings_present[Plugin 'expo-module-gradle-plugin' was not found]" time="0.001" /><testcase classname="tests.test_iter90_mobile_sdk_alignment.TestEasBuildGuide" name="test_troubleshooting_substrings_present[npx expo install --check]" time="0.001" /><testcase classname="tests.test_iter90_mobile_sdk_alignment.TestMobileConfigRegression" name="test_app_json_identity" time="0.001" /><testcase classname="tests.test_iter90_mobile_sdk_alignment.TestMobileConfigRegression" name="test_eas_json_has_three_build_profiles" time="0.001" /><testcase classname="tests.test_iter90_mobile_sdk_alignment.TestMobileConfigRegression" name="test_cart_share_testid_present" time="0.001" /><testcase classname="tests.test_iter90_mobile_sdk_alignment.TestMobileConfigRegression" name="test_web_ts_exports" time="0.001" /><testcase classname="tests.test_iter90_mobile_sdk_alignment.TestBackendRegression" name="test_app_config_schema_v2_with_tier_perks" time="7.715" /><testcase classname="tests.test_iter90_mobile_sdk_alignment.TestBackendRegression" name="test_products_returns_catalog" time="0.311" /></testsuite></testsuites>