<?xml version="1.0" encoding="utf-8"?><testsuites name="pytest tests"><testsuite name="pytest" errors="0" failures="0" skipped="0" tests="4" time="10.286" timestamp="2026-08-05T13:35:26.906550+00:00" hostname="agent-env-8031e353-4313-49d6-a4a4-59e634ca4dae"><testcase classname="tests.test_iter73_preorder_integration" name="test_preorder_flow_calculate_and_receipt" time="6.560" /><testcase classname="tests.test_iter73_preorder_integration" name="test_csv_export_respects_filters" time="1.053" /><testcase classname="tests.test_iter73_preorder_integration" name="test_accountant_email_slot_and_digest_send_now" time="2.206" /><testcase classname="tests.test_iter73_preorder_integration" name="test_monthly_rewards_scheduler_boot_log" time="0.001" /></testsuite></testsuites>