<?xml version="1.0" encoding="utf-8"?><testsuites name="pytest tests"><testsuite name="pytest" errors="0" failures="0" skipped="0" tests="17" time="28.776" timestamp="2026-09-26T11:45:05.735098+00:00" hostname="agent-env-be1a659a-16c9-4f90-af18-74161a7c62b1"><testcase classname="tests.test_iter102_aarohmm_audit.TestRenameBackend" name="test_app_config_brand" time="0.181" /><testcase classname="tests.test_iter102_aarohmm_audit.TestRenameBackend" name="test_blog_no_addrika" time="0.160" /><testcase classname="tests.test_iter102_aarohmm_audit.TestB2BRetailer" name="test_catalog" time="0.693" /><testcase classname="tests.test_iter102_aarohmm_audit.TestB2BRetailer" name="test_place_web_order_and_verify_stock" time="5.146" /><testcase classname="tests.test_iter102_aarohmm_audit.TestExternalAPI" name="test_ping" time="0.149" /><testcase classname="tests.test_iter102_aarohmm_audit.TestExternalAPI" name="test_missing_key" time="0.136" /><testcase classname="tests.test_iter102_aarohmm_audit.TestExternalAPI" name="test_retailers_search" time="0.145" /><testcase classname="tests.test_iter102_aarohmm_audit.TestExternalAPI" name="test_catalog_orderable" time="0.185" /><testcase classname="tests.test_iter102_aarohmm_audit.TestExternalAPI" name="test_orders_preview" time="0.148" /><testcase classname="tests.test_iter102_aarohmm_audit.TestExternalAPI" name="test_fsm_order_lifecycle" time="5.224" /><testcase classname="tests.test_iter102_aarohmm_audit.TestExternalAPI" name="test_fractional_lt_half_rejected" time="0.156" /><testcase classname="tests.test_iter102_aarohmm_audit.TestExternalAPI" name="test_oos_rejected" time="0.144" /><testcase classname="tests.test_iter102_aarohmm_audit.TestExternalAPI" name="test_razorpay_link_null" time="4.697" /><testcase classname="tests.test_iter102_aarohmm_audit.TestD2C" name="test_oos_line_returns_409" time="0.167" /><testcase classname="tests.test_iter102_aarohmm_audit.TestHandoffRateLimit" name="test_5_per_min" time="0.911" /><testcase classname="tests.test_iter102_aarohmm_audit.TestAdminB2B" name="test_list_orders" time="2.016" /><testcase classname="tests.test_iter102_aarohmm_audit.TestAdminB2B" name="test_mark_paid_no_double_deduct" time="8.087" /></testsuite></testsuites>