<?xml version="1.0" encoding="utf-8"?><testsuites name="pytest tests"><testsuite name="pytest" errors="0" failures="0" skipped="0" tests="23" time="3.759" timestamp="2026-08-19T16:46:35.426794+00:00" hostname="agent-env-dacde606-dfba-46df-982c-0c66062e380d"><testcase classname="tests.test_iter91_mobile_env_hardening.TestEasJsonShape" name="test_three_profiles_no_env_block" time="0.001" /><testcase classname="tests.test_iter91_mobile_env_hardening.TestEasJsonShape" name="test_no_dollar_template_anywhere_in_eas_json" time="0.001" /><testcase classname="tests.test_iter91_mobile_env_hardening.TestRenderBackendReachability" name="test_app_config_200_with_brand_name" time="0.738" /><testcase classname="tests.test_iter91_mobile_env_hardening.TestRenderBackendReachability" name="test_login_rejects_bad_credentials_with_401" time="0.427" /><testcase classname="tests.test_iter91_mobile_env_hardening.TestRenderBackendReachability" name="test_constructed_url_from_app_json_extra_is_valid" time="0.607" /><testcase classname="tests.test_iter91_mobile_env_hardening.TestResolverLogic" name="test_bad_candidate_falls_through_to_app_json[$EXPO_PUBLIC_API_BASE_URL]" time="0.001" /><testcase classname="tests.test_iter91_mobile_env_hardening.TestResolverLogic" name="test_bad_candidate_falls_through_to_app_json[]" time="0.001" /><testcase classname="tests.test_iter91_mobile_env_hardening.TestResolverLogic" name="test_bad_candidate_falls_through_to_app_json[None]" time="0.001" /><testcase classname="tests.test_iter91_mobile_env_hardening.TestResolverLogic" name="test_bad_candidate_falls_through_to_app_json[  ]" time="0.001" /><testcase classname="tests.test_iter91_mobile_env_hardening.TestResolverLogic" name="test_bad_candidate_falls_through_to_app_json[ftp://x.com]" time="0.001" /><testcase classname="tests.test_iter91_mobile_env_hardening.TestResolverLogic" name="test_bad_candidate_falls_through_to_app_json[addrika.com]" time="0.001" /><testcase classname="tests.test_iter91_mobile_env_hardening.TestResolverLogic" name="test_good_candidate_wins" time="0.000" /><testcase classname="tests.test_iter91_mobile_env_hardening.TestResolverLogic" name="test_all_bad_returns_empty" time="0.000" /><testcase classname="tests.test_iter91_mobile_env_hardening.TestResolverLogic" name="test_anon_key_guard_rejects_dollar_template" time="0.001" /><testcase classname="tests.test_iter91_mobile_env_hardening.TestResolverLogic" name="test_supabase_url_guard_https_only" time="0.000" /><testcase classname="tests.test_iter91_mobile_env_hardening.TestSourceUsesHardenedHelpers" name="test_api_ts_uses_pickurl_and_drops_fragile_chain" time="0.001" /><testcase classname="tests.test_iter91_mobile_env_hardening.TestSourceUsesHardenedHelpers" name="test_supabase_ts_uses_pickhttps_and_pickkey" time="0.001" /><testcase classname="tests.test_iter91_mobile_env_hardening.TestSourceUsesHardenedHelpers" name="test_web_ts_uses_pickhttps_with_centraders_fallback" time="0.001" /><testcase classname="tests.test_iter91_mobile_env_hardening.TestSourceUsesHardenedHelpers" name="test_guide_has_network_request_failed_section" time="0.001" /><testcase classname="tests.test_iter91_mobile_env_hardening.TestAppJsonRegressions" name="test_extra_and_slug_intact" time="0.001" /><testcase classname="tests.test_iter91_mobile_env_hardening.TestAppJsonRegressions" name="test_cart_share_testid_present" time="0.000" /><testcase classname="tests.test_iter91_mobile_env_hardening.TestPreviewHostRegressions" name="test_app_config_schema_v2_with_tier_perks" time="1.442" /><testcase classname="tests.test_iter91_mobile_env_hardening.TestPreviewHostRegressions" name="test_cart_deep_link_page_loads" time="0.300" /></testsuite></testsuites>