<?xml version="1.0" encoding="utf-8"?><testsuites name="pytest tests"><testsuite name="pytest" errors="0" failures="0" skipped="3" tests="12" time="23.188" timestamp="2026-09-26T16:30:00.131908+00:00" hostname="agent-env-17165da0-6ad7-4df2-af06-ee4a0aa8807d"><testcase classname="tests.test_iter110_waitlist_email_notifications.TestHttpAgainstLiveBackend" name="test_signup_records_email_notifications_fields" time="4.257"><skipped type="pytest.skip" message="Live Appyflow rejected synthetic GSTIN (expected); covered by hard-block regression test">/app/backend/tests/test_iter110_waitlist_email_notifications.py:92: Live Appyflow rejected synthetic GSTIN (expected); covered by hard-block regression test</skipped></testcase><testcase classname="tests.test_iter110_waitlist_email_notifications.TestHttpAgainstLiveBackend" name="test_hard_block_when_gst_not_found_provider_up" time="0.524" /><testcase classname="tests.test_iter110_waitlist_email_notifications.TestHttpAgainstLiveBackend" name="test_dedupe_upsert_on_email" time="1.106"><skipped type="pytest.skip" message="Appyflow hard-blocked; dedupe path not reached">/app/backend/tests/test_iter110_waitlist_email_notifications.py:138: Appyflow hard-blocked; dedupe path not reached</skipped></testcase><testcase classname="tests.test_iter110_waitlist_email_notifications.TestHttpAgainstLiveBackend" name="test_admin_endpoint_returns_email_notifications" time="1.043" /><testcase classname="tests.test_iter110_waitlist_email_notifications.TestSpoofingRegressionInProcess" name="test_legal_name_mismatch_400" time="2.453" /><testcase classname="tests.test_iter110_waitlist_email_notifications.TestSpoofingRegressionInProcess" name="test_state_mismatch_400" time="0.009" /><testcase classname="tests.test_iter110_waitlist_email_notifications.TestSpoofingRegressionInProcess" name="test_pincode_mismatch_400" time="0.010" /><testcase classname="tests.test_iter110_waitlist_email_notifications.TestSpoofingRegressionInProcess" name="test_provider_down_soft_passes_and_records_notifications" time="0.680" /><testcase classname="tests.test_iter110_waitlist_email_notifications.TestSpoofingRegressionInProcess" name="test_positive_verified_records_admin_email_status" time="0.852" /><testcase classname="tests.test_iter110_waitlist_email_notifications.TestFailureVisibility" name="test_garbage_resend_key_still_succeeds_but_records_failure" time="10.063"><skipped type="pytest.skip" message="Live Appyflow hard-blocked synthetic GSTIN — email failure path unreachable via HTTP; covered by in-process provider-down test (which exercises the same email_status persistence branch).">/app/backend/tests/test_iter110_waitlist_email_notifications.py:395: Live Appyflow hard-blocked synthetic GSTIN — email failure path unreachable via HTTP; covered by in-process provider-down test (which exercises the same email_status persistence branch).</skipped></testcase><testcase classname="tests.test_iter110_waitlist_email_notifications.TestRetailerLoginRegression" name="test_gstin_login_ok" time="0.300" /><testcase classname="tests.test_iter110_waitlist_email_notifications.TestRetailerLoginRegression" name="test_email_identifier_rejected" time="1.337" /></testsuite></testsuites>