<?xml version="1.0" encoding="utf-8"?><testsuites name="pytest tests"><testsuite name="pytest" errors="0" failures="0" skipped="0" tests="146" time="23.242" timestamp="2026-08-20T13:03:50.900424+00:00" hostname="agent-env-dacde606-dfba-46df-982c-0c66062e380d"><testcase classname="tests.test_iter90_mobile_sdk_alignment.TestMobilePackageAlignment" name="test_expo_web_browser_pinned_to_sdk51" time="0.001" /><testcase classname="tests.test_iter90_mobile_sdk_alignment.TestMobilePackageAlignment" name="test_installed_version_is_13_0_3" time="0.001" /><testcase classname="tests.test_iter90_mobile_sdk_alignment.TestMobilePackageAlignment" name="test_yarn_lock_has_sdk51_entry" time="0.002" /><testcase classname="tests.test_iter90_mobile_sdk_alignment.TestMobilePackageAlignment" name="test_other_deps_unchanged[expo-~51.0.28]" time="0.001" /><testcase classname="tests.test_iter90_mobile_sdk_alignment.TestMobilePackageAlignment" name="test_other_deps_unchanged[react-18.2.0]" time="0.001" /><testcase classname="tests.test_iter90_mobile_sdk_alignment.TestMobilePackageAlignment" name="test_other_deps_unchanged[react-native-0.74.5]" time="0.001" /><testcase classname="tests.test_iter90_mobile_sdk_alignment.TestMobilePackageAlignment" name="test_other_deps_unchanged[expo-router-~3.5.23]" time="0.001" /><testcase classname="tests.test_iter90_mobile_sdk_alignment.TestMobilePackageAlignment" name="test_other_deps_unchanged[expo-constants-~16.0.2]" time="0.001" /><testcase classname="tests.test_iter90_mobile_sdk_alignment.TestMobilePackageAlignment" name="test_other_deps_unchanged[expo-linking-~6.3.1]" time="0.001" /><testcase classname="tests.test_iter90_mobile_sdk_alignment.TestMobilePackageAlignment" name="test_other_deps_unchanged[expo-secure-store-~13.0.2]" time="0.001" /><testcase classname="tests.test_iter90_mobile_sdk_alignment.TestMobilePackageAlignment" name="test_other_deps_unchanged[expo-status-bar-~1.12.1]" time="0.001" /><testcase classname="tests.test_iter90_mobile_sdk_alignment.TestMobilePackageAlignment" name="test_other_deps_unchanged[@react-native-async-storage/async-storage-1.23.1]" time="0.001" /><testcase classname="tests.test_iter90_mobile_sdk_alignment.TestMobilePackageAlignment" name="test_other_deps_unchanged[react-native-gesture-handler-~2.16.1]" time="0.001" /><testcase classname="tests.test_iter90_mobile_sdk_alignment.TestMobilePackageAlignment" name="test_other_deps_unchanged[react-native-reanimated-~3.10.1]" time="0.001" /><testcase classname="tests.test_iter90_mobile_sdk_alignment.TestMobilePackageAlignment" name="test_other_deps_unchanged[react-native-safe-area-context-4.10.5]" time="0.001" /><testcase classname="tests.test_iter90_mobile_sdk_alignment.TestMobilePackageAlignment" name="test_other_deps_unchanged[react-native-screens-3.31.1]" time="0.001" /><testcase classname="tests.test_iter90_mobile_sdk_alignment.TestMobilePackageAlignment" name="test_other_deps_unchanged[react-native-url-polyfill-^2.0.0]" time="0.001" /><testcase classname="tests.test_iter90_mobile_sdk_alignment.TestMobilePackageAlignment" name="test_other_deps_unchanged[react-native-web-~0.19.10]" time="0.001" /><testcase classname="tests.test_iter90_mobile_sdk_alignment.TestMobilePackageAlignment" name="test_other_deps_unchanged[@supabase/supabase-js-2.45.4]" time="0.001" /><testcase classname="tests.test_iter90_mobile_sdk_alignment.TestEasBuildGuide" name="test_troubleshooting_substrings_present[Plugin 'expo-module-gradle-plugin' was not found]" time="0.001" /><testcase classname="tests.test_iter90_mobile_sdk_alignment.TestEasBuildGuide" name="test_troubleshooting_substrings_present[npx expo install --check]" time="0.001" /><testcase classname="tests.test_iter90_mobile_sdk_alignment.TestMobileConfigRegression" name="test_app_json_identity" time="0.001" /><testcase classname="tests.test_iter90_mobile_sdk_alignment.TestMobileConfigRegression" name="test_eas_json_has_three_build_profiles" time="0.001" /><testcase classname="tests.test_iter90_mobile_sdk_alignment.TestMobileConfigRegression" name="test_cart_share_testid_present" time="0.001" /><testcase classname="tests.test_iter90_mobile_sdk_alignment.TestMobileConfigRegression" name="test_web_ts_exports" time="0.001" /><testcase classname="tests.test_iter90_mobile_sdk_alignment.TestBackendRegression" name="test_app_config_schema_v2_with_tier_perks" time="2.664" /><testcase classname="tests.test_iter90_mobile_sdk_alignment.TestBackendRegression" name="test_products_returns_catalog" time="0.189" /><testcase classname="tests.test_iter91_mobile_env_hardening.TestEasJsonShape" name="test_three_profiles_no_env_block" time="0.001" /><testcase classname="tests.test_iter91_mobile_env_hardening.TestEasJsonShape" name="test_no_dollar_template_anywhere_in_eas_json" time="0.001" /><testcase classname="tests.test_iter91_mobile_env_hardening.TestRenderBackendReachability" name="test_app_config_200_with_brand_name" time="0.646" /><testcase classname="tests.test_iter91_mobile_env_hardening.TestRenderBackendReachability" name="test_login_rejects_bad_credentials_with_401" time="0.462" /><testcase classname="tests.test_iter91_mobile_env_hardening.TestRenderBackendReachability" name="test_constructed_url_from_app_json_extra_is_valid" time="0.724" /><testcase classname="tests.test_iter91_mobile_env_hardening.TestResolverLogic" name="test_bad_candidate_falls_through_to_app_json[$EXPO_PUBLIC_API_BASE_URL]" time="0.002" /><testcase classname="tests.test_iter91_mobile_env_hardening.TestResolverLogic" name="test_bad_candidate_falls_through_to_app_json[]" time="0.002" /><testcase classname="tests.test_iter91_mobile_env_hardening.TestResolverLogic" name="test_bad_candidate_falls_through_to_app_json[None]" time="0.001" /><testcase classname="tests.test_iter91_mobile_env_hardening.TestResolverLogic" name="test_bad_candidate_falls_through_to_app_json[  ]" time="0.001" /><testcase classname="tests.test_iter91_mobile_env_hardening.TestResolverLogic" name="test_bad_candidate_falls_through_to_app_json[ftp://x.com]" time="0.002" /><testcase classname="tests.test_iter91_mobile_env_hardening.TestResolverLogic" name="test_bad_candidate_falls_through_to_app_json[addrika.com]" time="0.001" /><testcase classname="tests.test_iter91_mobile_env_hardening.TestResolverLogic" name="test_good_candidate_wins" time="0.001" /><testcase classname="tests.test_iter91_mobile_env_hardening.TestResolverLogic" name="test_all_bad_returns_empty" time="0.001" /><testcase classname="tests.test_iter91_mobile_env_hardening.TestResolverLogic" name="test_anon_key_guard_rejects_dollar_template" time="0.001" /><testcase classname="tests.test_iter91_mobile_env_hardening.TestResolverLogic" name="test_supabase_url_guard_https_only" time="0.001" /><testcase classname="tests.test_iter91_mobile_env_hardening.TestSourceUsesHardenedHelpers" name="test_api_ts_uses_pickurl_and_drops_fragile_chain" time="0.001" /><testcase classname="tests.test_iter91_mobile_env_hardening.TestSourceUsesHardenedHelpers" name="test_supabase_ts_uses_pickhttps_and_pickkey" time="0.001" /><testcase classname="tests.test_iter91_mobile_env_hardening.TestSourceUsesHardenedHelpers" name="test_web_ts_uses_pickhttps_with_centraders_fallback" time="0.001" /><testcase classname="tests.test_iter91_mobile_env_hardening.TestSourceUsesHardenedHelpers" name="test_guide_has_network_request_failed_section" time="0.001" /><testcase classname="tests.test_iter91_mobile_env_hardening.TestAppJsonRegressions" name="test_extra_and_slug_intact" time="0.001" /><testcase classname="tests.test_iter91_mobile_env_hardening.TestAppJsonRegressions" name="test_cart_share_testid_present" time="0.001" /><testcase classname="tests.test_iter91_mobile_env_hardening.TestPreviewHostRegressions" name="test_app_config_schema_v2_with_tier_perks" time="0.219" /><testcase classname="tests.test_iter91_mobile_env_hardening.TestPreviewHostRegressions" name="test_cart_deep_link_page_loads" time="0.203" /><testcase classname="tests.test_iter92_mobile_hotfix.TestWebTsDeepLinks" name="test_customer_signup_targets_register_page" time="0.001" /><testcase classname="tests.test_iter92_mobile_hotfix.TestWebTsDeepLinks" name="test_retailer_signup_still_targets_homepage" time="0.001" /><testcase classname="tests.test_iter92_mobile_hotfix.TestWebTsDeepLinks" name="test_login_screen_imports_both_signup_helpers" time="0.001" /><testcase classname="tests.test_iter92_mobile_hotfix.TestWebTsDeepLinks" name="test_open_web_checkout_customer_path_is_cart" time="0.001" /><testcase classname="tests.test_iter92_mobile_hotfix.TestWebTsDeepLinks" name="test_shareable_cart_url_uses_mobile_share_tag" time="0.001" /><testcase classname="tests.test_iter92_mobile_hotfix.TestApiTsErrorSurfacing" name="test_network_error_embeds_attempted_url" time="0.001" /><testcase classname="tests.test_iter92_mobile_hotfix.TestApiTsErrorSurfacing" name="test_plain_network_error_suffix_pattern_is_gone" time="0.001" /><testcase classname="tests.test_iter92_mobile_hotfix.TestApiTsErrorSurfacing" name="test_pick_url_guard_retained" time="0.001" /><testcase classname="tests.test_iter92_mobile_hotfix" name="test_centraders_routes_reachable[/register]" time="0.314" /><testcase classname="tests.test_iter92_mobile_hotfix" name="test_centraders_routes_reachable[/cart]" time="0.169" /><testcase classname="tests.test_iter92_mobile_hotfix" name="test_centraders_routes_reachable[/api/products]" time="0.453" /><testcase classname="tests.test_iter92_mobile_hotfix" name="test_centraders_routes_reachable[/api/app/config]" time="0.646" /><testcase classname="tests.test_iter92_mobile_hotfix" name="test_deployed_chunks_are_stale_no_mobile_share_handler" time="1.970" /><testcase classname="tests.test_iter92_mobile_hotfix.TestRenderBackend" name="test_app_config_returns_brand_name" time="0.669" /><testcase classname="tests.test_iter92_mobile_hotfix.TestRenderBackend" name="test_login_rejects_bogus_credentials_with_401" time="0.488" /><testcase classname="tests.test_iter92_mobile_hotfix.TestBuildConfigRegressions" name="test_eas_json_has_no_env_block" time="0.001" /><testcase classname="tests.test_iter92_mobile_hotfix.TestBuildConfigRegressions" name="test_app_json_extras_intact" time="0.001" /><testcase classname="tests.test_iter92_mobile_hotfix.TestBuildConfigRegressions" name="test_cart_screen_wiring_unchanged" time="0.001" /><testcase classname="tests.test_iter92_mobile_hotfix.TestBuildConfigRegressions" name="test_cart_context_honours_both_mobile_link_flavours" time="0.001" /><testcase classname="tests.test_iter92_mobile_hotfix" name="test_mobile_typecheck_passes" time="5.525" /><testcase classname="tests.test_iter92_mobile_hotfix" name="test_frontend_next_brand_audit_passes" time="0.655" /><testcase classname="tests.test_iter93_mobile_login_ux_and_products_migration.TestMobileForgotPasswordLink" name="test_pressable_with_testid_exists" time="0.001" /><testcase classname="tests.test_iter93_mobile_login_ux_and_products_migration.TestMobileForgotPasswordLink" name="test_ternary_targets_correct_urls" time="0.001" /><testcase classname="tests.test_iter93_mobile_login_ux_and_products_migration.TestMobileForgotPasswordLink" name="test_openweburl_imported_once" time="0.001" /><testcase classname="tests.test_iter93_mobile_login_ux_and_products_migration.TestMobileFriendlyErrorMapper" name="test_invalid_credentials_branch" time="0.001" /><testcase classname="tests.test_iter93_mobile_login_ux_and_products_migration.TestMobileFriendlyErrorMapper" name="test_google_login_branch" time="0.001" /><testcase classname="tests.test_iter93_mobile_login_ux_and_products_migration.TestMobileFriendlyErrorMapper" name="test_other_errors_fall_through_unchanged" time="0.001" /><testcase classname="tests.test_iter93_mobile_login_ux_and_products_migration.TestMobileFriendlyErrorMapper" name="test_api_error_string_shape_matches_regexes" time="0.001" /><testcase classname="tests.test_iter93_mobile_login_ux_and_products_migration.TestMobileWebHelpers" name="test_exports_intact" time="0.001" /><testcase classname="tests.test_iter93_mobile_login_ux_and_products_migration.TestMobileWebHelpers" name="test_customer_checkout_path_is_cart" time="0.000" /><testcase classname="tests.test_iter93_mobile_login_ux_and_products_migration.TestMobileWebHelpers" name="test_share_url_uses_mobile_share_marker" time="0.000" /><testcase classname="tests.test_iter93_mobile_login_ux_and_products_migration.TestEasBuildGuide" name="test_contains_needle[Bambooless]" time="0.001" /><testcase classname="tests.test_iter93_mobile_login_ux_and_products_migration.TestEasBuildGuide" name="test_contains_needle[Iter82 tombstone]" time="0.001" /><testcase classname="tests.test_iter93_mobile_login_ux_and_products_migration.TestEasBuildGuide" name="test_contains_needle[Forgot password?]" time="0.001" /><testcase classname="tests.test_iter93_mobile_login_ux_and_products_migration.TestEasBuildGuide" name="test_contains_needle[Preview and prod have separate Mongo]" time="0.001" /><testcase classname="tests.test_iter93_mobile_login_ux_and_products_migration.TestEasBuildGuide" name="test_contains_needle[Network request failed]" time="0.001" /><testcase classname="tests.test_iter93_mobile_login_ux_and_products_migration.TestEasBuildGuide" name="test_contains_needle[mobile-share]" time="0.001" /><testcase classname="tests.test_iter93_mobile_login_ux_and_products_migration.TestMobileConfigFiles" name="test_app_json" time="0.001" /><testcase classname="tests.test_iter93_mobile_login_ux_and_products_migration.TestMobileConfigFiles" name="test_eas_json_three_profiles_no_env" time="0.001" /><testcase classname="tests.test_iter93_mobile_login_ux_and_products_migration.TestMobileConfigFiles" name="test_cart_share_testid_present" time="0.001" /><testcase classname="tests.test_iter93_mobile_login_ux_and_products_migration.TestPreviewProductsMigration" name="test_nine_products_with_belpatra" time="0.529" /><testcase classname="tests.test_iter93_mobile_login_ux_and_products_migration.TestPreviewProductsMigration" name="test_app_config_schema_v2" time="0.206" /><testcase classname="tests.test_iter93_mobile_login_ux_and_products_migration.TestRenderProdExpectedStale" name="test_render_reachable" time="0.711" /><testcase classname="tests.test_iter93_mobile_login_ux_and_products_migration.TestRenderProdExpectedStale" name="test_render_login_rejects_bad_creds" time="0.433" /><testcase classname="tests.test_iter93_mobile_login_ux_and_products_migration.TestRenderProdExpectedStale" name="test_render_products_still_stale" time="0.633" /><testcase classname="tests.test_iter93_mobile_login_ux_and_products_migration.TestProdWebDestinations" name="test_page_returns_200[/forgot-password]" time="0.257" /><testcase classname="tests.test_iter93_mobile_login_ux_and_products_migration.TestProdWebDestinations" name="test_page_returns_200[/retailer/login]" time="0.273" /><testcase classname="tests.test_iter93_mobile_login_ux_and_products_migration.TestProdWebDestinations" name="test_page_returns_200[/register]" time="0.222" /><testcase classname="tests.test_iter93_mobile_login_ux_and_products_migration.TestProdWebDestinations" name="test_page_returns_200[/cart]" time="0.219" /><testcase classname="tests.test_iter94_brand_audit_hardening.TestBrandAudit" name="test_audit_clean_on_current_tree" time="0.231" /><testcase classname="tests.test_iter94_brand_audit_hardening.TestBrandAudit" name="test_literal_template_rule_catches_quoted_string" time="0.323" /><testcase classname="tests.test_iter94_brand_audit_hardening.TestBrandAudit" name="test_strip_comments_preserves_newline_offsets" time="0.323" /><testcase classname="tests.test_iter94_brand_audit_hardening.TestBrandAudit" name="test_literal_rule_catches_multiline_jsx_text" time="0.156" /><testcase classname="tests.test_iter94_brand_audit_hardening.TestFrontendLiteralTemplateFixes" name="test_no_quoted_literal_template[app/retailer/login/page.js]" time="0.003" /><testcase classname="tests.test_iter94_brand_audit_hardening.TestFrontendLiteralTemplateFixes" name="test_no_quoted_literal_template[app/checkout/page.js]" time="0.002" /><testcase classname="tests.test_iter94_brand_audit_hardening.TestFrontendLiteralTemplateFixes" name="test_no_quoted_literal_template[app/blog/[slug]/page.js]" time="0.002" /><testcase classname="tests.test_iter94_brand_audit_hardening.TestFrontendLiteralTemplateFixes" name="test_no_quoted_literal_template[app/find-retailers/page.js]" time="0.002" /><testcase classname="tests.test_iter94_brand_audit_hardening.TestFrontendLiteralTemplateFixes" name="test_no_quoted_literal_template[app/low-smoke-incense/page.js]" time="0.002" /><testcase classname="tests.test_iter94_brand_audit_hardening.TestFrontendLiteralTemplateFixes" name="test_no_quoted_literal_template[app/products/[slug]/page.js]" time="0.002" /><testcase classname="tests.test_iter94_brand_audit_hardening.TestFrontendLiteralTemplateFixes" name="test_no_quoted_literal_template[app/retailer/b2b/orders/[order_id]/page.js]" time="0.001" /><testcase classname="tests.test_iter94_brand_audit_hardening.TestFrontendLiteralTemplateFixes" name="test_no_quoted_literal_template[components/NudgeComposerModal.js]" time="0.002" /><testcase classname="tests.test_iter94_brand_audit_hardening.TestFrontendLiteralTemplateFixes" name="test_no_quoted_literal_template[components/RetailerMap.js]" time="0.002" /><testcase classname="tests.test_iter94_brand_audit_hardening.TestFrontendLiteralTemplateFixes" name="test_no_quoted_literal_template[components/ZohoSyncHealthCard.js]" time="0.002" /><testcase classname="tests.test_iter94_brand_audit_hardening.TestFrontendLiteralTemplateFixes" name="test_retailer_login_uses_jsx_brand_name" time="0.002" /><testcase classname="tests.test_iter94_brand_audit_hardening.TestFrontendLiteralTemplateFixes" name="test_no_stray_dollar_before_brand_name_in_jsx" time="0.306" /><testcase classname="tests.test_iter94_brand_audit_hardening.TestMobileWhatsAppHelper" name="test_open_whatsapp_to_exported" time="0.001" /><testcase classname="tests.test_iter94_brand_audit_hardening.TestMobileWhatsAppHelper" name="test_share_cart_still_intact" time="0.001" /><testcase classname="tests.test_iter94_brand_audit_hardening.TestMobileLoginForgotPassword" name="test_import_and_branches" time="0.001" /><testcase classname="tests.test_iter94_brand_audit_hardening.TestMobileLoginForgotPassword" name="test_label_switches_per_tab" time="0.000" /><testcase classname="tests.test_iter94_brand_audit_hardening.TestMobileLoginForgotPassword" name="test_error_copy_mentions_mobile_number" time="0.001" /><testcase classname="tests.test_iter94_brand_audit_hardening.TestPreviewHost" name="test_retailer_login_html_has_no_literal" time="0.221" /><testcase classname="tests.test_iter94_brand_audit_hardening.TestPreviewHost" name="test_low_smoke_incense_html_has_no_literal" time="0.237" /><testcase classname="tests.test_iter94_brand_audit_hardening.TestPreviewHost" name="test_app_config_schema_v2" time="0.215" /><testcase classname="tests.test_iter94_brand_audit_hardening.TestPreviewHost" name="test_products_catalogue" time="0.197" /><testcase classname="tests.test_iter95_multiline_jsx_brand_fix.TestNoBacktickLessLiterals" name="test_whole_tree_has_no_backtickless_literal" time="0.045" /><testcase classname="tests.test_iter95_multiline_jsx_brand_fix.TestNoBacktickLessLiterals" name="test_patched_file_clean[app/our-quality/page.js]" time="0.001" /><testcase classname="tests.test_iter95_multiline_jsx_brand_fix.TestNoBacktickLessLiterals" name="test_patched_file_clean[app/why-choose-addrika/page.js]" time="0.002" /><testcase classname="tests.test_iter95_multiline_jsx_brand_fix.TestNoBacktickLessLiterals" name="test_patched_file_clean[app/why-zero-charcoal/page.js]" time="0.001" /><testcase classname="tests.test_iter95_multiline_jsx_brand_fix.TestNoBacktickLessLiterals" name="test_patched_file_clean[app/ingredients/page.js]" time="0.002" /><testcase classname="tests.test_iter95_multiline_jsx_brand_fix.TestNoBacktickLessLiterals" name="test_patched_file_clean[app/low-smoke-incense/page.js]" time="0.001" /><testcase classname="tests.test_iter95_multiline_jsx_brand_fix.TestNoBacktickLessLiterals" name="test_patched_file_clean[app/find-retailers/page.js]" time="0.001" /><testcase classname="tests.test_iter95_multiline_jsx_brand_fix.TestNoBacktickLessLiterals" name="test_patched_file_clean[app/blog/page.js]" time="0.001" /><testcase classname="tests.test_iter95_multiline_jsx_brand_fix.TestNoBacktickLessLiterals" name="test_patched_file_clean[app/community/page.js]" time="0.001" /><testcase classname="tests.test_iter95_multiline_jsx_brand_fix.TestNoBacktickLessLiterals" name="test_patched_file_clean[app/retailer/admin-chat/page.js]" time="0.001" /><testcase classname="tests.test_iter95_multiline_jsx_brand_fix.TestNoBacktickLessLiterals" name="test_patched_file_clean[app/retailer/bills/page.js]" time="0.001" /><testcase classname="tests.test_iter95_multiline_jsx_brand_fix.TestNoBacktickLessLiterals" name="test_patched_file_clean[app/retailer/b2b/rewards/page.js]" time="0.001" /><testcase classname="tests.test_iter95_multiline_jsx_brand_fix.TestNoBacktickLessLiterals" name="test_patched_file_clean[components/CSRSection.js]" time="0.001" /><testcase classname="tests.test_iter95_multiline_jsx_brand_fix.TestNoBacktickLessLiterals" name="test_patched_file_clean[components/NudgeComposerModal.js]" time="0.001" /><testcase classname="tests.test_iter95_multiline_jsx_brand_fix.TestBrandAuditRuleB" name="test_audit_clean_on_current_tree" time="0.142" /><testcase classname="tests.test_iter95_multiline_jsx_brand_fix.TestBrandAuditRuleB" name="test_audit_catches_multiline_jsx_probe" time="0.365" /><testcase classname="tests.test_iter95_multiline_jsx_brand_fix.TestMobileLoginCopy" name="test_error_copy_matches_button_label" time="0.001" /><testcase classname="tests.test_iter95_multiline_jsx_brand_fix.TestMobileLoginCopy" name="test_whatsapp_message_uses_brand_constant" time="0.001" /><testcase classname="tests.test_iter95_multiline_jsx_brand_fix.TestMobileConfigUnchanged" name="test_app_json" time="0.001" /><testcase classname="tests.test_iter95_multiline_jsx_brand_fix.TestMobileConfigUnchanged" name="test_eas_json_has_no_env_blocks" time="0.001" /><testcase classname="tests.test_iter95_multiline_jsx_brand_fix.TestBackendRegressions" name="test_app_config" time="0.223" /><testcase classname="tests.test_iter95_multiline_jsx_brand_fix.TestBackendRegressions" name="test_products" time="0.209" /></testsuite></testsuites>