<?xml version="1.0" encoding="utf-8"?><testsuites name="pytest tests"><testsuite name="pytest" errors="0" failures="0" skipped="0" tests="15" time="27.444" timestamp="2026-09-26T14:04:42.347330+00:00" hostname="agent-env-be1a659a-16c9-4f90-af18-74161a7c62b1"><testcase classname="backend.tests.test_iter106_gstin_login" name="test_login_by_gstin" time="1.434" /><testcase classname="backend.tests.test_iter106_gstin_login" name="test_login_legacy_body_field_username_carries_gstin" time="1.102" /><testcase classname="backend.tests.test_iter106_gstin_login" name="test_login_legacy_body_field_email_carries_gstin" time="1.077" /><testcase classname="backend.tests.test_iter106_gstin_login" name="test_legacy_username_allowlist_still_works" time="1.273" /><testcase classname="backend.tests.test_iter106_gstin_login" name="test_email_login_rejected" time="0.470" /><testcase classname="backend.tests.test_iter106_gstin_login" name="test_malformed_identifier_400" time="0.539" /><testcase classname="backend.tests.test_iter106_gstin_login" name="test_unknown_gstin_returns_401_non_leaky" time="0.623" /><testcase classname="backend.tests.test_iter106_gstin_login" name="test_wrong_password_returns_same_401" time="1.312" /><testcase classname="backend.tests.test_iter106_gstin_login" name="test_lockout_after_10_failures" time="12.103" /><testcase classname="backend.tests.test_iter106_gstin_login" name="test_session_via_cookie" time="2.293" /><testcase classname="backend.tests.test_iter106_gstin_login" name="test_register_duplicate_gstin_409" time="1.154" /><testcase classname="backend.tests.test_iter106_gstin_login" name="test_ensure_gstin_usernames_migration_state" time="0.014" /><testcase classname="backend.tests.test_iter106_gstin_login" name="test_phone_otp_login_send" time="0.326" /><testcase classname="backend.tests.test_iter106_gstin_login" name="test_handoff_create_and_consume" time="1.650" /><testcase classname="backend.tests.test_iter106_gstin_login" name="test_d2c_login_endpoint_still_present" time="0.301" /></testsuite></testsuites>