<?xml version="1.0" encoding="utf-8"?><testsuites name="pytest tests"><testsuite name="pytest" errors="0" failures="0" skipped="0" tests="12" time="2.883" timestamp="2026-08-05T13:30:55.994893+00:00" hostname="agent-env-8031e353-4313-49d6-a4a4-59e634ca4dae"><testcase classname="tests.test_preorder_monthly_digest" name="test_token_amount_is_exactly_half" time="0.002" /><testcase classname="tests.test_preorder_monthly_digest" name="test_token_amount_none_safe" time="0.002" /><testcase classname="tests.test_preorder_monthly_digest" name="test_is_preorder_eligible_out_of_stock" time="0.001" /><testcase classname="tests.test_preorder_monthly_digest" name="test_is_preorder_eligible_zero_stock_regardless_of_status" time="0.005" /><testcase classname="tests.test_preorder_monthly_digest" name="test_is_preorder_not_eligible_when_in_stock" time="0.002" /><testcase classname="tests.test_preorder_monthly_digest" name="test_stamp_terms_acceptance_sets_all_fields" time="0.002" /><testcase classname="tests.test_preorder_monthly_digest" name="test_terms_text_contains_all_six_clauses" time="0.004" /><testcase classname="tests.test_preorder_monthly_digest" name="test_preorder_receipt_pdf_renders" time="0.035" /><testcase classname="tests.test_preorder_monthly_digest" name="test_preorder_receipt_pdf_handles_empty_items" time="0.021" /><testcase classname="tests.test_preorder_monthly_digest" name="test_send_statement_to_retailer_skips_no_email" time="0.241" /><testcase classname="tests.test_preorder_monthly_digest" name="test_monthly_digest_emails_every_retailer_with_email" time="1.443" /><testcase classname="tests.test_preorder_monthly_digest" name="test_monthly_digest_dedupes_per_calendar_month" time="0.181" /></testsuite></testsuites>