<?xml version="1.0" encoding="utf-8"?><testsuites name="pytest tests"><testsuite name="pytest" errors="0" failures="0" skipped="0" tests="15" time="4.052" timestamp="2026-08-23T11:56:03.683591+00:00" hostname="agent-env-3dc659d2-3da0-4691-b812-8e8a1d34132e"><testcase classname="tests.test_iter99_gst_hardblock.TestGstLookup" name="test_lookup_user_error_returns_provider_down_false" time="1.486" /><testcase classname="tests.test_iter99_gst_hardblock.TestGstLookup" name="test_lookup_bad_format_400" time="0.045" /><testcase classname="tests.test_iter99_gst_hardblock.TestWaitlistHardBlock" name="test_invalid_gstin_hard_blocked_400" time="1.000" /><testcase classname="tests.test_iter99_gst_hardblock.TestWaitlistHardBlock" name="test_not_persisted_after_hard_block" time="1.020" /><testcase classname="tests.test_iter99_gst_hardblock.TestWaitlistHardBlock" name="test_malformed_gstin_400" time="0.045" /><testcase classname="tests.test_iter99_gst_hardblock.TestWaitlistHardBlock" name="test_missing_required_fields_422" time="0.044" /><testcase classname="tests.test_iter99_gst_hardblock.TestProviderOutageClassifier" name="test_outage_true[GST verification service is temporarily under maintenance. Please try again in a few minutes.]" time="0.199" /><testcase classname="tests.test_iter99_gst_hardblock.TestProviderOutageClassifier" name="test_outage_true[GST verification credits exhausted. Please contact Addrika support to top up.]" time="0.001" /><testcase classname="tests.test_iter99_gst_hardblock.TestProviderOutageClassifier" name="test_outage_true[Verification service timeout]" time="0.002" /><testcase classname="tests.test_iter99_gst_hardblock.TestProviderOutageClassifier" name="test_outage_true[GST verification API not configured]" time="0.001" /><testcase classname="tests.test_iter99_gst_hardblock.TestProviderOutageClassifier" name="test_outage_true[All GST providers failed]" time="0.002" /><testcase classname="tests.test_iter99_gst_hardblock.TestProviderOutageClassifier" name="test_outage_true[GST verification key invalid. Admin: update the Appyflow key in Integrations.]" time="0.001" /><testcase classname="tests.test_iter99_gst_hardblock.TestProviderOutageClassifier" name="test_outage_false[GSTIN not found in the GSTN database. Please check the number and try again.]" time="0.002" /><testcase classname="tests.test_iter99_gst_hardblock.TestProviderOutageClassifier" name="test_outage_false[Invalid GST number format]" time="0.001" /><testcase classname="tests.test_iter99_gst_hardblock.TestProviderOutageClassifier" name="test_outage_false[]" time="0.004" /></testsuite></testsuites>