<?xml version="1.0" encoding="utf-8"?><testsuites name="pytest tests"><testsuite name="pytest" errors="0" failures="1" skipped="0" tests="13" time="48.104" timestamp="2026-09-21T14:43:04.542821+00:00" hostname="agent-env-3dc659d2-3da0-4691-b812-8e8a1d34132e"><testcase classname="backend.tests.test_iter101_otp_apikeys.TestOtpLogin" name="test_login_send_otp_unregistered_returns_404" time="5.693" /><testcase classname="backend.tests.test_iter101_otp_apikeys.TestOtpLogin" name="test_login_send_otp_bad_length_returns_400" time="0.255"><failure message="AssertionError: expected 400, got 422: {&quot;detail&quot;:[{&quot;type&quot;:&quot;string_too_short&quot;,&quot;loc&quot;:[&quot;body&quot;,&quot;phone&quot;],&quot;msg&quot;:&quot;String should have at least 6 characters&quot;,&quot;input&quot;:&quot;12345&quot;,&quot;ctx&quot;:{&quot;min_length&quot;:6},&quot;url&quot;:&quot;https://errors.pydantic.dev/2.12/v/string_too_short&quot;}]}&#10;assert 422 == 400&#10; +  where 422 = &lt;Response [422]&gt;.status_code">backend/tests/test_iter101_otp_apikeys.py:67: in test_login_send_otp_bad_length_returns_400
    assert r.status_code == 400, f"expected 400, got {r.status_code}: {r.text}"
E   AssertionError: expected 400, got 422: {"detail":[{"type":"string_too_short","loc":["body","phone"],"msg":"String should have at least 6 characters","input":"12345","ctx":{"min_length":6},"url":"https://errors.pydantic.dev/2.12/v/string_too_short"}]}
E   assert 422 == 400
E    +  where 422 = &lt;Response [422]&gt;.status_code</failure></testcase><testcase classname="backend.tests.test_iter101_otp_apikeys.TestOtpLogin" name="test_login_send_and_verify_registered" time="34.287" /><testcase classname="backend.tests.test_iter101_otp_apikeys.TestPasswordLoginRegression" name="test_password_login_still_works" time="1.270" /><testcase classname="backend.tests.test_iter101_otp_apikeys.TestExternalApiAuth" name="test_ping_without_key_401" time="0.430" /><testcase classname="backend.tests.test_iter101_otp_apikeys.TestExternalApiAuth" name="test_stock_without_key_401" time="0.484" /><testcase classname="backend.tests.test_iter101_otp_apikeys.TestApiKeysAdmin" name="test_create_key" time="2.988" /><testcase classname="backend.tests.test_iter101_otp_apikeys.TestApiKeysAdmin" name="test_list_keys_contains_created" time="0.231" /><testcase classname="backend.tests.test_iter101_otp_apikeys.TestApiKeysAdmin" name="test_ping_with_key_200" time="0.190" /><testcase classname="backend.tests.test_iter101_otp_apikeys.TestApiKeysAdmin" name="test_stock_list_with_key_200" time="0.522" /><testcase classname="backend.tests.test_iter101_otp_apikeys.TestApiKeysAdmin" name="test_revoke_key" time="0.214" /><testcase classname="backend.tests.test_iter101_otp_apikeys.TestApiKeysAdmin" name="test_revoked_key_rejected" time="0.197" /><testcase classname="backend.tests.test_iter101_otp_apikeys.TestApiKeysAdmin" name="test_delete_key" time="0.382" /></testsuite></testsuites>