<?xml version="1.0" encoding="utf-8"?><testsuites name="pytest tests"><testsuite name="pytest" errors="0" failures="0" skipped="0" tests="99" time="17.137" timestamp="2026-08-20T09:35:41.883533+00:00" hostname="agent-env-dacde606-dfba-46df-982c-0c66062e380d"><testcase classname="tests.test_iter93_mobile_login_ux_and_products_migration.TestMobileForgotPasswordLink" name="test_pressable_with_testid_exists" time="0.001" /><testcase classname="tests.test_iter93_mobile_login_ux_and_products_migration.TestMobileForgotPasswordLink" name="test_ternary_targets_correct_urls" time="0.000" /><testcase classname="tests.test_iter93_mobile_login_ux_and_products_migration.TestMobileForgotPasswordLink" name="test_openweburl_imported_once" time="0.000" /><testcase classname="tests.test_iter93_mobile_login_ux_and_products_migration.TestMobileFriendlyErrorMapper" name="test_invalid_credentials_branch" time="0.000" /><testcase classname="tests.test_iter93_mobile_login_ux_and_products_migration.TestMobileFriendlyErrorMapper" name="test_google_login_branch" time="0.000" /><testcase classname="tests.test_iter93_mobile_login_ux_and_products_migration.TestMobileFriendlyErrorMapper" name="test_other_errors_fall_through_unchanged" time="0.000" /><testcase classname="tests.test_iter93_mobile_login_ux_and_products_migration.TestMobileFriendlyErrorMapper" name="test_api_error_string_shape_matches_regexes" time="0.000" /><testcase classname="tests.test_iter93_mobile_login_ux_and_products_migration.TestMobileWebHelpers" name="test_exports_intact" time="0.001" /><testcase classname="tests.test_iter93_mobile_login_ux_and_products_migration.TestMobileWebHelpers" name="test_customer_checkout_path_is_cart" time="0.000" /><testcase classname="tests.test_iter93_mobile_login_ux_and_products_migration.TestMobileWebHelpers" name="test_share_url_uses_mobile_share_marker" time="0.000" /><testcase classname="tests.test_iter93_mobile_login_ux_and_products_migration.TestEasBuildGuide" name="test_contains_needle[Bambooless]" time="0.001" /><testcase classname="tests.test_iter93_mobile_login_ux_and_products_migration.TestEasBuildGuide" name="test_contains_needle[Iter82 tombstone]" time="0.000" /><testcase classname="tests.test_iter93_mobile_login_ux_and_products_migration.TestEasBuildGuide" name="test_contains_needle[Forgot password?]" time="0.000" /><testcase classname="tests.test_iter93_mobile_login_ux_and_products_migration.TestEasBuildGuide" name="test_contains_needle[Preview and prod have separate Mongo]" time="0.001" /><testcase classname="tests.test_iter93_mobile_login_ux_and_products_migration.TestEasBuildGuide" name="test_contains_needle[Network request failed]" time="0.001" /><testcase classname="tests.test_iter93_mobile_login_ux_and_products_migration.TestEasBuildGuide" name="test_contains_needle[mobile-share]" time="0.000" /><testcase classname="tests.test_iter93_mobile_login_ux_and_products_migration.TestMobileConfigFiles" name="test_app_json" time="0.001" /><testcase classname="tests.test_iter93_mobile_login_ux_and_products_migration.TestMobileConfigFiles" name="test_eas_json_three_profiles_no_env" time="0.001" /><testcase classname="tests.test_iter93_mobile_login_ux_and_products_migration.TestMobileConfigFiles" name="test_cart_share_testid_present" time="0.001" /><testcase classname="tests.test_iter93_mobile_login_ux_and_products_migration.TestPreviewProductsMigration" name="test_nine_products_with_belpatra" time="2.718" /><testcase classname="tests.test_iter93_mobile_login_ux_and_products_migration.TestPreviewProductsMigration" name="test_app_config_schema_v2" time="0.238" /><testcase classname="tests.test_iter93_mobile_login_ux_and_products_migration.TestRenderProdExpectedStale" name="test_render_reachable" time="0.662" /><testcase classname="tests.test_iter93_mobile_login_ux_and_products_migration.TestRenderProdExpectedStale" name="test_render_login_rejects_bad_creds" time="0.422" /><testcase classname="tests.test_iter93_mobile_login_ux_and_products_migration.TestRenderProdExpectedStale" name="test_render_products_still_stale" time="0.458" /><testcase classname="tests.test_iter93_mobile_login_ux_and_products_migration.TestProdWebDestinations" name="test_page_returns_200[/forgot-password]" time="0.296" /><testcase classname="tests.test_iter93_mobile_login_ux_and_products_migration.TestProdWebDestinations" name="test_page_returns_200[/retailer/login]" time="0.171" /><testcase classname="tests.test_iter93_mobile_login_ux_and_products_migration.TestProdWebDestinations" name="test_page_returns_200[/register]" time="0.171" /><testcase classname="tests.test_iter93_mobile_login_ux_and_products_migration.TestProdWebDestinations" name="test_page_returns_200[/cart]" time="0.151" /><testcase classname="tests.test_iter90_mobile_sdk_alignment.TestMobilePackageAlignment" name="test_expo_web_browser_pinned_to_sdk51" time="0.001" /><testcase classname="tests.test_iter90_mobile_sdk_alignment.TestMobilePackageAlignment" name="test_installed_version_is_13_0_3" time="0.001" /><testcase classname="tests.test_iter90_mobile_sdk_alignment.TestMobilePackageAlignment" name="test_yarn_lock_has_sdk51_entry" time="0.005" /><testcase classname="tests.test_iter90_mobile_sdk_alignment.TestMobilePackageAlignment" name="test_other_deps_unchanged[expo-~51.0.28]" time="0.001" /><testcase classname="tests.test_iter90_mobile_sdk_alignment.TestMobilePackageAlignment" name="test_other_deps_unchanged[react-18.2.0]" time="0.001" /><testcase classname="tests.test_iter90_mobile_sdk_alignment.TestMobilePackageAlignment" name="test_other_deps_unchanged[react-native-0.74.5]" time="0.001" /><testcase classname="tests.test_iter90_mobile_sdk_alignment.TestMobilePackageAlignment" name="test_other_deps_unchanged[expo-router-~3.5.23]" time="0.001" /><testcase classname="tests.test_iter90_mobile_sdk_alignment.TestMobilePackageAlignment" name="test_other_deps_unchanged[expo-constants-~16.0.2]" time="0.001" /><testcase classname="tests.test_iter90_mobile_sdk_alignment.TestMobilePackageAlignment" name="test_other_deps_unchanged[expo-linking-~6.3.1]" time="0.000" /><testcase classname="tests.test_iter90_mobile_sdk_alignment.TestMobilePackageAlignment" name="test_other_deps_unchanged[expo-secure-store-~13.0.2]" time="0.000" /><testcase classname="tests.test_iter90_mobile_sdk_alignment.TestMobilePackageAlignment" name="test_other_deps_unchanged[expo-status-bar-~1.12.1]" time="0.001" /><testcase classname="tests.test_iter90_mobile_sdk_alignment.TestMobilePackageAlignment" name="test_other_deps_unchanged[@react-native-async-storage/async-storage-1.23.1]" time="0.000" /><testcase classname="tests.test_iter90_mobile_sdk_alignment.TestMobilePackageAlignment" name="test_other_deps_unchanged[react-native-gesture-handler-~2.16.1]" time="0.001" /><testcase classname="tests.test_iter90_mobile_sdk_alignment.TestMobilePackageAlignment" name="test_other_deps_unchanged[react-native-reanimated-~3.10.1]" time="0.001" /><testcase classname="tests.test_iter90_mobile_sdk_alignment.TestMobilePackageAlignment" name="test_other_deps_unchanged[react-native-safe-area-context-4.10.5]" time="0.001" /><testcase classname="tests.test_iter90_mobile_sdk_alignment.TestMobilePackageAlignment" name="test_other_deps_unchanged[react-native-screens-3.31.1]" time="0.001" /><testcase classname="tests.test_iter90_mobile_sdk_alignment.TestMobilePackageAlignment" name="test_other_deps_unchanged[react-native-url-polyfill-^2.0.0]" time="0.002" /><testcase classname="tests.test_iter90_mobile_sdk_alignment.TestMobilePackageAlignment" name="test_other_deps_unchanged[react-native-web-~0.19.10]" time="0.001" /><testcase classname="tests.test_iter90_mobile_sdk_alignment.TestMobilePackageAlignment" name="test_other_deps_unchanged[@supabase/supabase-js-2.45.4]" time="0.001" /><testcase classname="tests.test_iter90_mobile_sdk_alignment.TestEasBuildGuide" name="test_troubleshooting_substrings_present[Plugin 'expo-module-gradle-plugin' was not found]" time="0.001" /><testcase classname="tests.test_iter90_mobile_sdk_alignment.TestEasBuildGuide" name="test_troubleshooting_substrings_present[npx expo install --check]" time="0.001" /><testcase classname="tests.test_iter90_mobile_sdk_alignment.TestMobileConfigRegression" name="test_app_json_identity" time="0.001" /><testcase classname="tests.test_iter90_mobile_sdk_alignment.TestMobileConfigRegression" name="test_eas_json_has_three_build_profiles" time="0.001" /><testcase classname="tests.test_iter90_mobile_sdk_alignment.TestMobileConfigRegression" name="test_cart_share_testid_present" time="0.001" /><testcase classname="tests.test_iter90_mobile_sdk_alignment.TestMobileConfigRegression" name="test_web_ts_exports" time="0.000" /><testcase classname="tests.test_iter90_mobile_sdk_alignment.TestBackendRegression" name="test_app_config_schema_v2_with_tier_perks" time="0.292" /><testcase classname="tests.test_iter90_mobile_sdk_alignment.TestBackendRegression" name="test_products_returns_catalog" time="0.262" /><testcase classname="tests.test_iter91_mobile_env_hardening.TestEasJsonShape" name="test_three_profiles_no_env_block" time="0.001" /><testcase classname="tests.test_iter91_mobile_env_hardening.TestEasJsonShape" name="test_no_dollar_template_anywhere_in_eas_json" time="0.000" /><testcase classname="tests.test_iter91_mobile_env_hardening.TestRenderBackendReachability" name="test_app_config_200_with_brand_name" time="0.619" /><testcase classname="tests.test_iter91_mobile_env_hardening.TestRenderBackendReachability" name="test_login_rejects_bad_credentials_with_401" time="0.368" /><testcase classname="tests.test_iter91_mobile_env_hardening.TestRenderBackendReachability" name="test_constructed_url_from_app_json_extra_is_valid" time="0.570" /><testcase classname="tests.test_iter91_mobile_env_hardening.TestResolverLogic" name="test_bad_candidate_falls_through_to_app_json[$EXPO_PUBLIC_API_BASE_URL]" time="0.001" /><testcase classname="tests.test_iter91_mobile_env_hardening.TestResolverLogic" name="test_bad_candidate_falls_through_to_app_json[]" time="0.000" /><testcase classname="tests.test_iter91_mobile_env_hardening.TestResolverLogic" name="test_bad_candidate_falls_through_to_app_json[None]" time="0.000" /><testcase classname="tests.test_iter91_mobile_env_hardening.TestResolverLogic" name="test_bad_candidate_falls_through_to_app_json[  ]" time="0.000" /><testcase classname="tests.test_iter91_mobile_env_hardening.TestResolverLogic" name="test_bad_candidate_falls_through_to_app_json[ftp://x.com]" time="0.000" /><testcase classname="tests.test_iter91_mobile_env_hardening.TestResolverLogic" name="test_bad_candidate_falls_through_to_app_json[addrika.com]" time="0.000" /><testcase classname="tests.test_iter91_mobile_env_hardening.TestResolverLogic" name="test_good_candidate_wins" time="0.000" /><testcase classname="tests.test_iter91_mobile_env_hardening.TestResolverLogic" name="test_all_bad_returns_empty" time="0.000" /><testcase classname="tests.test_iter91_mobile_env_hardening.TestResolverLogic" name="test_anon_key_guard_rejects_dollar_template" time="0.000" /><testcase classname="tests.test_iter91_mobile_env_hardening.TestResolverLogic" name="test_supabase_url_guard_https_only" time="0.000" /><testcase classname="tests.test_iter91_mobile_env_hardening.TestSourceUsesHardenedHelpers" name="test_api_ts_uses_pickurl_and_drops_fragile_chain" time="0.001" /><testcase classname="tests.test_iter91_mobile_env_hardening.TestSourceUsesHardenedHelpers" name="test_supabase_ts_uses_pickhttps_and_pickkey" time="0.000" /><testcase classname="tests.test_iter91_mobile_env_hardening.TestSourceUsesHardenedHelpers" name="test_web_ts_uses_pickhttps_with_centraders_fallback" time="0.000" /><testcase classname="tests.test_iter91_mobile_env_hardening.TestSourceUsesHardenedHelpers" name="test_guide_has_network_request_failed_section" time="0.001" /><testcase classname="tests.test_iter91_mobile_env_hardening.TestAppJsonRegressions" name="test_extra_and_slug_intact" time="0.000" /><testcase classname="tests.test_iter91_mobile_env_hardening.TestAppJsonRegressions" name="test_cart_share_testid_present" time="0.000" /><testcase classname="tests.test_iter91_mobile_env_hardening.TestPreviewHostRegressions" name="test_app_config_schema_v2_with_tier_perks" time="0.230" /><testcase classname="tests.test_iter91_mobile_env_hardening.TestPreviewHostRegressions" name="test_cart_deep_link_page_loads" time="0.345" /><testcase classname="tests.test_iter92_mobile_hotfix.TestWebTsDeepLinks" name="test_customer_signup_targets_register_page" time="0.001" /><testcase classname="tests.test_iter92_mobile_hotfix.TestWebTsDeepLinks" name="test_retailer_signup_still_targets_homepage" time="0.000" /><testcase classname="tests.test_iter92_mobile_hotfix.TestWebTsDeepLinks" name="test_login_screen_imports_both_signup_helpers" time="0.001" /><testcase classname="tests.test_iter92_mobile_hotfix.TestWebTsDeepLinks" name="test_open_web_checkout_customer_path_is_cart" time="0.001" /><testcase classname="tests.test_iter92_mobile_hotfix.TestWebTsDeepLinks" name="test_shareable_cart_url_uses_mobile_share_tag" time="0.001" /><testcase classname="tests.test_iter92_mobile_hotfix.TestApiTsErrorSurfacing" name="test_network_error_embeds_attempted_url" time="0.001" /><testcase classname="tests.test_iter92_mobile_hotfix.TestApiTsErrorSurfacing" name="test_plain_network_error_suffix_pattern_is_gone" time="0.000" /><testcase classname="tests.test_iter92_mobile_hotfix.TestApiTsErrorSurfacing" name="test_pick_url_guard_retained" time="0.001" /><testcase classname="tests.test_iter92_mobile_hotfix" name="test_centraders_routes_reachable[/register]" time="0.142" /><testcase classname="tests.test_iter92_mobile_hotfix" name="test_centraders_routes_reachable[/cart]" time="0.157" /><testcase classname="tests.test_iter92_mobile_hotfix" name="test_centraders_routes_reachable[/api/products]" time="0.432" /><testcase classname="tests.test_iter92_mobile_hotfix" name="test_centraders_routes_reachable[/api/app/config]" time="0.624" /><testcase classname="tests.test_iter92_mobile_hotfix" name="test_deployed_chunks_are_stale_no_mobile_share_handler" time="1.760" /><testcase classname="tests.test_iter92_mobile_hotfix.TestRenderBackend" name="test_app_config_returns_brand_name" time="0.621" /><testcase classname="tests.test_iter92_mobile_hotfix.TestRenderBackend" name="test_login_rejects_bogus_credentials_with_401" time="0.399" /><testcase classname="tests.test_iter92_mobile_hotfix.TestBuildConfigRegressions" name="test_eas_json_has_no_env_block" time="0.002" /><testcase classname="tests.test_iter92_mobile_hotfix.TestBuildConfigRegressions" name="test_app_json_extras_intact" time="0.001" /><testcase classname="tests.test_iter92_mobile_hotfix.TestBuildConfigRegressions" name="test_cart_screen_wiring_unchanged" time="0.001" /><testcase classname="tests.test_iter92_mobile_hotfix.TestBuildConfigRegressions" name="test_cart_context_honours_both_mobile_link_flavours" time="0.001" /><testcase classname="tests.test_iter92_mobile_hotfix" name="test_mobile_typecheck_passes" time="4.306" /><testcase classname="tests.test_iter92_mobile_hotfix" name="test_frontend_next_brand_audit_passes" time="0.379" /></testsuite></testsuites>