<?xml version="1.0" encoding="utf-8"?><testsuites name="pytest tests"><testsuite name="pytest" errors="0" failures="0" skipped="0" tests="8" time="5.889" timestamp="2026-08-22T07:31:36.895747+00:00" hostname="agent-env-bf95eed4-9202-472a-b562-99062bb22519"><testcase classname="tests.test_iter97_auth_handoff" name="test_handoff_create_requires_auth" time="0.032" /><testcase classname="tests.test_iter97_auth_handoff" name="test_handoff_create_and_consume_happy_path" time="2.234" /><testcase classname="tests.test_iter97_auth_handoff" name="test_handoff_is_single_use" time="0.057" /><testcase classname="tests.test_iter97_auth_handoff" name="test_handoff_rejects_malformed_token" time="0.048" /><testcase classname="tests.test_iter97_auth_handoff" name="test_handoff_rejects_expired_nonce" time="0.101" /><testcase classname="tests.test_iter97_auth_handoff" name="test_auth_handoffs_is_supabase_mirror_blocklisted" time="1.858" /><testcase classname="tests.test_iter97_auth_handoff" name="test_retailer_handoff_create_and_consume" time="1.031" /><testcase classname="tests.test_iter97_auth_handoff" name="test_retailer_handoff_is_single_use" time="0.118" /></testsuite></testsuites>