<?xml version="1.0" encoding="utf-8"?><testsuites name="pytest tests"><testsuite name="pytest" errors="0" failures="0" skipped="0" tests="2" time="50.778" timestamp="2026-08-19T08:44:02.196502+00:00" hostname="agent-env-ea7e2700-b86f-461c-97cb-52ee0f7acb1b"><testcase classname="tests.test_iter81_race_sanity" name="test_rapid_post_put_delete_no_mirror_leak" time="18.963" /><testcase classname="tests.test_iter81_race_sanity" name="test_rapid_race_across_multiple_slugs" time="31.314" /></testsuite></testsuites>