<?xml version="1.0" encoding="utf-8"?><testsuites name="pytest tests"><testsuite name="pytest" errors="0" failures="0" skipped="1" tests="19" time="16.890" timestamp="2026-08-19T10:50:48.712623+00:00" hostname="agent-env-ea7e2700-b86f-461c-97cb-52ee0f7acb1b"><testcase classname="tests.test_iter82_product_cleanup.TestPublicProducts" name="test_real_catalog_is_nine_products" time="0.015" /><testcase classname="tests.test_iter82_product_cleanup.TestPublicProducts" name="test_no_leftover_test_products" time="0.001" /><testcase classname="tests.test_iter82_product_cleanup.TestPublicProducts" name="test_no_bambooless_product" time="0.001" /><testcase classname="tests.test_iter82_product_cleanup.TestPublicProducts" name="test_belpatra_renamed" time="0.001" /><testcase classname="tests.test_iter82_product_cleanup.TestPublicProducts" name="test_detail_endpoint_belpatra" time="0.007" /><testcase classname="tests.test_iter82_product_cleanup.TestPublicProducts" name="test_detail_endpoint_bambooless_404" time="0.005" /><testcase classname="tests.test_iter82_product_cleanup.TestMongo" name="test_bambooless_purged" time="0.030" /><testcase classname="tests.test_iter82_product_cleanup.TestMongo" name="test_belpatra_doc" time="0.010" /><testcase classname="tests.test_iter82_product_cleanup.TestMongo" name="test_real_product_count" time="0.010" /><testcase classname="tests.test_iter82_product_cleanup.TestMongo" name="test_all_linked_b2b_skus_renamed" time="0.009" /><testcase classname="tests.test_iter82_product_cleanup.TestMongo" name="test_b2b_sku_intact" time="0.009" /><testcase classname="tests.test_iter82_product_cleanup.TestSupabaseMirror" name="test_b2c_mirror_rows" time="3.029" /><testcase classname="tests.test_iter82_product_cleanup.TestSupabaseMirror" name="test_no_bambooless_mirror_rows" time="4.281" /><testcase classname="tests.test_iter82_product_cleanup.TestSupabaseMirror" name="test_b2b_sku_mirrored" time="2.184" /><testcase classname="tests.test_iter82_product_cleanup.TestSupabaseMirror" name="test_no_stale_bilvapatra_name_in_mirror" time="2.184" /><testcase classname="tests.test_iter82_product_cleanup.TestSupabaseMirror" name="test_no_orphan_b2b_mirror_rows" time="2.221" /><testcase classname="tests.test_iter82_product_cleanup.TestSupabaseMirror" name="test_regression_price_and_stock_hydrated" time="2.157" /><testcase classname="tests.test_iter82_product_cleanup.TestB2BCatalog" name="test_catalog_requires_auth" time="0.010" /><testcase classname="tests.test_iter82_product_cleanup.TestB2BCatalog" name="test_catalog_lists_belpatra_and_no_bambooless" time="0.203"><skipped type="pytest.skip" message="Could not authenticate test B2B retailer; SKU verified via Mongo/mirror">/app/backend/tests/test_iter82_product_cleanup.py:207: Could not authenticate test B2B retailer; SKU verified via Mongo/mirror</skipped></testcase></testsuite></testsuites>