<?xml version="1.0" encoding="utf-8"?><testsuites name="pytest tests"><testsuite name="pytest" errors="0" failures="0" skipped="0" tests="23" time="13.208" timestamp="2026-09-26T15:29:43.348895+00:00" hostname="agent-env-be1a659a-16c9-4f90-af18-74161a7c62b1"><testcase classname="tests.test_iter108_security_audit.TestSec001StorePickup" name="test_a_no_auth" time="0.226" /><testcase classname="tests.test_iter108_security_audit.TestSec001StorePickup" name="test_b_exploit_payload_no_auth" time="0.182" /><testcase classname="tests.test_iter108_security_audit.TestSec001StorePickup" name="test_c_retailer_wrong_store" time="0.858" /><testcase classname="tests.test_iter108_security_audit.TestSec001StorePickup" name="test_d_retailer_success" time="0.218" /><testcase classname="tests.test_iter108_security_audit.TestSec001StorePickup" name="test_e_bruteforce_lockout" time="1.187" /><testcase classname="tests.test_iter108_security_audit.TestSec001StorePickup" name="test_f_admin_override_blocked_for_retailer" time="0.223" /><testcase classname="tests.test_iter108_security_audit.TestSec001StorePickup" name="test_f2_admin_override_works" time="1.950" /><testcase classname="tests.test_iter108_security_audit.TestSec002PIILeak" name="test_by_location_whitelist" time="0.204" /><testcase classname="tests.test_iter108_security_audit.TestSec002PIILeak" name="test_public_list_endpoints" time="0.388" /><testcase classname="tests.test_iter108_security_audit.TestSec003AdminPinBackdoor" name="test_backdoor_string_rejected" time="1.103" /><testcase classname="tests.test_iter108_security_audit.TestSec003AdminPinBackdoor" name="test_reset_requires_verified_otp" time="0.195" /><testcase classname="tests.test_iter108_security_audit.TestSec004FailClosed" name="test_admin_login_still_works" time="0.191" /><testcase classname="tests.test_iter108_security_audit.TestSec004FailClosed" name="test_wrong_pin_rejected" time="0.537" /><testcase classname="tests.test_iter108_security_audit.TestSec005ExternalAPI" name="test_rate_limit" time="0.197" /><testcase classname="tests.test_iter108_security_audit.TestSec005ExternalAPI" name="test_scoped_key_lifecycle" time="0.951" /><testcase classname="tests.test_iter108_security_audit.TestSec005ExternalAPI" name="test_ssrf_webhook_blocked" time="0.783" /><testcase classname="tests.test_iter108_security_audit.TestSec005ExternalAPI" name="test_ssrf_public_url_accepted" time="0.408" /><testcase classname="tests.test_iter108_security_audit.TestDevOtpGate" name="test_dev_code_present_when_flag_on" time="0.177" /><testcase classname="tests.test_iter108_security_audit.TestPasswordStrength" name="test_weak_passwords_rejected_and_strong_ok" time="1.379" /><testcase classname="tests.test_iter108_security_audit.TestRegression" name="test_gstin_login_works" time="0.580" /><testcase classname="tests.test_iter108_security_audit.TestRegression" name="test_email_login_400s" time="0.205" /><testcase classname="tests.test_iter108_security_audit.TestRegression" name="test_fsm_external_api_ping" time="0.200" /><testcase classname="tests.test_iter108_security_audit.TestRegression" name="test_storefront_products_public" time="0.206" /></testsuite></testsuites>