<?xml version="1.0" encoding="utf-8"?><testsuites name="pytest tests"><testsuite name="pytest" errors="0" failures="1" skipped="0" tests="20" time="16.378" timestamp="2026-09-26T14:51:21.049566+00:00" hostname="agent-env-be1a659a-16c9-4f90-af18-74161a7c62b1"><testcase classname="tests.test_iter107_password_reset_and_notices" name="test_forgot_password_registered_gstin" time="5.296" /><testcase classname="tests.test_iter107_password_reset_and_notices" name="test_forgot_password_unknown_gstin_generic" time="0.213" /><testcase classname="tests.test_iter107_password_reset_and_notices" name="test_forgot_password_throttle_after_3" time="1.923" /><testcase classname="tests.test_iter107_password_reset_and_notices" name="test_token_lifecycle_validate_reset_reuse" time="1.639" /><testcase classname="tests.test_iter107_password_reset_and_notices" name="test_garbage_token_rejected" time="0.358" /><testcase classname="tests.test_iter107_password_reset_and_notices" name="test_new_token_invalidates_previous" time="0.376" /><testcase classname="tests.test_iter107_password_reset_and_notices" name="test_admin_notices_requires_auth" time="0.167" /><testcase classname="tests.test_iter107_password_reset_and_notices" name="test_admin_notices_content" time="1.153" /><testcase classname="tests.test_iter107_password_reset_and_notices" name="test_walkthrough_seen_roundtrip" time="0.744" /><testcase classname="tests.test_iter107_password_reset_and_notices" name="test_brand_audit_public_pages[/]" time="0.380" /><testcase classname="tests.test_iter107_password_reset_and_notices" name="test_brand_audit_public_pages[/products]" time="0.549" /><testcase classname="tests.test_iter107_password_reset_and_notices" name="test_brand_audit_public_pages[/wholesale]" time="0.212" /><testcase classname="tests.test_iter107_password_reset_and_notices" name="test_brand_audit_public_pages[/blog]" time="0.203" /><testcase classname="tests.test_iter107_password_reset_and_notices" name="test_brand_audit_public_pages[/retailer/login]" time="0.287" /><testcase classname="tests.test_iter107_password_reset_and_notices" name="test_brand_audit_public_pages[/retailer/forgot-password]" time="0.460" /><testcase classname="tests.test_iter107_password_reset_and_notices" name="test_brand_audit_public_pages[/retailer/onboarding]" time="0.276" /><testcase classname="tests.test_iter107_password_reset_and_notices" name="test_email_login_still_rejected" time="0.306" /><testcase classname="tests.test_iter107_password_reset_and_notices" name="test_notify_me_accepts_oos_regression" time="0.796"><failure message="assert 422 in (200, 201, 400, 409)&#10; +  where 422 = &lt;Response [422]&gt;.status_code">tests/test_iter107_password_reset_and_notices.py:233: in test_notify_me_accepts_oos_regression
    assert r.status_code in (200, 201, 400, 409)
E   assert 422 in (200, 201, 400, 409)
E    +  where 422 = &lt;Response [422]&gt;.status_code</failure></testcase><testcase classname="tests.test_iter107_password_reset_and_notices" name="test_db_name_still_addrika" time="0.001" /><testcase classname="tests.test_iter107_password_reset_and_notices" name="test_mobile_app_display_name_aarohmm" time="0.003" /></testsuite></testsuites>