<?xml version="1.0" encoding="utf-8"?><testsuites name="pytest tests"><testsuite name="pytest" errors="0" failures="0" skipped="0" tests="21" time="4.662" timestamp="2026-08-24T04:13:42.787155+00:00" hostname="agent-env-3dc659d2-3da0-4691-b812-8e8a1d34132e"><testcase classname="tests.test_iter100_retailer_kyc.TestRegisterHardBlock" name="test_reject_invalid_gstin" time="1.269" /><testcase classname="tests.test_iter100_retailer_kyc.TestRegisterHardBlock" name="test_reject_bad_mime" time="0.050" /><testcase classname="tests.test_iter100_retailer_kyc.TestRegisterHardBlock" name="test_reject_bad_gst_format" time="0.046" /><testcase classname="tests.test_iter100_retailer_kyc.TestAdminWorkflow" name="test_list_includes_seeded" time="0.984" /><testcase classname="tests.test_iter100_retailer_kyc.TestAdminWorkflow" name="test_status_filter" time="0.066" /><testcase classname="tests.test_iter100_retailer_kyc.TestAdminWorkflow" name="test_approve" time="0.066" /><testcase classname="tests.test_iter100_retailer_kyc.TestAdminWorkflow" name="test_revoke" time="0.116" /><testcase classname="tests.test_iter100_retailer_kyc.TestAdminWorkflow" name="test_suspend_requires_reason" time="0.059" /><testcase classname="tests.test_iter100_retailer_kyc.TestAdminWorkflow" name="test_suspend_and_unsuspend" time="0.113" /><testcase classname="tests.test_iter100_retailer_kyc.TestAdminWorkflow" name="test_add_note" time="0.068" /><testcase classname="tests.test_iter100_retailer_kyc.TestAdminWorkflow" name="test_note_empty_rejected" time="0.059" /><testcase classname="tests.test_iter100_retailer_kyc.TestAdminWorkflow" name="test_delete" time="0.115" /><testcase classname="tests.test_iter100_register_negative" name="test_register_hardblocks_unverifiable_gstin" time="1.105" /><testcase classname="tests.test_iter100_register_negative" name="test_register_rejects_non_pdf_image_mime" time="0.052" /><testcase classname="tests.test_iter100_register_negative" name="test_register_rejects_empty_file" time="0.052" /><testcase classname="tests.test_iter100_register_negative" name="test_register_rejects_malformed_gst_format" time="0.047" /><testcase classname="tests.test_iter100_register_negative" name="test_register_rejects_short_gst" time="0.052" /><testcase classname="tests.test_iter100_register_negative" name="test_register_requires_certificate" time="0.047" /><testcase classname="tests.test_iter100_register_negative" name="test_register_rejects_short_password" time="0.061" /><testcase classname="tests.test_iter100_register_negative" name="test_register_rejects_bad_email" time="0.048" /><testcase classname="tests.test_iter100_register_negative" name="test_register_does_not_persist_rejected_registration" time="0.009" /></testsuite></testsuites>