<?xml version="1.0" encoding="utf-8"?><testsuites name="pytest tests"><testsuite name="pytest" errors="0" failures="3" skipped="1" tests="19" time="22.737" timestamp="2026-08-19T08:58:58.653987+00:00" hostname="agent-env-ea7e2700-b86f-461c-97cb-52ee0f7acb1b"><testcase classname="tests.test_iter82_product_cleanup.TestPublicProducts" name="test_real_catalog_is_nine_products" time="6.084" /><testcase classname="tests.test_iter82_product_cleanup.TestPublicProducts" name="test_no_leftover_test_products" time="0.001" /><testcase classname="tests.test_iter82_product_cleanup.TestPublicProducts" name="test_no_bambooless_product" time="0.001" /><testcase classname="tests.test_iter82_product_cleanup.TestPublicProducts" name="test_belpatra_renamed" time="0.001" /><testcase classname="tests.test_iter82_product_cleanup.TestPublicProducts" name="test_detail_endpoint_belpatra" time="0.007" /><testcase classname="tests.test_iter82_product_cleanup.TestPublicProducts" name="test_detail_endpoint_bambooless_404" time="0.005" /><testcase classname="tests.test_iter82_product_cleanup.TestMongo" name="test_bambooless_purged" time="0.021" /><testcase classname="tests.test_iter82_product_cleanup.TestMongo" name="test_belpatra_doc" time="0.012" /><testcase classname="tests.test_iter82_product_cleanup.TestMongo" name="test_real_product_count" time="0.012" /><testcase classname="tests.test_iter82_product_cleanup.TestMongo" name="test_all_linked_b2b_skus_renamed" time="0.016"><failure message="AssertionError: b2b SKUs still using old name 'Bilvapatra': [{'id': 'bilvapatra-fragrance-50g-b2b', 'name': 'Bilvapatra Fragrance'}]&#10;assert not [{'id': 'bilvapatra-fragrance-50g-b2b', 'name': 'Bilvapatra Fragrance'}]">E   AssertionError: b2b SKUs still using old name 'Bilvapatra': [{'id': 'bilvapatra-fragrance-50g-b2b', 'name': 'Bilvapatra Fragrance'}]
    assert not [{'id': 'bilvapatra-fragrance-50g-b2b', 'name': 'Bilvapatra Fragrance'}]</failure></testcase><testcase classname="tests.test_iter82_product_cleanup.TestMongo" name="test_b2b_sku_intact" time="0.010" /><testcase classname="tests.test_iter82_product_cleanup.TestSupabaseMirror" name="test_b2c_mirror_rows" time="2.186" /><testcase classname="tests.test_iter82_product_cleanup.TestSupabaseMirror" name="test_no_bambooless_mirror_rows" time="4.250" /><testcase classname="tests.test_iter82_product_cleanup.TestSupabaseMirror" name="test_b2b_sku_mirrored" time="2.069" /><testcase classname="tests.test_iter82_product_cleanup.TestSupabaseMirror" name="test_no_stale_bilvapatra_name_in_mirror" time="2.145"><failure message="AssertionError: mirror rows still named 'Bilvapatra ...': [RealDictRow([('id', 'bilvapatra-fragrance-50g-b2b'), ('name', 'Bilvapatra Fragrance'), ('channel', 'b2b')])]&#10;assert [RealDictRow(...el', 'b2b')])] == []&#10;  &#10;  Left contains one more item: RealDictRow([('id', 'bilvapatra-fragrance-50g-b2b'), ('name', 'Bilvapatra Fragrance'), ('channel', 'b2b')])&#10;  &#10;  Full diff:&#10;  - []&#10;  + [&#10;  +     RealDictRow({...&#10;  &#10;  ...Full output truncated (5 lines hidden), use '-vv' to show">E   AssertionError: mirror rows still named 'Bilvapatra ...': [RealDictRow([('id', 'bilvapatra-fragrance-50g-b2b'), ('name', 'Bilvapatra Fragrance'), ('channel', 'b2b')])]
    assert [RealDictRow(...el', 'b2b')])] == []
      
      Left contains one more item: RealDictRow([('id', 'bilvapatra-fragrance-50g-b2b'), ('name', 'Bilvapatra Fragrance'), ('channel', 'b2b')])
      
      Full diff:
      - []
      + [
      +     RealDictRow({...
      
      ...Full output truncated (5 lines hidden), use '-vv' to show</failure></testcase><testcase classname="tests.test_iter82_product_cleanup.TestSupabaseMirror" name="test_no_orphan_b2b_mirror_rows" time="2.200"><failure message="AssertionError: b2b mirror rows with no MongoDB parent: ['mogra-magic-200-b2b', 'mogra-magic-b2b']&#10;assert not ['mogra-magic-200-b2b', 'mogra-magic-b2b']">E   AssertionError: b2b mirror rows with no MongoDB parent: ['mogra-magic-200-b2b', 'mogra-magic-b2b']
    assert not ['mogra-magic-200-b2b', 'mogra-magic-b2b']</failure></testcase><testcase classname="tests.test_iter82_product_cleanup.TestSupabaseMirror" name="test_regression_price_and_stock_hydrated" time="2.183" /><testcase classname="tests.test_iter82_product_cleanup.TestB2BCatalog" name="test_catalog_requires_auth" time="0.007" /><testcase classname="tests.test_iter82_product_cleanup.TestB2BCatalog" name="test_catalog_lists_belpatra_and_no_bambooless" time="0.192"><skipped type="pytest.skip" message="Could not authenticate test B2B retailer; SKU verified via Mongo/mirror">/app/backend/tests/test_iter82_product_cleanup.py:207: Could not authenticate test B2B retailer; SKU verified via Mongo/mirror</skipped></testcase></testsuite></testsuites>