<?xml version="1.0" encoding="utf-8"?><testsuites name="pytest tests"><testsuite name="pytest" errors="0" failures="0" skipped="0" tests="3" time="42.559" timestamp="2026-08-19T08:40:04.475474+00:00" hostname="agent-env-ea7e2700-b86f-461c-97cb-52ee0f7acb1b"><testcase classname="tests.test_iter80_cascade_delete" name="test_delete_cascades_b2b_products_and_mirror" time="23.551" /><testcase classname="tests.test_iter80_cascade_delete" name="test_iter74_run_leaves_no_mirror_orphans" time="16.400" /><testcase classname="tests.test_iter80_cascade_delete" name="test_active_b2c_rows_have_price_and_stock" time="2.094" /></testsuite></testsuites>