<?xml version="1.0" encoding="utf-8"?><testsuites name="pytest tests"><testsuite name="pytest" errors="0" failures="1" skipped="1" tests="19" time="15.849" timestamp="2026-08-19T09:02:36.035738+00:00" hostname="agent-env-ea7e2700-b86f-461c-97cb-52ee0f7acb1b"><testcase classname="tests.test_iter82_product_cleanup.TestPublicProducts" name="test_real_catalog_is_nine_products" time="0.016" /><testcase classname="tests.test_iter82_product_cleanup.TestPublicProducts" name="test_no_leftover_test_products" time="0.001" /><testcase classname="tests.test_iter82_product_cleanup.TestPublicProducts" name="test_no_bambooless_product" time="0.001" /><testcase classname="tests.test_iter82_product_cleanup.TestPublicProducts" name="test_belpatra_renamed" time="0.001" /><testcase classname="tests.test_iter82_product_cleanup.TestPublicProducts" name="test_detail_endpoint_belpatra" time="0.007" /><testcase classname="tests.test_iter82_product_cleanup.TestPublicProducts" name="test_detail_endpoint_bambooless_404" time="0.005" /><testcase classname="tests.test_iter82_product_cleanup.TestMongo" name="test_bambooless_purged" time="0.021" /><testcase classname="tests.test_iter82_product_cleanup.TestMongo" name="test_belpatra_doc" time="0.011" /><testcase classname="tests.test_iter82_product_cleanup.TestMongo" name="test_real_product_count" time="0.011" /><testcase classname="tests.test_iter82_product_cleanup.TestMongo" name="test_all_linked_b2b_skus_renamed" time="0.011" /><testcase classname="tests.test_iter82_product_cleanup.TestMongo" name="test_b2b_sku_intact" time="0.011" /><testcase classname="tests.test_iter82_product_cleanup.TestSupabaseMirror" name="test_b2c_mirror_rows" time="2.288" /><testcase classname="tests.test_iter82_product_cleanup.TestSupabaseMirror" name="test_no_bambooless_mirror_rows" time="4.163" /><testcase classname="tests.test_iter82_product_cleanup.TestSupabaseMirror" name="test_b2b_sku_mirrored" time="2.093" /><testcase classname="tests.test_iter82_product_cleanup.TestSupabaseMirror" name="test_no_stale_bilvapatra_name_in_mirror" time="2.096" /><testcase classname="tests.test_iter82_product_cleanup.TestSupabaseMirror" name="test_no_orphan_b2b_mirror_rows" time="2.117" /><testcase classname="tests.test_iter82_product_cleanup.TestSupabaseMirror" name="test_regression_price_and_stock_hydrated" time="2.208"><failure message="AssertionError: b2c mirror rows with null price_inr/stock_pieces: [RealDictRow([('id', 'bilvapatra-fragrance'), ('price_inr', Decimal('110.00')), ('stock_pieces', None)])]&#10;assert [RealDictRow(...ces', None)])] == []&#10;  &#10;  Left contains one more item: RealDictRow([('id', 'bilvapatra-fragrance'), ('price_inr', Decimal('110.00')), ('stock_pieces', None)])&#10;  &#10;  Full diff:&#10;  - []&#10;  + [&#10;  +     RealDictRow({...&#10;  &#10;  ...Full output truncated (5 lines hidden), use '-vv' to show">tests/test_iter82_product_cleanup.py:182: in test_regression_price_and_stock_hydrated
    assert rows == [], f"b2c mirror rows with null price_inr/stock_pieces: {rows}"
E   AssertionError: b2c mirror rows with null price_inr/stock_pieces: [RealDictRow([('id', 'bilvapatra-fragrance'), ('price_inr', Decimal('110.00')), ('stock_pieces', None)])]
E   assert [RealDictRow(...ces', None)])] == []
E     
E     Left contains one more item: RealDictRow([('id', 'bilvapatra-fragrance'), ('price_inr', Decimal('110.00')), ('stock_pieces', None)])
E     
E     Full diff:
E     - []
E     + [
E     +     RealDictRow({...
E     
E     ...Full output truncated (5 lines hidden), use '-vv' to show</failure></testcase><testcase classname="tests.test_iter82_product_cleanup.TestB2BCatalog" name="test_catalog_requires_auth" time="0.007" /><testcase classname="tests.test_iter82_product_cleanup.TestB2BCatalog" name="test_catalog_lists_belpatra_and_no_bambooless" time="0.193"><skipped type="pytest.skip" message="Could not authenticate test B2B retailer; SKU verified via Mongo/mirror">/app/backend/tests/test_iter82_product_cleanup.py:207: Could not authenticate test B2B retailer; SKU verified via Mongo/mirror</skipped></testcase></testsuite></testsuites>