<?xml version="1.0" encoding="utf-8"?><testsuites name="pytest tests"><testsuite name="pytest" errors="0" failures="0" skipped="0" tests="5" time="2.693" timestamp="2026-08-05T13:06:14.167634+00:00" hostname="agent-env-8031e353-4313-49d6-a4a4-59e634ca4dae"><testcase classname="backend.tests.test_iter72_retest.TestCSVMalformedTimestamp" name="test_csv_export_survives_non_iso_created_at" time="1.609" /><testcase classname="backend.tests.test_iter72_retest.TestRegressionIter71" name="test_csv_headers_intact" time="0.079" /><testcase classname="backend.tests.test_iter72_retest.TestRegressionIter71" name="test_admin_log_list_still_200" time="0.082" /><testcase classname="backend.tests.test_iter72_retest.TestRegressionIter71" name="test_retailer_statement_pdf_still_works" time="0.273" /><testcase classname="backend.tests.test_iter72_retest.TestRegressionIter71" name="test_empty_ledger_retailer_still_gets_valid_pdf" time="0.224" /></testsuite></testsuites>