<?xml version="1.0" encoding="utf-8"?><testsuites name="pytest tests"><testsuite name="pytest" errors="0" failures="0" skipped="0" tests="11" time="0.841" timestamp="2026-08-04T20:53:30.442289+00:00" hostname="agent-env-8031e353-4313-49d6-a4a4-59e634ca4dae"><testcase classname="tests.test_nudge_analytics" name="test_pixel_bytes_is_a_valid_gif" time="0.001" /><testcase classname="tests.test_nudge_analytics" name="test_append_open_pixel_uses_broadcast_and_retailer_ids" time="0.001" /><testcase classname="tests.test_nudge_analytics" name="test_append_pixel_when_no_body_tag" time="0.001" /><testcase classname="tests.test_nudge_analytics" name="test_rewrite_links_rewrites_http_links" time="0.001" /><testcase classname="tests.test_nudge_analytics" name="test_rewrite_links_leaves_non_http_links_alone" time="0.001" /><testcase classname="tests.test_nudge_analytics" name="test_first_open_increments_unique_and_total" time="0.058" /><testcase classname="tests.test_nudge_analytics" name="test_repeat_open_bumps_total_only" time="0.034" /><testcase classname="tests.test_nudge_analytics" name="test_multiple_retailers_open" time="0.024" /><testcase classname="tests.test_nudge_analytics" name="test_click_recording_and_dedupe" time="0.033" /><testcase classname="tests.test_nudge_analytics" name="test_summarise_broadcast_computes_rates" time="0.044" /><testcase classname="tests.test_nudge_analytics" name="test_summarise_unknown_broadcast_returns_empty" time="0.018" /></testsuite></testsuites>