<?xml version="1.0" encoding="utf-8"?><testsuites name="pytest tests"><testsuite name="pytest" errors="0" failures="0" skipped="0" tests="24" time="12.930" timestamp="2026-09-26T13:30:51.115504+00:00" hostname="agent-env-be1a659a-16c9-4f90-af18-74161a7c62b1"><testcase classname="tests.test_iter105_restock_alerts.TestNotifyMe" name="test_out_of_stock_now_accepted" time="3.456" /><testcase classname="tests.test_iter105_restock_alerts.TestNotifyMe" name="test_in_stock_returns_400" time="0.164" /><testcase classname="tests.test_iter105_restock_alerts.TestNotifyMe" name="test_unknown_product_404" time="0.189" /><testcase classname="tests.test_iter105_restock_alerts.TestNotifyMe" name="test_zzz_cleanup" time="0.449" /><testcase classname="tests.test_iter105_restock_alerts.TestRestockAlertsAuth" name="test_list_requires_admin" time="0.447" /><testcase classname="tests.test_iter105_restock_alerts.TestRestockAlertsAuth" name="test_approve_requires_admin" time="0.196" /><testcase classname="tests.test_iter105_restock_alerts.TestRestockAlertsAuth" name="test_dismiss_requires_admin" time="0.277" /><testcase classname="tests.test_iter105_restock_alerts.TestRestockAlertsList" name="test_list_shape" time="1.032" /><testcase classname="tests.test_iter105_restock_alerts.TestRestockAlertDismiss" name="test_01_seed" time="0.219" /><testcase classname="tests.test_iter105_restock_alerts.TestRestockAlertDismiss" name="test_02_restock_creates_pending" time="2.712" /><testcase classname="tests.test_iter105_restock_alerts.TestRestockAlertDismiss" name="test_03_second_restock_no_duplicate" time="0.613" /><testcase classname="tests.test_iter105_restock_alerts.TestRestockAlertDismiss" name="test_04_dismiss" time="0.169" /><testcase classname="tests.test_iter105_restock_alerts.TestRestockAlertDismiss" name="test_05_dismiss_non_pending_404" time="0.075" /><testcase classname="tests.test_iter105_restock_alerts.TestRestockAlertDismiss" name="test_zz_cleanup" time="0.042" /><testcase classname="tests.test_iter105_restock_alerts.TestRestockAlertApprove" name="test_01_seed" time="0.211" /><testcase classname="tests.test_iter105_restock_alerts.TestRestockAlertApprove" name="test_02_restock_and_approve" time="1.543" /><testcase classname="tests.test_iter105_restock_alerts.TestRestockAlertApprove" name="test_03_reapprove_400" time="0.074" /><testcase classname="tests.test_iter105_restock_alerts.TestRestockAlertApprove" name="test_04_notified_at_stamped" time="0.009" /><testcase classname="tests.test_iter105_restock_alerts.TestRestockAlertApprove" name="test_zz_cleanup" time="0.010" /><testcase classname="tests.test_iter105_restock_alerts.TestNewsletter" name="test_subscribe_success" time="0.231" /><testcase classname="tests.test_iter105_restock_alerts.TestNewsletter" name="test_resubscribe_still_ok" time="0.196" /><testcase classname="tests.test_iter105_restock_alerts.TestNewsletter" name="test_appears_in_admin_list" time="0.075" /><testcase classname="tests.test_iter105_restock_alerts.TestNewsletter" name="test_zz_cleanup" time="0.029" /><testcase classname="tests.test_iter105_restock_alerts.TestProductStockStates" name="test_stock_shape" time="0.217" /></testsuite></testsuites>