<?xml version="1.0" encoding="utf-8"?><testsuites name="pytest tests"><testsuite name="pytest" errors="0" failures="0" skipped="0" tests="37" time="15.396" timestamp="2026-08-06T12:50:19.910596+00:00" hostname="agent-env-3a790193-cfb8-4361-a887-9467a9b4fe65"><testcase classname="tests.test_iter74_unified_products" name="test_mogra_magic_purged_and_new_products_seeded" time="0.706" /><testcase classname="tests.test_iter74_unified_products" name="test_unified_product_create_and_update" time="0.868" /><testcase classname="tests.test_iter74_unified_products" name="test_b2c_products_enriched_with_stock" time="0.010" /><testcase classname="tests.test_iter74_unified_products" name="test_b2c_single_product_enriched" time="0.007" /><testcase classname="tests.test_iter74_unified_products" name="test_batch_allocation_endpoint" time="0.629" /><testcase classname="tests.test_iter74_unified_products" name="test_batch_allocation_by_sku" time="1.293" /><testcase classname="tests.test_iter74_unified_products" name="test_brochure_pdf_download" time="0.332" /><testcase classname="tests.test_iter74_unified_products" name="test_b2b_calculate_endpoint_reachable" time="0.010" /><testcase classname="tests.test_iter75_features" name="test_upload_image_png_roundtrip" time="1.122" /><testcase classname="tests.test_iter75_features" name="test_upload_image_rejects_unsupported_type" time="0.627" /><testcase classname="tests.test_iter75_features" name="test_upload_image_requires_admin" time="0.007" /><testcase classname="tests.test_iter75_features" name="test_sync_health_shape" time="0.655" /><testcase classname="tests.test_iter75_features" name="test_status_flip_no_outstanding_returns_skipped" time="1.094" /><testcase classname="tests.test_iter75_features" name="test_status_flip_triggers_nudge" time="1.016" /><testcase classname="tests.test_iter75_features" name="test_retailer_accountant_email_crud" time="0.232" /><testcase classname="tests.test_iter75_features" name="test_retailer_accountant_email_requires_auth" time="0.008" /><testcase classname="tests.test_iter75_features" name="test_accountant_email_resolver_helper" time="0.002" /><testcase classname="tests.test_iter75_features" name="test_regression_products_stock_enrichment" time="0.671" /><testcase classname="tests.test_iter75_features" name="test_regression_batch_allocation_endpoint" time="0.652" /><testcase classname="tests.test_iter76_features" name="test_balance_payment_endpoints_shape" time="0.913" /><testcase classname="tests.test_iter76_features" name="test_balance_payment_rejects_non_preorder" time="0.043" /><testcase classname="tests.test_iter76_features" name="test_bulk_import_creates_and_updates" time="0.764" /><testcase classname="tests.test_iter76_features" name="test_bulk_import_missing_columns_rejected" time="0.696" /><testcase classname="tests.test_iter76_features" name="test_bulk_import_template_download" time="0.630" /><testcase classname="tests.test_iter76_features" name="test_preview_token_sign_verify_roundtrip" time="0.002" /><testcase classname="tests.test_iter76_features" name="test_preview_token_expired_rejected" time="0.001" /><testcase classname="tests.test_iter76_features" name="test_preview_token_tampered_rejected" time="0.001" /><testcase classname="tests.test_iter76_features" name="test_launch_endpoint_hides_from_public" time="1.202" /><testcase classname="tests.test_iter76_features" name="test_preview_invalid_token_returns_404" time="0.007" /><testcase classname="tests.test_iter78_app_config" name="test_impact_endpoint_stable" time="0.017" /><testcase classname="tests.test_iter78_app_config" name="test_app_config_shape" time="0.021" /><testcase classname="tests.test_iter78_app_config" name="test_app_config_features_are_flags" time="0.014" /><testcase classname="tests.test_iter78_app_config" name="test_app_config_compatibility_upgrade_prompt" time="0.028" /><testcase classname="tests.test_iter78_app_config" name="test_app_config_db_override_merges" time="0.094" /><testcase classname="tests.test_iter78_app_config" name="test_app_manifest" time="0.007" /><testcase classname="tests.test_iter78_app_config" name="test_openapi_schema_available_for_sdk_generators" time="0.362" /><testcase classname="tests.test_iter78_app_config" name="test_docs_ui_served" time="0.006" /></testsuite></testsuites>