<?xml version="1.0" encoding="utf-8"?><testsuites name="pytest tests"><testsuite name="pytest" errors="0" failures="0" skipped="0" tests="23" time="10.530" timestamp="2026-09-26T16:08:28.562092+00:00" hostname="agent-env-17165da0-6ad7-4df2-af06-ee4a0aa8807d"><testcase classname="tests.test_iter108_security_audit.TestSec001StorePickup" name="test_a_no_auth" time="6.313" /><testcase classname="tests.test_iter108_security_audit.TestSec001StorePickup" name="test_b_exploit_payload_no_auth" time="0.008" /><testcase classname="tests.test_iter108_security_audit.TestSec001StorePickup" name="test_c_retailer_wrong_store" time="0.347" /><testcase classname="tests.test_iter108_security_audit.TestSec001StorePickup" name="test_d_retailer_success" time="0.034" /><testcase classname="tests.test_iter108_security_audit.TestSec001StorePickup" name="test_e_bruteforce_lockout" time="0.096" /><testcase classname="tests.test_iter108_security_audit.TestSec001StorePickup" name="test_f_admin_override_blocked_for_retailer" time="0.023" /><testcase classname="tests.test_iter108_security_audit.TestSec001StorePickup" name="test_f2_admin_override_works" time="1.054" /><testcase classname="tests.test_iter108_security_audit.TestSec002PIILeak" name="test_by_location_whitelist" time="0.020" /><testcase classname="tests.test_iter108_security_audit.TestSec002PIILeak" name="test_public_list_endpoints" time="0.017" /><testcase classname="tests.test_iter108_security_audit.TestSec003AdminPinBackdoor" name="test_backdoor_string_rejected" time="0.740" /><testcase classname="tests.test_iter108_security_audit.TestSec003AdminPinBackdoor" name="test_reset_requires_verified_otp" time="0.006" /><testcase classname="tests.test_iter108_security_audit.TestSec004FailClosed" name="test_admin_login_still_works" time="0.008" /><testcase classname="tests.test_iter108_security_audit.TestSec004FailClosed" name="test_wrong_pin_rejected" time="0.281" /><testcase classname="tests.test_iter108_security_audit.TestSec005ExternalAPI" name="test_rate_limit" time="0.017" /><testcase classname="tests.test_iter108_security_audit.TestSec005ExternalAPI" name="test_scoped_key_lifecycle" time="0.080" /><testcase classname="tests.test_iter108_security_audit.TestSec005ExternalAPI" name="test_ssrf_webhook_blocked" time="0.028" /><testcase classname="tests.test_iter108_security_audit.TestSec005ExternalAPI" name="test_ssrf_public_url_accepted" time="0.075" /><testcase classname="tests.test_iter108_security_audit.TestDevOtpGate" name="test_dev_code_present_when_flag_on" time="0.024" /><testcase classname="tests.test_iter108_security_audit.TestPasswordStrength" name="test_weak_passwords_rejected_and_strong_ok" time="0.490" /><testcase classname="tests.test_iter108_security_audit.TestRegression" name="test_gstin_login_works" time="0.296" /><testcase classname="tests.test_iter108_security_audit.TestRegression" name="test_email_login_400s" time="0.008" /><testcase classname="tests.test_iter108_security_audit.TestRegression" name="test_fsm_external_api_ping" time="0.013" /><testcase classname="tests.test_iter108_security_audit.TestRegression" name="test_storefront_products_public" time="0.010" /></testsuite></testsuites>