<?xml version="1.0" encoding="utf-8"?><testsuites name="pytest tests"><testsuite name="pytest" errors="0" failures="1" skipped="0" tests="5" time="90.994" timestamp="2026-08-19T09:05:31.918402+00:00" hostname="agent-env-ea7e2700-b86f-461c-97cb-52ee0f7acb1b"><testcase classname="tests.test_iter80_cascade_delete" name="test_delete_cascades_b2b_products_and_mirror" time="25.332" /><testcase classname="tests.test_iter80_cascade_delete" name="test_iter74_run_leaves_no_mirror_orphans" time="16.187" /><testcase classname="tests.test_iter80_cascade_delete" name="test_active_b2c_rows_have_price_and_stock" time="2.223"><failure message="AssertionError: active b2c rows with null price/stock: [RealDictRow([('id', 'bilvapatra-fragrance'), ('name', 'Belpatra'), ('price_inr', Decimal('110.00')), ('stock_pieces', None)])]&#10;assert not [RealDictRow([('id', 'bilvapatra-fragrance'), ('name', 'Belpatra'), ('price_inr', Decimal('110.00')), ('stock_pieces', None)])]">E   AssertionError: active b2c rows with null price/stock: [RealDictRow([('id', 'bilvapatra-fragrance'), ('name', 'Belpatra'), ('price_inr', Decimal('110.00')), ('stock_pieces', None)])]
    assert not [RealDictRow([('id', 'bilvapatra-fragrance'), ('name', 'Belpatra'), ('price_inr', Decimal('110.00')), ('stock_pieces', None)])]</failure></testcase><testcase classname="tests.test_iter81_race_sanity" name="test_rapid_post_put_delete_no_mirror_leak" time="15.344" /><testcase classname="tests.test_iter81_race_sanity" name="test_rapid_race_across_multiple_slugs" time="31.383" /></testsuite></testsuites>