<?xml version="1.0" encoding="utf-8"?><testsuites name="pytest tests"><testsuite name="pytest" errors="0" failures="0" skipped="0" tests="7" time="11.656" timestamp="2026-08-19T12:20:28.779621+00:00" hostname="agent-env-dacde606-dfba-46df-982c-0c66062e380d"><testcase classname="tests.test_iter87_tier_perks_cart.TestAppConfig" name="test_config_schema_v2_and_tier_perks" time="6.245" /><testcase classname="tests.test_iter87_tier_perks_cart.TestAppConfig" name="test_manifest_schema_v2_and_tier_perks" time="0.422" /><testcase classname="tests.test_iter87_tier_perks_cart.TestAppConfig" name="test_config_and_manifest_perks_identical" time="2.136" /><testcase classname="tests.test_iter87_tier_perks_cart.TestRetailerPatronTier" name="test_login_regression" time="1.129" /><testcase classname="tests.test_iter87_tier_perks_cart.TestRetailerPatronTier" name="test_patron_tier_keys_into_perks" time="0.897" /><testcase classname="tests.test_iter87_tier_perks_cart.TestRetailerPatronTier" name="test_patron_requires_auth" time="0.284" /><testcase classname="tests.test_iter87_tier_perks_cart.TestCartDeepLinkHydration" name="test_products_contains_deeplink_ids" time="0.230" /></testsuite></testsuites>