<?xml version="1.0" encoding="utf-8"?><testsuites name="pytest tests"><testsuite name="pytest" errors="0" failures="0" skipped="0" tests="51" time="10.646" timestamp="2026-08-22T07:46:03.552614+00:00" hostname="agent-env-bf95eed4-9202-472a-b562-99062bb22519"><testcase classname="tests.test_iter98_handoff_supplement.TestRetailerLogin" name="test_login_ok_returns_token_and_retailer" time="3.567" /><testcase classname="tests.test_iter98_handoff_supplement.TestRetailerLogin" name="test_login_wrong_password_401" time="0.375" /><testcase classname="tests.test_iter98_handoff_supplement.TestRetailerLogin" name="test_login_unknown_email_401" time="0.013" /><testcase classname="tests.test_iter98_handoff_supplement.TestRetailerLogin" name="test_legacy_identifier_body_is_rejected" time="0.010" /><testcase classname="tests.test_iter98_handoff_supplement.TestRetailerLogin" name="test_web_context_path_does_not_exist" time="0.009" /><testcase classname="tests.test_iter98_handoff_supplement.TestRetailerLogin" name="test_me_accepts_cookie_and_bearer" time="0.019" /><testcase classname="tests.test_iter98_handoff_supplement.TestRetailerLogin" name="test_me_without_session_401" time="0.005" /><testcase classname="tests.test_iter98_handoff_supplement.TestCustomerLogin" name="test_login_ok" time="1.528" /><testcase classname="tests.test_iter98_handoff_supplement.TestCustomerLogin" name="test_login_wrong_password_401" time="0.411" /><testcase classname="tests.test_iter98_handoff_supplement.TestHandoffCookies" name="test_retailer_consume_sets_only_retailer_cookie" time="0.033" /><testcase classname="tests.test_iter98_handoff_supplement.TestHandoffCookies" name="test_customer_consume_sets_session_token_cookie" time="0.414" /><testcase classname="tests.test_iter98_handoff_supplement.TestHandoffCookies" name="test_create_unauthenticated_401" time="0.011" /><testcase classname="tests.test_iter98_handoff_supplement.TestHandoffCookies" name="test_malformed_nonce_rejected[]" time="0.007" /><testcase classname="tests.test_iter98_handoff_supplement.TestHandoffCookies" name="test_malformed_nonce_rejected[sess_abc]" time="0.008" /><testcase classname="tests.test_iter98_handoff_supplement.TestHandoffCookies" name="test_malformed_nonce_rejected[random]" time="0.011" /><testcase classname="tests.test_iter98_handoff_supplement.TestHandoffCookies" name="test_malformed_nonce_rejected[hoff]" time="0.009" /><testcase classname="tests.test_iter98_handoff_supplement.TestHandoffCookies" name="test_malformed_nonce_rejected[hoff_]" time="0.009" /><testcase classname="tests.test_iter98_handoff_supplement.TestHandoffCookies" name="test_malformed_nonce_rejected[hoff_00000000000000000000000000000000]" time="0.017" /><testcase classname="tests.test_iter98_handoff_supplement.TestPriorIterationRegressions" name="test_mirror_order_snapshot_importable" time="0.001" /><testcase classname="tests.test_iter98_handoff_supplement.TestPriorIterationRegressions" name="test_auth_handoffs_blocklisted" time="0.001" /><testcase classname="tests.test_iter98_handoff_supplement.TestPriorIterationRegressions" name="test_track_order_redirects_308" time="0.050" /><testcase classname="tests.test_iter97_auth_handoff" name="test_handoff_create_requires_auth" time="0.008" /><testcase classname="tests.test_iter97_auth_handoff" name="test_handoff_create_and_consume_happy_path" time="0.883" /><testcase classname="tests.test_iter97_auth_handoff" name="test_handoff_is_single_use" time="0.033" /><testcase classname="tests.test_iter97_auth_handoff" name="test_handoff_rejects_malformed_token" time="0.037" /><testcase classname="tests.test_iter97_auth_handoff" name="test_handoff_rejects_expired_nonce" time="0.046" /><testcase classname="tests.test_iter97_auth_handoff" name="test_auth_handoffs_is_supabase_mirror_blocklisted" time="0.001" /><testcase classname="tests.test_iter97_auth_handoff" name="test_retailer_handoff_create_and_consume" time="0.849" /><testcase classname="tests.test_iter97_auth_handoff" name="test_retailer_handoff_is_single_use" time="0.115" /><testcase classname="tests.test_supabase_mirror" name="test_extract_id_prefers_business_key" time="0.001" /><testcase classname="tests.test_supabase_mirror" name="test_as_datetime_normalises_iso_strings" time="0.001" /><testcase classname="tests.test_supabase_mirror" name="test_user_row_maps_b2b_retailer_fields" time="0.001" /><testcase classname="tests.test_supabase_mirror" name="test_product_row_maps_prices_and_channel" time="0.001" /><testcase classname="tests.test_supabase_mirror" name="test_jsonable_stringifies_datetime" time="0.001" /><testcase classname="tests.test_supabase_mirror" name="test_public_helpers_are_noop_when_disabled" time="0.002" /><testcase classname="tests.test_supabase_mirror" name="test_public_helpers_swallow_no_running_loop" time="0.004" /><testcase classname="tests.test_supabase_mirror" name="test_replay_dead_letter_marks_sent_on_success" time="0.014" /><testcase classname="tests.test_supabase_mirror" name="test_replay_dead_letter_reschedules_on_failure" time="0.008" /><testcase classname="tests.test_supabase_mirror" name="test_replay_abandons_after_max_attempts" time="0.010" /><testcase classname="tests.test_supabase_mirror" name="test_dead_letter_summary_returns_disabled_when_off" time="0.004" /><testcase classname="tests.test_supabase_mirror" name="test_sanitize_strips_sensitive_keys_recursively" time="0.001" /><testcase classname="tests.test_supabase_mirror" name="test_collection_row_uses_business_id_and_sanitises" time="0.001" /><testcase classname="tests.test_supabase_mirror" name="test_collection_row_falls_back_to_mongo_oid_string" time="0.001" /><testcase classname="tests.test_supabase_mirror" name="test_collection_row_none_when_no_id" time="0.001" /><testcase classname="tests.test_supabase_mirror" name="test_mirror_collection_upsert_skips_blocklist" time="0.006" /><testcase classname="tests.test_supabase_mirror" name="test_mirror_collection_delete_skips_blocklist" time="0.009" /><testcase classname="tests.test_supabase_mirror" name="test_mirror_order_snapshot_b2c_reads_and_mirrors" time="0.007" /><testcase classname="tests.test_supabase_mirror" name="test_mirror_order_snapshot_b2b_reads_and_mirrors" time="0.012" /><testcase classname="tests.test_supabase_mirror" name="test_mirror_order_snapshot_noop_when_mirror_disabled" time="0.006" /><testcase classname="tests.test_supabase_mirror" name="test_mirror_order_snapshot_swallows_mongo_errors" time="0.008" /><testcase classname="tests.test_supabase_mirror" name="test_mirror_order_snapshot_ignores_missing_key" time="0.007" /></testsuite></testsuites>