<?xml version="1.0" encoding="utf-8"?><testsuites name="pytest tests"><testsuite name="pytest" errors="0" failures="2" skipped="0" tests="12" time="3.869" timestamp="2026-08-01T13:25:30.038921+00:00" hostname="agent-env-09f0605b-deed-4330-833b-83b8563d6c6c"><testcase classname="backend.tests.test_iteration_67.TestBlogSSR" name="test_blog_api_returns_7_posts" time="0.282" /><testcase classname="backend.tests.test_iteration_67.TestBlogSSR" name="test_blog_page_renders_no_ssr_error" time="0.072" /><testcase classname="backend.tests.test_iteration_67.TestAdminProducts" name="test_admin_products_returns_10" time="0.764"><failure message="AssertionError: seed products missing: {'oriental-oudh', 'kesar-kasturi', 'regal-rose', 'mystical-meharishi'}&#10;assert not {'kesar-kasturi', 'mystical-meharishi', 'oriental-oudh', 'regal-rose'}">backend/tests/test_iteration_67.py:87: in test_admin_products_returns_10
    assert not missing, f"seed products missing: {missing}"
E   AssertionError: seed products missing: {'oriental-oudh', 'kesar-kasturi', 'regal-rose', 'mystical-meharishi'}
E   assert not {'kesar-kasturi', 'mystical-meharishi', 'oriental-oudh', 'regal-rose'}</failure></testcase><testcase classname="backend.tests.test_iteration_67.TestAdminProducts" name="test_product_size_stock_field_accepted" time="0.052"><failure message="AssertionError: {&quot;detail&quot;:[{&quot;type&quot;:&quot;missing&quot;,&quot;loc&quot;:[&quot;body&quot;,&quot;sizes&quot;,0,&quot;mrp&quot;],&quot;msg&quot;:&quot;Field required&quot;,&quot;input&quot;:{&quot;size&quot;:&quot;50g&quot;,&quot;price&quot;:100,&quot;stock&quot;:42},&quot;url&quot;:&quot;https://errors.pydantic.dev/2.12/v/missing&quot;}]}&#10;assert 422 in (200, 201, 409, 400)&#10; +  where 422 = &lt;Response [422]&gt;.status_code">backend/tests/test_iteration_67.py:99: in test_product_size_stock_field_accepted
    assert r.status_code in (200, 201, 409, 400), r.text
E   AssertionError: {"detail":[{"type":"missing","loc":["body","sizes",0,"mrp"],"msg":"Field required","input":{"size":"50g","price":100,"stock":42},"url":"https://errors.pydantic.dev/2.12/v/missing"}]}
E   assert 422 in (200, 201, 409, 400)
E    +  where 422 = &lt;Response [422]&gt;.status_code</failure></testcase><testcase classname="backend.tests.test_iteration_67.TestVerifiedPartner" name="test_retailers_flag_and_no_pii_leak" time="0.820" /><testcase classname="backend.tests.test_iteration_67.TestSocialCrossPost" name="test_unauth_returns_401" time="0.178" /><testcase classname="backend.tests.test_iteration_67.TestSocialCrossPost" name="test_admin_get_returns_7_platforms" time="0.051" /><testcase classname="backend.tests.test_iteration_67.TestSocialCrossPost" name="test_admin_put_telegram_config" time="0.098" /><testcase classname="backend.tests.test_iteration_67.TestSocialCrossPost" name="test_test_post_returns_platform" time="0.592" /><testcase classname="backend.tests.test_iteration_67.TestRegression" name="test_impact_trees" time="0.049" /><testcase classname="backend.tests.test_iteration_67.TestRegression" name="test_brochure_download_pdf" time="0.231" /><testcase classname="backend.tests.test_iteration_67.TestRegression" name="test_partner_coupon_bad_signature" time="0.052" /></testsuite></testsuites>