<?xml version="1.0" encoding="utf-8"?><testsuites name="pytest tests"><testsuite name="pytest" errors="0" failures="0" skipped="1" tests="11" time="2.896" timestamp="2026-02-12T12:58:29.680005+00:00" hostname="agent-env-e8cec2fb-1424-453e-bf09-07e3557fd8d8"><testcase classname="backend.tests.test_login_username_landmark.TestLoginWithEmailOrUsername" name="test_login_endpoint_accepts_identifier_field" time="0.193" /><testcase classname="backend.tests.test_login_username_landmark.TestLoginWithEmailOrUsername" name="test_login_with_username_format" time="0.133" /><testcase classname="backend.tests.test_login_username_landmark.TestLoginWithEmailOrUsername" name="test_login_with_email_format" time="0.068" /><testcase classname="backend.tests.test_login_username_landmark.TestLoginWithEmailOrUsername" name="test_login_returns_username_in_response" time="0.406"><skipped type="pytest.skip" message="No dev_otp returned - email service may be configured">/app/backend/tests/test_login_username_landmark.py:81: No dev_otp returned - email service may be configured</skipped></testcase><testcase classname="backend.tests.test_login_username_landmark.TestAdminCleanupUsersWithoutUsername" name="test_cleanup_endpoint_exists_with_preview_mode" time="0.491" /><testcase classname="backend.tests.test_login_username_landmark.TestAdminCleanupUsersWithoutUsername" name="test_cleanup_endpoint_with_confirm_false" time="0.420" /><testcase classname="backend.tests.test_login_username_landmark.TestAdminCleanupUsersWithoutUsername" name="test_cleanup_endpoint_with_confirm_true" time="0.638" /><testcase classname="backend.tests.test_login_username_landmark.TestUsernameAvailabilityEndpoint" name="test_check_username_availability" time="0.084" /><testcase classname="backend.tests.test_login_username_landmark.TestUsernameAvailabilityEndpoint" name="test_check_username_validation" time="0.192" /><testcase classname="backend.tests.test_login_username_landmark.TestUserLoginModel" name="test_login_requires_identifier_not_email" time="0.069" /><testcase classname="backend.tests.test_login_username_landmark.TestUserLoginModel" name="test_login_accepts_identifier" time="0.045" /></testsuite></testsuites>