<?xml version="1.0" encoding="utf-8"?><testsuites name="pytest tests"><testsuite name="pytest" errors="0" failures="0" skipped="0" tests="10" time="2.356" timestamp="2026-01-17T04:30:34.877464+00:00" hostname="agent-env-f67924e0-4098-4dd0-8c62-af8edfe99b30"><testcase classname="tests.test_maps_email.TestMapMyIndiaIntegration" name="test_maps_token_endpoint_returns_valid_token" time="0.104" /><testcase classname="tests.test_maps_email.TestMapMyIndiaIntegration" name="test_retailers_endpoint_returns_list" time="0.068" /><testcase classname="tests.test_maps_email.TestMapMyIndiaIntegration" name="test_retailers_have_valid_coordinates" time="0.065" /><testcase classname="tests.test_maps_email.TestEmailOTPFlow" name="test_send_otp_to_gmail_address" time="0.361" /><testcase classname="tests.test_maps_email.TestEmailOTPFlow" name="test_send_otp_validates_email_format" time="0.274" /><testcase classname="tests.test_maps_email.TestEmailOTPFlow" name="test_verify_otp_flow" time="0.257" /><testcase classname="tests.test_maps_email.TestEmailOTPFlow" name="test_verify_otp_rejects_wrong_otp" time="0.288" /><testcase classname="tests.test_maps_email.TestEmailOTPFlow" name="test_register_with_otp_flow" time="0.271" /><testcase classname="tests.test_maps_email.TestExistingUserLogin" name="test_login_with_test_credentials" time="0.382" /><testcase classname="tests.test_maps_email.TestHealthCheck" name="test_api_health" time="0.049" /></testsuite></testsuites>