<?xml version="1.0" encoding="utf-8"?><testsuites name="pytest tests"><testsuite name="pytest" errors="0" failures="0" skipped="0" tests="16" time="4.288" timestamp="2026-03-03T14:54:19.532348+00:00" hostname="agent-env-54cb2ed3-b435-4f9f-bce7-3a55a0c6b169"><testcase classname="tests.test_model_refactoring_regression.TestHealthAndBasicAPIs" name="test_health_endpoint" time="0.292" /><testcase classname="tests.test_model_refactoring_regression.TestHealthAndBasicAPIs" name="test_products_endpoint" time="0.149" /><testcase classname="tests.test_model_refactoring_regression.TestRewardsSystemAPIs" name="test_rewards_info_public_endpoint" time="0.161" /><testcase classname="tests.test_model_refactoring_regression.TestRewardsSystemAPIs" name="test_rewards_balance_requires_auth" time="0.155" /><testcase classname="tests.test_model_refactoring_regression.TestRewardsSystemAPIs" name="test_rewards_history_requires_auth" time="0.159" /><testcase classname="tests.test_model_refactoring_regression.TestRetailersAPIs" name="test_states_districts_endpoint" time="0.167" /><testcase classname="tests.test_model_refactoring_regression.TestRetailersAPIs" name="test_retailers_by_location" time="0.169" /><testcase classname="tests.test_model_refactoring_regression.TestRetailersAPIs" name="test_admin_retailers_requires_auth" time="0.145" /><testcase classname="tests.test_model_refactoring_regression.TestRetailersAPIs" name="test_admin_user_rewards_requires_auth" time="0.148" /><testcase classname="tests.test_model_refactoring_regression.TestUserAuthenticationFlow" name="test_user_login_success" time="0.513" /><testcase classname="tests.test_model_refactoring_regression.TestUserAuthenticationFlow" name="test_authenticated_rewards_balance" time="0.076" /><testcase classname="tests.test_model_refactoring_regression.TestUserAuthenticationFlow" name="test_authenticated_rewards_history" time="0.083" /><testcase classname="tests.test_model_refactoring_regression.TestUserAuthenticationFlow" name="test_authenticated_max_redemption" time="0.090" /><testcase classname="tests.test_model_refactoring_regression.TestUserRegistration" name="test_registration_with_new_user" time="0.586" /><testcase classname="tests.test_model_refactoring_regression.TestAdminAuthentication" name="test_admin_login_initiate" time="0.897" /><testcase classname="tests.test_model_refactoring_regression.TestAdminAuthentication" name="test_admin_login_verify_without_otp" time="0.166" /></testsuite></testsuites>