<?xml version="1.0" encoding="utf-8"?><testsuites name="pytest tests"><testsuite name="pytest" errors="0" failures="0" skipped="0" tests="19" time="6.026" timestamp="2026-04-24T19:31:10.837981+00:00" hostname="agent-env-22ee7114-b106-40c9-adda-650e80d21732"><testcase classname="backend.tests.test_new_features_jan2026.TestRoyalKewdaProduct" name="test_royal_kewda_exists" time="0.376" /><testcase classname="backend.tests.test_new_features_jan2026.TestRoyalKewdaProduct" name="test_royal_kewda_price_and_size" time="0.264" /><testcase classname="backend.tests.test_new_features_jan2026.TestRoyalKewdaProduct" name="test_royal_kewda_fragrance_notes" time="0.247" /><testcase classname="backend.tests.test_new_features_jan2026.TestRoyalKewdaProduct" name="test_royal_kewda_is_available" time="0.252" /><testcase classname="backend.tests.test_new_features_jan2026.TestRoyalKewdaProduct" name="test_royal_kewda_no_reviews" time="0.243" /><testcase classname="backend.tests.test_new_features_jan2026.TestBakhoorCustomerReviews" name="test_grated_omani_has_reviews" time="0.247" /><testcase classname="backend.tests.test_new_features_jan2026.TestBakhoorCustomerReviews" name="test_grated_omani_rating" time="0.250" /><testcase classname="backend.tests.test_new_features_jan2026.TestBakhoorCustomerReviews" name="test_grated_omani_review_structure" time="0.257" /><testcase classname="backend.tests.test_new_features_jan2026.TestBakhoorCustomerReviews" name="test_yemeni_bakhoor_has_reviews" time="0.219" /><testcase classname="backend.tests.test_new_features_jan2026.TestBakhoorCustomerReviews" name="test_yemeni_bakhoor_rating" time="0.231" /><testcase classname="backend.tests.test_new_features_jan2026.TestBakhoorCustomerReviews" name="test_kesar_chandan_no_customer_reviews" time="0.208" /><testcase classname="backend.tests.test_new_features_jan2026.TestLLMsTextFiles" name="test_llms_txt_accessible" time="0.215" /><testcase classname="backend.tests.test_new_features_jan2026.TestLLMsTextFiles" name="test_llms_txt_content" time="0.234" /><testcase classname="backend.tests.test_new_features_jan2026.TestLLMsTextFiles" name="test_llms_full_txt_accessible" time="0.259" /><testcase classname="backend.tests.test_new_features_jan2026.TestLLMsTextFiles" name="test_llms_full_txt_content" time="0.301" /><testcase classname="backend.tests.test_new_features_jan2026.TestProductsListAndRatings" name="test_all_products_count" time="0.216" /><testcase classname="backend.tests.test_new_features_jan2026.TestProductsListAndRatings" name="test_royal_kewda_in_products_list" time="0.342" /><testcase classname="backend.tests.test_new_features_jan2026.TestProductsListAndRatings" name="test_bakhoor_ratings_in_list" time="0.230" /><testcase classname="backend.tests.test_new_features_jan2026.TestAddToCartRoyalKewda" name="test_add_royal_kewda_to_cart" time="1.029" /></testsuite></testsuites>