<?xml version="1.0" encoding="utf-8"?><testsuites name="pytest tests"><testsuite name="pytest" errors="0" failures="0" skipped="0" tests="15" time="4.597" timestamp="2026-03-14T09:26:34.061120+00:00" hostname="agent-env-c5fee182-fa13-4d1b-a887-64ec3ae6d793"><testcase classname="backend.tests.test_p1_features.TestB2BPricing" name="test_b2b_discount_rate" time="0.001" /><testcase classname="backend.tests.test_p1_features.TestB2BPricing" name="test_b2b_catalog_unauthorized" time="0.151" /><testcase classname="backend.tests.test_p1_features.TestAdminAuthentication" name="test_admin_auth_flow_initiates" time="0.651" /><testcase classname="backend.tests.test_p1_features.TestProfileChangeTickets" name="test_profile_tickets_list_unauthorized" time="0.115" /><testcase classname="backend.tests.test_p1_features.TestProfileChangeTickets" name="test_profile_tickets_list_authorized" time="1.185" /><testcase classname="backend.tests.test_p1_features.TestProfileChangeTickets" name="test_profile_ticket_detail_requires_auth" time="0.116" /><testcase classname="backend.tests.test_p1_features.TestProfileChangeTickets" name="test_profile_ticket_detail_not_found" time="0.125" /><testcase classname="backend.tests.test_p1_features.TestProfileChangeTickets" name="test_profile_ticket_review_unauthorized" time="0.114" /><testcase classname="backend.tests.test_p1_features.TestB2BOrderStatusEmail" name="test_b2b_orders_list" time="0.946" /><testcase classname="backend.tests.test_p1_features.TestB2BOrderStatusEmail" name="test_b2b_order_status_update_invalid_order" time="0.129" /><testcase classname="backend.tests.test_p1_features.TestB2BOrderStatusEmail" name="test_b2b_order_status_update_invalid_status" time="0.136" /><testcase classname="backend.tests.test_p1_features.TestAPIHealthAndBasics" name="test_health_endpoint" time="0.125" /><testcase classname="backend.tests.test_p1_features.TestAPIHealthAndBasics" name="test_retailers_public_list" time="0.113" /><testcase classname="backend.tests.test_p1_features.TestAPIHealthAndBasics" name="test_admin_login_wrong_pin" time="0.385" /><testcase classname="backend.tests.test_p1_features.TestAPIHealthAndBasics" name="test_admin_login_wrong_email" time="0.149" /></testsuite></testsuites>