<?xml version="1.0" encoding="utf-8"?><testsuites name="pytest tests"><testsuite name="pytest" errors="0" failures="0" skipped="0" tests="19" time="6.800" timestamp="2026-03-27T23:06:59.831982+00:00" hostname="agent-env-7411bace-1136-46da-9c59-886c8a5a1732"><testcase classname="backend.tests.test_password_recovery.TestUserPasswordRecovery" name="test_initiate_with_invalid_phone" time="0.294" /><testcase classname="backend.tests.test_password_recovery.TestUserPasswordRecovery" name="test_initiate_with_empty_phone" time="0.197" /><testcase classname="backend.tests.test_password_recovery.TestUserPasswordRecovery" name="test_verify_otp_with_invalid_token" time="0.170" /><testcase classname="backend.tests.test_password_recovery.TestUserPasswordRecovery" name="test_reset_password_with_invalid_token" time="0.140" /><testcase classname="backend.tests.test_password_recovery.TestAdminPinRecovery" name="test_initiate_with_valid_admin_email" time="0.424" /><testcase classname="backend.tests.test_password_recovery.TestAdminPinRecovery" name="test_initiate_with_invalid_admin_email" time="0.138" /><testcase classname="backend.tests.test_password_recovery.TestAdminPinRecovery" name="test_initiate_with_empty_email" time="0.180" /><testcase classname="backend.tests.test_password_recovery.TestAdminPinRecovery" name="test_verify_otp_with_invalid_otp" time="0.566" /><testcase classname="backend.tests.test_password_recovery.TestAdminPinRecovery" name="test_verify_otp_with_master_password" time="0.795" /><testcase classname="backend.tests.test_password_recovery.TestAdminPinRecovery" name="test_verify_otp_with_invalid_token" time="0.169" /><testcase classname="backend.tests.test_password_recovery.TestAdminPinRecovery" name="test_reset_pin_with_unverified_token" time="0.565" /><testcase classname="backend.tests.test_password_recovery.TestAdminPinRecovery" name="test_reset_pin_with_short_pin" time="0.701" /><testcase classname="backend.tests.test_password_recovery.TestAdminPinRecovery" name="test_full_admin_recovery_flow" time="1.179" /><testcase classname="backend.tests.test_password_recovery.TestEndpointAvailability" name="test_user_initiate_endpoint_exists" time="0.224" /><testcase classname="backend.tests.test_password_recovery.TestEndpointAvailability" name="test_user_verify_endpoint_exists" time="0.170" /><testcase classname="backend.tests.test_password_recovery.TestEndpointAvailability" name="test_user_reset_endpoint_exists" time="0.185" /><testcase classname="backend.tests.test_password_recovery.TestEndpointAvailability" name="test_admin_initiate_endpoint_exists" time="0.153" /><testcase classname="backend.tests.test_password_recovery.TestEndpointAvailability" name="test_admin_verify_endpoint_exists" time="0.169" /><testcase classname="backend.tests.test_password_recovery.TestEndpointAvailability" name="test_admin_reset_endpoint_exists" time="0.190" /></testsuite></testsuites>