<?xml version="1.0" encoding="utf-8"?><testsuites name="pytest tests"><testsuite name="pytest" errors="0" failures="0" skipped="0" tests="16" time="5.251" timestamp="2026-04-07T08:43:29.698871+00:00" hostname="agent-env-8ecb822a-f8d2-4d33-a657-9fe15e467c53"><testcase classname="tests.test_products_notify_me.TestProductsAPI" name="test_get_products_returns_7_products" time="0.328" /><testcase classname="tests.test_products_notify_me.TestProductsAPI" name="test_products_have_required_fields" time="0.152" /><testcase classname="tests.test_products_notify_me.TestProductsAPI" name="test_coming_soon_products_exist" time="0.171" /><testcase classname="tests.test_products_notify_me.TestProductsAPI" name="test_get_single_product_by_id" time="0.196" /><testcase classname="tests.test_products_notify_me.TestProductsAPI" name="test_get_coming_soon_product" time="0.155" /><testcase classname="tests.test_products_notify_me.TestNotifyMeAPI" name="test_notify_me_success_for_coming_soon" time="0.167" /><testcase classname="tests.test_products_notify_me.TestNotifyMeAPI" name="test_notify_me_fails_for_regular_product" time="0.145" /><testcase classname="tests.test_products_notify_me.TestNotifyMeAPI" name="test_notify_me_fails_for_invalid_product" time="0.152" /><testcase classname="tests.test_products_notify_me.TestNotifyMeAPI" name="test_notify_me_requires_valid_email" time="0.149" /><testcase classname="tests.test_products_notify_me.TestCartBlockingComingSoon" name="test_cart_add_blocked_for_coming_soon" time="0.147" /><testcase classname="tests.test_products_notify_me.TestCartBlockingComingSoon" name="test_cart_add_succeeds_for_regular_product" time="0.143" /><testcase classname="tests.test_products_notify_me.TestAdminProductsAPI" name="test_admin_get_all_products" time="1.664" /><testcase classname="tests.test_products_notify_me.TestAdminProductsAPI" name="test_admin_get_notify_me_signups" time="0.155" /><testcase classname="tests.test_products_notify_me.TestAdminProductsAPI" name="test_admin_create_and_delete_product" time="0.331" /><testcase classname="tests.test_products_notify_me.TestAdminProductsAPI" name="test_admin_toggle_active" time="0.609" /><testcase classname="tests.test_products_notify_me.TestAdminProductsAPI" name="test_admin_endpoints_require_auth" time="0.299" /></testsuite></testsuites>