<?xml version="1.0" encoding="utf-8"?><testsuites name="pytest tests"><testsuite name="pytest" errors="0" failures="0" skipped="0" tests="23" time="14.068" timestamp="2026-03-13T10:15:16.110856+00:00" hostname="agent-env-5daa4e79-5dd1-4526-a38e-cf1af9d95fb0"><testcase classname="backend.tests.test_profile_change_tickets.TestRetailerProfileChangeTickets" name="test_create_profile_change_ticket_name_address" time="1.683" /><testcase classname="backend.tests.test_profile_change_tickets.TestRetailerProfileChangeTickets" name="test_create_profile_change_ticket_gst" time="0.257" /><testcase classname="backend.tests.test_profile_change_tickets.TestRetailerProfileChangeTickets" name="test_create_profile_change_ticket_spoc" time="0.327" /><testcase classname="backend.tests.test_profile_change_tickets.TestRetailerProfileChangeTickets" name="test_create_profile_change_ticket_other" time="0.283" /><testcase classname="backend.tests.test_profile_change_tickets.TestRetailerProfileChangeTickets" name="test_create_ticket_invalid_type" time="0.142" /><testcase classname="backend.tests.test_profile_change_tickets.TestRetailerProfileChangeTickets" name="test_create_ticket_short_description" time="0.262" /><testcase classname="backend.tests.test_profile_change_tickets.TestRetailerProfileChangeTickets" name="test_list_profile_change_tickets" time="0.224" /><testcase classname="backend.tests.test_profile_change_tickets.TestRetailerProfileChangeTickets" name="test_list_tickets_with_status_filter" time="0.384" /><testcase classname="backend.tests.test_profile_change_tickets.TestRetailerProfileChangeTickets" name="test_get_ticket_detail" time="0.695" /><testcase classname="backend.tests.test_profile_change_tickets.TestRetailerProfileChangeTickets" name="test_get_ticket_not_found" time="0.379" /><testcase classname="backend.tests.test_profile_change_tickets.TestRetailerProfileChangeTickets" name="test_unauthenticated_access" time="0.217" /><testcase classname="backend.tests.test_profile_change_tickets.TestAdminProfileChangeTickets" name="test_admin_list_all_tickets" time="1.597" /><testcase classname="backend.tests.test_profile_change_tickets.TestAdminProfileChangeTickets" name="test_admin_filter_by_status" time="0.304" /><testcase classname="backend.tests.test_profile_change_tickets.TestAdminProfileChangeTickets" name="test_admin_get_ticket_detail" time="0.698" /><testcase classname="backend.tests.test_profile_change_tickets.TestAdminProfileChangeTickets" name="test_admin_update_ticket_under_review" time="0.609" /><testcase classname="backend.tests.test_profile_change_tickets.TestAdminProfileChangeTickets" name="test_admin_approve_ticket" time="0.591" /><testcase classname="backend.tests.test_profile_change_tickets.TestAdminProfileChangeTickets" name="test_admin_reject_ticket" time="1.374" /><testcase classname="backend.tests.test_profile_change_tickets.TestAdminProfileChangeTickets" name="test_admin_invalid_status_update" time="0.609" /><testcase classname="backend.tests.test_profile_change_tickets.TestAdminProfileChangeTickets" name="test_admin_unauthenticated" time="0.410" /><testcase classname="backend.tests.test_profile_change_tickets.TestProfileImageSelfService" name="test_profile_image_upload" time="1.025" /><testcase classname="backend.tests.test_profile_change_tickets.TestProfileImageSelfService" name="test_profile_image_delete" time="0.201" /><testcase classname="backend.tests.test_profile_change_tickets.TestProfileImageSelfService" name="test_profile_image_too_large" time="0.682" /><testcase classname="backend.tests.test_profile_change_tickets.TestProfileImageSelfService" name="test_profile_image_unauthenticated" time="0.250" /></testsuite></testsuites>