<?xml version="1.0" encoding="utf-8"?><testsuites name="pytest tests"><testsuite name="pytest" errors="0" failures="0" skipped="0" tests="14" time="14.272" timestamp="2026-02-18T04:55:14.205209+00:00" hostname="agent-env-a34f1875-5c17-4b70-abbd-0399184c4d25"><testcase classname="backend.tests.test_registration_shipping.TestShippingThresholds" name="test_bhagalpur_zone_threshold" time="2.482" /><testcase classname="backend.tests.test_registration_shipping.TestShippingThresholds" name="test_bhagalpur_free_shipping_above_threshold" time="1.300" /><testcase classname="backend.tests.test_registration_shipping.TestShippingThresholds" name="test_delhi_ncr_zone_threshold" time="1.417" /><testcase classname="backend.tests.test_registration_shipping.TestShippingThresholds" name="test_delhi_free_shipping_above_threshold" time="1.046" /><testcase classname="backend.tests.test_registration_shipping.TestShippingThresholds" name="test_rest_of_india_zone_threshold" time="1.197" /><testcase classname="backend.tests.test_registration_shipping.TestShippingThresholds" name="test_rest_of_india_free_shipping_above_threshold" time="1.077" /><testcase classname="backend.tests.test_registration_shipping.TestShippingThresholds" name="test_free_shipping_thresholds_api" time="0.224" /><testcase classname="backend.tests.test_registration_shipping.TestRegistrationOTP" name="test_send_otp_valid_email" time="0.907" /><testcase classname="backend.tests.test_registration_shipping.TestRegistrationOTP" name="test_send_otp_invalid_email_format" time="0.146" /><testcase classname="backend.tests.test_registration_shipping.TestDuplicateAccountPrevention" name="test_duplicate_email_rejected" time="1.064" /><testcase classname="backend.tests.test_registration_shipping.TestDuplicateAccountPrevention" name="test_duplicate_phone_rejected" time="1.206" /><testcase classname="backend.tests.test_registration_shipping.TestRegistrationFields" name="test_registration_requires_gender" time="0.626" /><testcase classname="backend.tests.test_registration_shipping.TestRegistrationFields" name="test_registration_requires_address" time="1.056" /><testcase classname="backend.tests.test_registration_shipping.TestGenderTitleMapping" name="test_male_gender_sets_mr_title" time="0.001" /></testsuite></testsuites>