<?xml version="1.0" encoding="utf-8"?><testsuites name="pytest tests"><testsuite name="pytest" errors="0" failures="0" skipped="0" tests="6" time="5.008" timestamp="2026-02-18T05:56:45.254054+00:00" hostname="agent-env-a34f1875-5c17-4b70-abbd-0399184c4d25"><testcase classname="backend.tests.test_registration_form_fields.TestDuplicateEmailCheck" name="test_duplicate_email_blocked_on_otp_send" time="1.179" /><testcase classname="backend.tests.test_registration_form_fields.TestDuplicatePhoneCheck" name="test_duplicate_phone_blocked_on_registration" time="1.701" /><testcase classname="backend.tests.test_registration_form_fields.TestNewFieldsInRegistration" name="test_registration_with_all_new_fields" time="0.880" /><testcase classname="backend.tests.test_registration_form_fields.TestNewFieldsInRegistration" name="test_registration_without_optional_fields" time="0.837" /><testcase classname="backend.tests.test_registration_form_fields.TestFieldOrderVerification" name="test_field_order_documentation" time="0.000" /><testcase classname="backend.tests.test_registration_form_fields.TestTitleGenderAutoMapping" name="test_title_gender_mapping_documentation" time="0.000" /></testsuite></testsuites>