<?xml version="1.0" encoding="utf-8"?><testsuites name="pytest tests"><testsuite name="pytest" errors="0" failures="1" skipped="0" tests="17" time="6.325" timestamp="2026-02-22T16:36:33.087678+00:00" hostname="agent-env-2c0dcf07-d05a-479e-907e-dd1c1755e307"><testcase classname="backend.tests.test_wishlist.TestWishlistUnauthenticated" name="test_get_wishlist_unauthenticated" time="0.776" /><testcase classname="backend.tests.test_wishlist.TestWishlistUnauthenticated" name="test_add_to_wishlist_unauthenticated" time="0.271" /><testcase classname="backend.tests.test_wishlist.TestWishlistCRUD" name="test_get_empty_wishlist" time="0.229" /><testcase classname="backend.tests.test_wishlist.TestWishlistCRUD" name="test_add_item_to_wishlist" time="0.261" /><testcase classname="backend.tests.test_wishlist.TestWishlistCRUD" name="test_add_duplicate_item" time="0.286" /><testcase classname="backend.tests.test_wishlist.TestWishlistCRUD" name="test_add_multiple_items" time="0.277" /><testcase classname="backend.tests.test_wishlist.TestWishlistCRUD" name="test_get_wishlist_with_items" time="0.372" /><testcase classname="backend.tests.test_wishlist.TestWishlistCRUD" name="test_remove_item_from_wishlist" time="0.319" /><testcase classname="backend.tests.test_wishlist.TestWishlistCRUD" name="test_remove_nonexistent_item" time="0.332"><failure message="assert 404 == 200&#10; +  where 404 = &lt;Response [404]&gt;.status_code">backend/tests/test_wishlist.py:228: in test_remove_nonexistent_item
    assert response.status_code == 200  # Documenting actual behavior
    ^^^^^^^^^^^^^^^^^^^^^^^^^^^^^^^^^^
E   assert 404 == 200
E    +  where 404 = &lt;Response [404]&gt;.status_code</failure></testcase><testcase classname="backend.tests.test_wishlist.TestWishlistCRUD" name="test_clear_wishlist" time="0.386" /><testcase classname="backend.tests.test_wishlist.TestWishlistSharing" name="test_share_wishlist" time="0.268" /><testcase classname="backend.tests.test_wishlist.TestWishlistSharing" name="test_share_empty_wishlist" time="0.209" /><testcase classname="backend.tests.test_wishlist.TestWishlistSharing" name="test_get_shared_wishlist" time="0.422" /><testcase classname="backend.tests.test_wishlist.TestWishlistSharing" name="test_get_nonexistent_shared_wishlist" time="0.293" /><testcase classname="backend.tests.test_wishlist.TestWishlistSharing" name="test_unshare_wishlist" time="0.540" /><testcase classname="backend.tests.test_wishlist.TestWishlistSharing" name="test_shared_wishlist_checkout" time="0.495" /><testcase classname="backend.tests.test_wishlist.TestWishlistWithDifferentSizes" name="test_add_same_product_different_sizes" time="0.295" /></testsuite></testsuites>