<?xml version="1.0" encoding="utf-8"?><testsuites name="pytest tests"><testsuite name="pytest" errors="0" failures="0" skipped="0" tests="14" time="2.782" timestamp="2026-02-22T16:36:15.878901+00:00" hostname="agent-env-2c0dcf07-d05a-479e-907e-dd1c1755e307"><testcase classname="backend.tests.test_order_pricing_refactor.TestHealthCheck" name="test_api_health" time="0.190" /><testcase classname="backend.tests.test_order_pricing_refactor.TestProductsAPI" name="test_products_endpoint" time="0.127" /><testcase classname="backend.tests.test_order_pricing_refactor.TestCouponValidation" name="test_discount_code_validation_endpoint" time="0.127" /><testcase classname="backend.tests.test_order_pricing_refactor.TestCouponValidation" name="test_discount_code_not_applied_for_self_pickup" time="0.550" /><testcase classname="backend.tests.test_order_pricing_refactor.TestShippingOrderCreation" name="test_shipping_order_creation" time="0.650" /><testcase classname="backend.tests.test_order_pricing_refactor.TestSelfPickupOrderCreation" name="test_self_pickup_pay_at_store" time="0.547" /><testcase classname="backend.tests.test_order_pricing_refactor.TestSelfPickupOrderCreation" name="test_self_pickup_pay_online" time="0.246" /><testcase classname="backend.tests.test_order_pricing_refactor.TestOrderStatusLogic" name="test_shipping_order_status_would_be_confirmed" time="0.005" /><testcase classname="backend.tests.test_order_pricing_refactor.TestOrderStatusLogic" name="test_self_pickup_pay_at_store_status" time="0.001" /><testcase classname="backend.tests.test_order_pricing_refactor.TestOrderStatusLogic" name="test_self_pickup_pay_online_status" time="0.001" /><testcase classname="backend.tests.test_order_pricing_refactor.TestCouponValidationService" name="test_coupon_validation_service_function_sync" time="0.001" /><testcase classname="backend.tests.test_order_pricing_refactor.TestCouponValidationService" name="test_coupon_validation_empty_code_sync" time="0.001" /><testcase classname="backend.tests.test_order_pricing_refactor.TestPackageCalculation" name="test_package_calculation_service" time="0.001" /><testcase classname="backend.tests.test_order_pricing_refactor.TestRetailerAssignment" name="test_retailers_endpoint_for_pickup" time="0.123" /></testsuite></testsuites>