<?xml version="1.0" encoding="utf-8"?><testsuites name="pytest tests"><testsuite name="pytest" errors="0" failures="0" skipped="0" tests="9" time="2.220" timestamp="2026-02-22T16:41:06.817394+00:00" hostname="agent-env-2c0dcf07-d05a-479e-907e-dd1c1755e307"><testcase classname="backend.tests.test_checkout_selfpickup.TestRetailersAPI" name="test_get_all_retailers" time="0.175" /><testcase classname="backend.tests.test_checkout_selfpickup.TestRetailersAPI" name="test_get_self_pickup_retailers" time="0.148" /><testcase classname="backend.tests.test_checkout_selfpickup.TestShippingConfig" name="test_shipping_rates_endpoint" time="1.047" /><testcase classname="backend.tests.test_checkout_selfpickup.TestShippingConfig" name="test_shipping_tier_logic_via_checkout" time="0.001" /><testcase classname="backend.tests.test_checkout_selfpickup.TestProductPricing" name="test_products_api_returns_data" time="0.134" /><testcase classname="backend.tests.test_checkout_selfpickup.TestProductPricing" name="test_50g_mrp_is_110" time="0.129" /><testcase classname="backend.tests.test_checkout_selfpickup.TestProductPricing" name="test_200g_mrp_is_402" time="0.174" /><testcase classname="backend.tests.test_checkout_selfpickup.TestDiscountCodes" name="test_discount_code_validation" time="0.138" /><testcase classname="backend.tests.test_checkout_selfpickup.TestHealthCheck" name="test_api_health" time="0.146" /></testsuite></testsuites>