<?xml version="1.0" encoding="utf-8"?><testsuites name="pytest tests"><testsuite name="pytest" errors="0" failures="0" skipped="2" tests="13" time="5.727" timestamp="2026-03-13T09:29:55.609420+00:00" hostname="agent-env-82c73a7d-d422-4278-8c4d-343d6d3a771a"><testcase classname="tests.test_retailer_admin_features.TestAdminRetailerListEndpoint" name="test_list_retailers_with_auth" time="0.238" /><testcase classname="tests.test_retailer_admin_features.TestAdminRetailerListEndpoint" name="test_list_retailers_without_auth" time="0.149" /><testcase classname="tests.test_retailer_admin_features.TestAdminRetailerListEndpoint" name="test_list_retailers_filter_by_status" time="0.187" /><testcase classname="tests.test_retailer_admin_features.TestAdminRetailerUpdate" name="test_update_verified_partner_badge" time="0.580" /><testcase classname="tests.test_retailer_admin_features.TestAdminRetailerUpdate" name="test_update_retailer_label" time="0.663" /><testcase classname="tests.test_retailer_admin_features.TestAdminRetailerUpdate" name="test_update_suspend_retailer_with_reason" time="0.570" /><testcase classname="tests.test_retailer_admin_features.TestAdminRetailerDeleteRestore" name="test_soft_delete_retailer" time="0.727" /><testcase classname="tests.test_retailer_admin_features.TestAdminRetailerDeleteRestore" name="test_restore_deleted_retailer" time="0.166"><skipped type="pytest.skip" message="Could not create test retailer: {&quot;detail&quot;:[{&quot;type&quot;:&quot;value_error&quot;,&quot;loc&quot;:[&quot;body&quot;,&quot;gst_number&quot;],&quot;msg&quot;:&quot;Value error, Invalid GST Number format&quot;,&quot;input&quot;:&quot;22ABF86241Z5XXX&quot;,&quot;ctx&quot;:{&quot;error&quot;:{}},&quot;url&quot;:&quot;https://errors.pydantic.dev/2.12/v/value_error&quot;}]}">/app/backend/tests/test_retailer_admin_features.py:354: Could not create test retailer: {"detail":[{"type":"value_error","loc":["body","gst_number"],"msg":"Value error, Invalid GST Number format","input":"22ABF86241Z5XXX","ctx":{"error":{}},"url":"https://errors.pydantic.dev/2.12/v/value_error"}]}</skipped></testcase><testcase classname="tests.test_retailer_admin_features.TestAdminRetailerDeleteRestore" name="test_restore_non_deleted_retailer_fails" time="0.282" /><testcase classname="tests.test_retailer_admin_features.TestAdminRetailerDeleteRestore" name="test_permanent_delete_retailer" time="0.147"><skipped type="pytest.skip" message="Could not create test retailer: {&quot;detail&quot;:[{&quot;type&quot;:&quot;value_error&quot;,&quot;loc&quot;:[&quot;body&quot;,&quot;gst_number&quot;],&quot;msg&quot;:&quot;Value error, Invalid GST Number format&quot;,&quot;input&quot;:&quot;22CDE156C1Z5YYY&quot;,&quot;ctx&quot;:{&quot;error&quot;:{}},&quot;url&quot;:&quot;https://errors.pydantic.dev/2.12/v/value_error&quot;}]}">/app/backend/tests/test_retailer_admin_features.py:432: Could not create test retailer: {"detail":[{"type":"value_error","loc":["body","gst_number"],"msg":"Value error, Invalid GST Number format","input":"22CDE156C1Z5YYY","ctx":{"error":{}},"url":"https://errors.pydantic.dev/2.12/v/value_error"}]}</skipped></testcase><testcase classname="tests.test_retailer_admin_features.TestAdminRetailerGet" name="test_get_retailer_by_id" time="0.321" /><testcase classname="tests.test_retailer_admin_features.TestAdminRetailerGet" name="test_get_nonexistent_retailer" time="0.149" /><testcase classname="tests.test_retailer_admin_features.TestEndpointSecurity" name="test_all_admin_endpoints_require_auth" time="0.857" /></testsuite></testsuites>