<?xml version="1.0" encoding="utf-8"?><testsuites name="pytest tests"><testsuite name="pytest" errors="0" failures="0" skipped="0" tests="24" time="13.688" timestamp="2026-03-03T15:39:30.117000+00:00" hostname="agent-env-54cb2ed3-b435-4f9f-bce7-3a55a0c6b169"><testcase classname="backend.tests.test_retailer_dashboard.TestRetailerAuth" name="test_retailer_login_success" time="0.511" /><testcase classname="backend.tests.test_retailer_dashboard.TestRetailerAuth" name="test_retailer_login_wrong_password" time="0.430" /><testcase classname="backend.tests.test_retailer_dashboard.TestRetailerAuth" name="test_retailer_login_nonexistent_email" time="0.170" /><testcase classname="backend.tests.test_retailer_dashboard.TestRetailerAuth" name="test_retailer_validate_session_with_token" time="0.624" /><testcase classname="backend.tests.test_retailer_dashboard.TestRetailerAuth" name="test_retailer_validate_session_without_token" time="0.114" /><testcase classname="backend.tests.test_retailer_dashboard.TestRetailerAuth" name="test_retailer_get_profile" time="0.537" /><testcase classname="backend.tests.test_retailer_dashboard.TestRetailerDashboard" name="test_get_performance_metrics" time="0.575" /><testcase classname="backend.tests.test_retailer_dashboard.TestRetailerDashboard" name="test_get_performance_metrics_unauthorized" time="0.567" /><testcase classname="backend.tests.test_retailer_dashboard.TestRetailerOrders" name="test_get_orders_list" time="0.790" /><testcase classname="backend.tests.test_retailer_dashboard.TestRetailerOrders" name="test_get_orders_filtered_by_status" time="0.662" /><testcase classname="backend.tests.test_retailer_dashboard.TestRetailerOrders" name="test_get_orders_unauthorized" time="0.569" /><testcase classname="backend.tests.test_retailer_dashboard.TestRetailerGrievances" name="test_create_grievance" time="0.578" /><testcase classname="backend.tests.test_retailer_dashboard.TestRetailerGrievances" name="test_get_grievances_list" time="0.522" /><testcase classname="backend.tests.test_retailer_dashboard.TestRetailerGrievances" name="test_create_grievance_missing_fields" time="0.574" /><testcase classname="backend.tests.test_retailer_dashboard.TestRetailerGrievances" name="test_get_grievances_unauthorized" time="0.523" /><testcase classname="backend.tests.test_retailer_dashboard.TestRetailerMessaging" name="test_get_district_retailers" time="0.632" /><testcase classname="backend.tests.test_retailer_dashboard.TestRetailerMessaging" name="test_get_inbox" time="0.555" /><testcase classname="backend.tests.test_retailer_dashboard.TestRetailerMessaging" name="test_get_sent_messages" time="0.537" /><testcase classname="backend.tests.test_retailer_dashboard.TestRetailerMessaging" name="test_messaging_unauthorized" time="0.546" /><testcase classname="backend.tests.test_retailer_dashboard.TestB2BEndpoints" name="test_get_b2b_products" time="0.587" /><testcase classname="backend.tests.test_retailer_dashboard.TestB2BEndpoints" name="test_create_b2b_order_placeholder" time="0.524" /><testcase classname="backend.tests.test_retailer_dashboard.TestAdminRetailerEndpoints" name="test_admin_retailers_performance_requires_auth" time="0.805" /><testcase classname="backend.tests.test_retailer_dashboard.TestAdminRetailerEndpoints" name="test_admin_retailers_grievances_requires_auth" time="0.771" /><testcase classname="backend.tests.test_retailer_dashboard.TestAdminRetailerEndpoints" name="test_admin_retailers_messages_requires_auth" time="0.791" /></testsuite></testsuites>