<?xml version="1.0" encoding="utf-8"?><testsuites name="pytest tests"><testsuite name="pytest" errors="0" failures="0" skipped="0" tests="6" time="3.554" timestamp="2026-03-13T10:02:46.766829+00:00" hostname="agent-env-5daa4e79-5dd1-4526-a38e-cf1af9d95fb0"><testcase classname="backend.tests.test_retailer_badges.TestRetailerBadges" name="test_get_badges_returns_expected_structure" time="0.647" /><testcase classname="backend.tests.test_retailer_badges.TestRetailerBadges" name="test_badges_endpoint_requires_authentication" time="0.583" /><testcase classname="backend.tests.test_retailer_badges.TestRetailerBadges" name="test_badges_endpoint_returns_badge_details" time="0.554" /><testcase classname="backend.tests.test_retailer_badges.TestRetailerBadges" name="test_stats_values_are_valid" time="0.547" /><testcase classname="backend.tests.test_retailer_badges.TestRetailerBadges" name="test_badge_types_are_valid" time="0.533" /><testcase classname="backend.tests.test_retailer_badges.TestRetailerBadges" name="test_invalid_token_returns_401" time="0.561" /></testsuite></testsuites>