<?xml version="1.0" encoding="utf-8"?><testsuites name="pytest tests"><testsuite name="pytest" errors="0" failures="0" skipped="0" tests="25" time="2.941" timestamp="2026-03-14T10:44:23.050724+00:00" hostname="agent-env-c5fee182-fa13-4d1b-a887-64ec3ae6d793"><testcase classname="backend.tests.test_retailer_activity_dashboard.TestRetailerActivityDashboard" name="test_activity_dashboard_returns_200" time="0.239" /><testcase classname="backend.tests.test_retailer_activity_dashboard.TestRetailerActivityDashboard" name="test_activity_dashboard_has_required_fields" time="0.095" /><testcase classname="backend.tests.test_retailer_activity_dashboard.TestRetailerActivityDashboard" name="test_activity_dashboard_summary_fields" time="0.063" /><testcase classname="backend.tests.test_retailer_activity_dashboard.TestRetailerActivityDashboard" name="test_activity_dashboard_retailer_fields" time="0.068" /><testcase classname="backend.tests.test_retailer_activity_dashboard.TestRetailerActivityDashboard" name="test_star_retailer_criteria_is_50_items" time="0.120" /><testcase classname="backend.tests.test_retailer_activity_dashboard.TestRetailerActivityDashboard" name="test_retailer_activity_detail_returns_200" time="0.272" /><testcase classname="backend.tests.test_retailer_activity_dashboard.TestRetailerActivityDashboard" name="test_retailer_activity_detail_has_required_fields" time="0.192" /><testcase classname="backend.tests.test_retailer_activity_dashboard.TestRetailerActivityDashboard" name="test_retailer_activity_detail_90d_performance" time="0.144" /><testcase classname="backend.tests.test_retailer_activity_dashboard.TestRetailerActivityDashboard" name="test_retailer_activity_detail_monthly_trends" time="0.151" /><testcase classname="backend.tests.test_retailer_activity_dashboard.TestRetailerActivityDashboard" name="test_retailer_activity_detail_not_found" time="0.054" /><testcase classname="backend.tests.test_retailer_activity_dashboard.TestRetailerActivityDashboard" name="test_abandoned_carts_returns_200" time="0.062" /><testcase classname="backend.tests.test_retailer_activity_dashboard.TestRetailerActivityDashboard" name="test_abandoned_carts_has_required_fields" time="0.061" /><testcase classname="backend.tests.test_retailer_activity_dashboard.TestRetailerActivityDashboard" name="test_abandoned_carts_pagination" time="0.054" /><testcase classname="backend.tests.test_retailer_activity_dashboard.TestRetailerActivityDashboard" name="test_abandoned_carts_filter_by_retailer" time="0.119" /><testcase classname="backend.tests.test_retailer_activity_dashboard.TestRetailerActivityDashboard" name="test_self_pickup_report_returns_200" time="0.057" /><testcase classname="backend.tests.test_retailer_activity_dashboard.TestRetailerActivityDashboard" name="test_self_pickup_report_has_required_fields" time="0.060" /><testcase classname="backend.tests.test_retailer_activity_dashboard.TestRetailerActivityDashboard" name="test_self_pickup_report_summary_fields" time="0.055" /><testcase classname="backend.tests.test_retailer_activity_dashboard.TestRetailerActivityDashboard" name="test_self_pickup_report_period_filter_month" time="0.056" /><testcase classname="backend.tests.test_retailer_activity_dashboard.TestRetailerActivityDashboard" name="test_self_pickup_report_period_filter_quarter" time="0.057" /><testcase classname="backend.tests.test_retailer_activity_dashboard.TestRetailerActivityDashboard" name="test_self_pickup_report_period_filter_year" time="0.087" /><testcase classname="backend.tests.test_retailer_activity_dashboard.TestRetailerActivityDashboard" name="test_self_pickup_report_period_filter_all" time="0.061" /><testcase classname="backend.tests.test_retailer_activity_dashboard.TestRetailerActivityDashboard" name="test_self_pickup_report_retailer_leaderboard_fields" time="0.058" /><testcase classname="backend.tests.test_retailer_activity_dashboard.TestRetailerActivityDashboard" name="test_activity_dashboard_requires_admin_auth" time="0.177" /><testcase classname="backend.tests.test_retailer_activity_dashboard.TestRetailerActivityDashboard" name="test_abandoned_carts_requires_admin_auth" time="0.191" /><testcase classname="backend.tests.test_retailer_activity_dashboard.TestRetailerActivityDashboard" name="test_self_pickup_report_requires_admin_auth" time="0.111" /></testsuite></testsuites>