<?xml version="1.0" encoding="utf-8"?><testsuites name="pytest tests"><testsuite name="pytest" errors="0" failures="0" skipped="0" tests="15" time="4.718" timestamp="2026-03-03T14:12:48.559237+00:00" hostname="agent-env-c5e58447-90d2-4beb-a1ba-9e1951b3c6b5"><testcase classname="backend.tests.test_rewards_system.TestRewardsInfo" name="test_get_rewards_info_returns_program_rules" time="0.218" /><testcase classname="backend.tests.test_rewards_system.TestUserRewardsBalance" name="test_rewards_balance_unauthenticated_returns_401" time="0.202" /><testcase classname="backend.tests.test_rewards_system.TestUserRewardsBalance" name="test_rewards_balance_authenticated_returns_balance" time="0.642" /><testcase classname="backend.tests.test_rewards_system.TestUserRewardsBalance" name="test_rewards_history_unauthenticated_returns_401" time="0.257" /><testcase classname="backend.tests.test_rewards_system.TestUserRewardsBalance" name="test_rewards_history_authenticated_returns_transactions" time="0.091" /><testcase classname="backend.tests.test_rewards_system.TestMaxRedemption" name="test_max_redemption_unauthenticated_returns_401" time="0.470" /><testcase classname="backend.tests.test_rewards_system.TestMaxRedemption" name="test_max_redemption_for_cart_value" time="0.749" /><testcase classname="backend.tests.test_rewards_system.TestMaxRedemption" name="test_max_redemption_for_small_cart" time="0.064" /><testcase classname="backend.tests.test_rewards_system.TestValidateRedemption" name="test_validate_redemption_unauthenticated_returns_401" time="0.263" /><testcase classname="backend.tests.test_rewards_system.TestValidateRedemption" name="test_validate_redemption_valid_amount" time="0.774" /><testcase classname="backend.tests.test_rewards_system.TestValidateRedemption" name="test_validate_redemption_below_minimum" time="0.095" /><testcase classname="backend.tests.test_rewards_system.TestValidateRedemption" name="test_validate_redemption_exceeds_balance" time="0.071" /><testcase classname="backend.tests.test_rewards_system.TestAdminUserRewards" name="test_admin_user_rewards_unauthenticated_returns_403" time="0.223" /><testcase classname="backend.tests.test_rewards_system.TestAdminUserRewards" name="test_admin_adjust_coins_unauthenticated_returns_403" time="0.206" /><testcase classname="backend.tests.test_rewards_system.TestRewardsCalculation" name="test_rewards_info_calculation_example" time="0.165" /></testsuite></testsuites>