<?xml version="1.0" encoding="utf-8"?><testsuites name="pytest tests"><testsuite name="pytest" errors="0" failures="0" skipped="1" tests="16" time="1.429" timestamp="2026-02-22T06:35:15.548237+00:00" hostname="agent-env-0192d8da-65c6-4519-9d2a-528a43784e6a"><testcase classname="tests.test_shipping_coupon_logic.TestShippingConfig" name="test_shipping_tier_1_below_249" time="0.005" /><testcase classname="tests.test_shipping_coupon_logic.TestShippingConfig" name="test_shipping_tier_2_249_to_998" time="0.001" /><testcase classname="tests.test_shipping_coupon_logic.TestShippingConfig" name="test_shipping_tier_3_free_above_999" time="0.001" /><testcase classname="tests.test_shipping_coupon_logic.TestShippingThresholdInfo" name="test_threshold_info_structure" time="0.001" /><testcase classname="tests.test_shipping_coupon_logic.TestDiscountCodeValidation" name="test_health_check" time="0.326" /><testcase classname="tests.test_shipping_coupon_logic.TestDiscountCodeValidation" name="test_happybday_coupon_validation" time="0.260"><skipped type="pytest.skip" message="Coupon validation returned 400">/app/backend/tests/test_shipping_coupon_logic.py:114: Coupon validation returned 400</skipped></testcase><testcase classname="tests.test_shipping_coupon_logic.TestOrderPricingLogic" name="test_order_pricing_without_coupon" time="0.001" /><testcase classname="tests.test_shipping_coupon_logic.TestOrderPricingLogic" name="test_order_pricing_with_coupon_from_mrp" time="0.002" /><testcase classname="tests.test_shipping_coupon_logic.TestOrderPricingLogic" name="test_free_shipping_threshold_with_coupon" time="0.001" /><testcase classname="tests.test_shipping_coupon_logic.TestOrderPricingLogic" name="test_shipping_tier_boundary_249" time="0.001" /><testcase classname="tests.test_shipping_coupon_logic.TestOrderPricingLogic" name="test_shipping_tier_boundary_999" time="0.001" /><testcase classname="tests.test_shipping_coupon_logic.TestCouponBulkDiscountInteraction" name="test_no_bulk_discount_with_coupon" time="0.001" /><testcase classname="tests.test_shipping_coupon_logic.TestCouponBulkDiscountInteraction" name="test_calculation_base_switches_to_mrp" time="0.001" /><testcase classname="tests.test_shipping_coupon_logic.TestEdgeCases" name="test_empty_cart_shipping" time="0.001" /><testcase classname="tests.test_shipping_coupon_logic.TestEdgeCases" name="test_exact_tier_boundaries" time="0.001" /><testcase classname="tests.test_shipping_coupon_logic.TestEdgeCases" name="test_large_order_value" time="0.001" /></testsuite></testsuites>