<?xml version="1.0" encoding="utf-8"?><testsuites name="pytest tests"><testsuite name="pytest" errors="0" failures="0" skipped="0" tests="14" time="28.071" timestamp="2026-02-14T19:53:52.623404+00:00" hostname="agent-env-61076689-847d-448e-9e0e-e43f991290a8"><testcase classname="tests.test_shipping_config.TestShippingOptions" name="test_delhi_ncr_shipping_options" time="2.445" /><testcase classname="tests.test_shipping_config.TestShippingOptions" name="test_bhagalpur_shipping_options" time="1.376" /><testcase classname="tests.test_shipping_config.TestShippingOptions" name="test_rest_of_india_shipping_options" time="1.579" /><testcase classname="tests.test_shipping_config.TestShippingOptions" name="test_free_shipping_eligible_delhi" time="1.422" /><testcase classname="tests.test_shipping_config.TestShippingOptions" name="test_free_shipping_not_eligible_delhi" time="1.490" /><testcase classname="tests.test_shipping_config.TestFreeShippingThresholds" name="test_get_all_thresholds" time="0.245" /><testcase classname="tests.test_shipping_config.TestAdminShippingConfig" name="test_get_shipping_config" time="1.548" /><testcase classname="tests.test_shipping_config.TestAdminShippingConfig" name="test_update_rto_percentage" time="2.219" /><testcase classname="tests.test_shipping_config.TestAdminShippingConfig" name="test_update_rto_percentage_validation" time="2.326" /><testcase classname="tests.test_shipping_config.TestAdminShippingConfig" name="test_shipping_config_requires_auth" time="1.649" /><testcase classname="tests.test_shipping_config.TestPremiumOptionsAvailability" name="test_east_india_no_premium_options" time="5.271" /><testcase classname="tests.test_shipping_config.TestPremiumOptionsAvailability" name="test_non_east_india_has_premium_options" time="4.918" /><testcase classname="tests.test_shipping_config.TestRTOVoucherCalculation" name="test_rto_voucher_formula_logic" time="0.968" /><testcase classname="tests.test_shipping_config.TestPickupLocations" name="test_get_pickup_locations" time="0.164" /></testsuite></testsuites>