<?xml version="1.0" encoding="utf-8"?><testsuites name="pytest tests"><testsuite name="pytest" errors="0" failures="0" skipped="1" tests="9" time="5.828" timestamp="2026-02-14T13:25:53.303915+00:00" hostname="agent-env-61076689-847d-448e-9e0e-e43f991290a8"><testcase classname="tests.test_shiprocket_admin.TestShipRocketAdminEndpoints" name="test_shiprocket_status_returns_configured" time="1.352" /><testcase classname="tests.test_shiprocket_admin.TestShipRocketAdminEndpoints" name="test_shiprocket_status_returns_stats" time="0.633" /><testcase classname="tests.test_shiprocket_admin.TestShipRocketAdminEndpoints" name="test_shiprocket_status_requires_admin" time="0.550" /><testcase classname="tests.test_shiprocket_admin.TestShipRocketAdminEndpoints" name="test_batch_sync_endpoint_exists" time="0.498" /><testcase classname="tests.test_shiprocket_admin.TestShipRocketAdminEndpoints" name="test_batch_sync_requires_admin" time="0.610" /><testcase classname="tests.test_shiprocket_admin.TestShipRocketAdminEndpoints" name="test_manual_sync_nonexistent_order" time="0.446" /><testcase classname="tests.test_shiprocket_admin.TestShipRocketAdminEndpoints" name="test_manual_sync_requires_admin" time="0.521" /><testcase classname="tests.test_shiprocket_admin.TestShipRocketAdminEndpoints" name="test_manual_sync_with_existing_paid_order" time="0.588" /><testcase classname="tests.test_shiprocket_admin.TestShipRocketAdminWithTestOrder" name="test_full_sync_workflow" time="0.496"><skipped type="pytest.skip" message="Could not create test order: {&quot;detail&quot;:&quot;Order with this number already exists&quot;}">/app/backend/tests/test_shiprocket_admin.py:341: Could not create test order: {"detail":"Order with this number already exists"}</skipped></testcase></testsuite></testsuites>