<?xml version="1.0" encoding="utf-8"?><testsuites name="pytest tests"><testsuite name="pytest" errors="0" failures="0" skipped="0" tests="8" time="7.000" timestamp="2026-02-14T07:52:14.894793+00:00" hostname="agent-env-36b52c5b-78c9-4f49-b60d-de3e42b27c16"><testcase classname="backend.tests.test_shiprocket.TestShipRocketIntegration" name="test_quick_shipping_rate_success" time="1.157" /><testcase classname="backend.tests.test_shiprocket.TestShipRocketIntegration" name="test_quick_shipping_rate_weight_80g" time="1.014" /><testcase classname="backend.tests.test_shiprocket.TestShipRocketIntegration" name="test_quick_shipping_rate_weight_350g" time="1.039" /><testcase classname="backend.tests.test_shiprocket.TestShipRocketIntegration" name="test_pincode_serviceability" time="1.185" /><testcase classname="backend.tests.test_shiprocket.TestShipRocketIntegration" name="test_supported_countries" time="0.168" /><testcase classname="backend.tests.test_shiprocket.TestShipRocketIntegration" name="test_invalid_pincode_format" time="0.151" /><testcase classname="backend.tests.test_shiprocket.TestShipRocketIntegration" name="test_pickup_pincode_is_delhi" time="1.070" /><testcase classname="backend.tests.test_shiprocket.TestShippingRatesEndpoint" name="test_domestic_shipping_rates" time="1.082" /></testsuite></testsuites>