<?xml version="1.0" encoding="utf-8"?><testsuites name="pytest tests"><testsuite name="pytest" errors="0" failures="0" skipped="0" tests="15" time="2.187" timestamp="2026-03-14T15:28:41.250870+00:00" hostname="agent-env-da80a2aa-d7ce-4618-b560-76deca647351"><testcase classname="backend.tests.test_store_pickup_products_api.TestProductsAPI" name="test_products_endpoint_returns_200" time="0.403" /><testcase classname="backend.tests.test_store_pickup_products_api.TestProductsAPI" name="test_products_returns_array" time="0.169" /><testcase classname="backend.tests.test_store_pickup_products_api.TestProductsAPI" name="test_products_have_required_fields" time="0.133" /><testcase classname="backend.tests.test_store_pickup_products_api.TestProductsAPI" name="test_products_have_valid_sizes" time="0.139" /><testcase classname="backend.tests.test_store_pickup_products_api.TestProductsAPI" name="test_specific_product_kesar_chandan" time="0.140" /><testcase classname="backend.tests.test_store_pickup_products_api.TestProductsAPI" name="test_single_product_endpoint" time="0.142" /><testcase classname="backend.tests.test_store_pickup_products_api.TestStorePickupRetailers" name="test_states_districts_endpoint" time="0.143" /><testcase classname="backend.tests.test_store_pickup_products_api.TestStorePickupRetailers" name="test_states_have_districts" time="0.139" /><testcase classname="backend.tests.test_store_pickup_products_api.TestStorePickupRetailers" name="test_retailers_by_location" time="0.329" /><testcase classname="backend.tests.test_store_pickup_products_api.TestStorePickupRetailers" name="test_retailers_recommend_endpoint" time="0.157" /><testcase classname="backend.tests.test_store_pickup_products_api.TestPickupTimeSlots" name="test_time_slots_are_three" time="0.001" /><testcase classname="backend.tests.test_store_pickup_products_api.TestPickupTimeSlots" name="test_no_430_730_slot" time="0.001" /><testcase classname="backend.tests.test_store_pickup_products_api.TestTokenPaymentDisabled" name="test_token_amount_is_zero" time="0.001" /><testcase classname="backend.tests.test_store_pickup_products_api.TestSelfPickupBranding" name="test_fast_track_pickup_label" time="0.001" /><testcase classname="backend.tests.test_store_pickup_products_api.TestSelfPickupBranding" name="test_no_token_option_shown" time="0.001" /></testsuite></testsuites>