<?xml version="1.0" encoding="utf-8"?><testsuites name="pytest tests"><testsuite name="pytest" errors="0" failures="0" skipped="0" tests="17" time="2.732" timestamp="2026-03-14T11:48:26.424868+00:00" hostname="agent-env-c5fee182-fa13-4d1b-a887-64ec3ae6d793"><testcase classname="tests.test_store_pickup_hybrid_verification.TestStorePickupVerifyOTPEndpoint" name="test_verify_otp_endpoint_exists" time="0.257" /><testcase classname="tests.test_store_pickup_hybrid_verification.TestStorePickupVerifyOTPEndpoint" name="test_verify_otp_request_accepts_use_master_password_flag" time="0.129" /><testcase classname="tests.test_store_pickup_hybrid_verification.TestStorePickupVerifyOTPEndpoint" name="test_verify_otp_returns_404_for_nonexistent_order" time="0.130" /><testcase classname="tests.test_store_pickup_hybrid_verification.TestStorePickupVerifyOTPEndpoint" name="test_master_password_value_is_correct" time="0.119" /><testcase classname="tests.test_store_pickup_hybrid_verification.TestStorePickupAPISchema" name="test_otp_verify_request_required_fields" time="0.375" /><testcase classname="tests.test_store_pickup_hybrid_verification.TestStorePickupAPISchema" name="test_use_master_password_is_optional" time="0.122" /><testcase classname="tests.test_store_pickup_hybrid_verification.TestRetailerDashboardDeliveryNotification" name="test_retailer_order_status_endpoint_exists" time="0.121" /><testcase classname="tests.test_store_pickup_hybrid_verification.TestRetailerDashboardDeliveryNotification" name="test_order_status_update_validates_status_values" time="0.114" /><testcase classname="tests.test_store_pickup_hybrid_verification.TestAdminEmailFunctionsExist" name="test_verify_store_pickup_module_imports" time="0.598" /><testcase classname="tests.test_store_pickup_hybrid_verification.TestAdminEmailFunctionsExist" name="test_verify_retailer_dashboard_module_imports" time="0.031" /><testcase classname="tests.test_store_pickup_hybrid_verification.TestVerificationMethodResponse" name="test_verify_otp_response_structure_documented" time="0.000" /><testcase classname="tests.test_store_pickup_hybrid_verification.TestVerifyOTPWithTestData" name="test_verify_otp_with_correct_otp_code" time="0.128" /><testcase classname="tests.test_store_pickup_hybrid_verification.TestVerifyOTPWithTestData" name="test_verify_otp_with_wrong_otp_code" time="0.118" /><testcase classname="tests.test_store_pickup_hybrid_verification.TestVerifyOTPWithTestData" name="test_verify_otp_already_verified_order" time="0.113" /><testcase classname="tests.test_store_pickup_hybrid_verification.TestVerifyOTPWithTestData" name="test_verify_otp_wrong_retailer" time="0.123" /><testcase classname="tests.test_store_pickup_hybrid_verification.TestVerifyOTPWithTestData" name="test_master_password_override_verification" time="0.113" /><testcase classname="tests.test_store_pickup_hybrid_verification.TestCleanupTestData" name="test_cleanup_test_otps" time="0.012" /></testsuite></testsuites>