<?xml version="1.0" encoding="utf-8"?><testsuites name="pytest tests"><testsuite name="pytest" errors="0" failures="0" skipped="0" tests="17" time="10.349" timestamp="2026-04-25T10:26:28.438620+00:00" hostname="agent-env-006c2f62-62d5-483b-b3cc-430da4d41639"><testcase classname="tests.test_kyc_sandbox.TestKYCSandboxService" name="test_not_configured_pan" time="0.011" /><testcase classname="tests.test_kyc_sandbox.TestKYCSandboxService" name="test_not_configured_aadhaar" time="0.007" /><testcase classname="tests.test_kyc_sandbox.TestKYCSandboxService" name="test_invalid_pan_format" time="0.007" /><testcase classname="tests.test_kyc_sandbox.TestKYCSandboxService" name="test_invalid_aadhaar_format" time="0.006" /><testcase classname="tests.test_kyc_sandbox.TestKYCSandboxService" name="test_invalid_otp_format" time="0.006" /><testcase classname="tests.test_kyc_sandbox.TestKYCSandboxService" name="test_pan_happy_path" time="0.209" /><testcase classname="tests.test_kyc_sandbox.TestKYCSandboxService" name="test_pan_http_error" time="0.213" /><testcase classname="tests.test_kyc_sandbox.TestKYCSandboxService" name="test_aadhaar_otp_happy" time="0.194" /><testcase classname="tests.test_kyc_sandbox.TestKYCSandboxService" name="test_aadhaar_verify_happy" time="0.176" /><testcase classname="tests.test_kyc_sandbox.TestKYCRoutes" name="test_public_status_when_not_configured" time="0.026" /><testcase classname="tests.test_kyc_sandbox.TestKYCRoutes" name="test_public_status_when_configured" time="0.025" /><testcase classname="tests.test_kyc_sandbox.TestKYCRoutes" name="test_pan_verify_503_when_not_configured" time="0.029" /><testcase classname="tests.test_kyc_sandbox.TestKYCRoutes" name="test_aadhaar_otp_503_when_not_configured" time="0.028" /><testcase classname="tests.test_kyc_sandbox.TestKYCRoutes" name="test_admin_status_requires_auth" time="0.021" /><testcase classname="tests.test_kyc_sandbox.TestKYCRoutes" name="test_admin_pan_requires_auth" time="0.020" /><testcase classname="tests.test_kyc_sandbox.TestKYCRoutes" name="test_admin_summary_requires_auth" time="0.017" /><testcase classname="tests.test_kyc_sandbox.TestKYCRoutes" name="test_pydantic_pan_length_validation" time="0.022" /></testsuite></testsuites>