<?xml version="1.0" encoding="utf-8"?><testsuites name="pytest tests"><testsuite name="pytest" errors="0" failures="0" skipped="4" tests="14" time="1.146" timestamp="2026-04-07T07:17:11.568400+00:00" hostname="agent-env-b7e1384e-26e5-4921-ae21-cbaf0e8567f3"><testcase classname="tests.test_tree_donations.TestTreeDonationBackend" name="test_tree_donations_endpoint_requires_auth" time="0.016" /><testcase classname="tests.test_tree_donations.TestTreeDonationBackend" name="test_tree_donations_endpoint_with_auth" time="0.012"><skipped type="pytest.skip" message="Admin login failed: 400 - {&quot;detail&quot;:&quot;Please use the new 2FA login flow: /admin/login/initiate followed by /admin/login/verify-otp&quot;}">/app/backend/tests/test_tree_donations.py:52: Admin login failed: 400 - {"detail":"Please use the new 2FA login flow: /admin/login/initiate followed by /admin/login/verify-otp"}</skipped></testcase><testcase classname="tests.test_tree_donations.TestTreeDonationBackend" name="test_tree_donations_with_date_range" time="0.001"><skipped type="pytest.skip" message="Admin login failed: 400 - {&quot;detail&quot;:&quot;Please use the new 2FA login flow: /admin/login/initiate followed by /admin/login/verify-otp&quot;}">/app/backend/tests/test_tree_donations.py:84: Admin login failed: 400 - {"detail":"Please use the new 2FA login flow: /admin/login/initiate followed by /admin/login/verify-otp"}</skipped></testcase><testcase classname="tests.test_tree_donations.TestTreeDonationBackend" name="test_tree_donations_with_days_param" time="0.001"><skipped type="pytest.skip" message="Admin login failed: 400 - {&quot;detail&quot;:&quot;Please use the new 2FA login flow: /admin/login/initiate followed by /admin/login/verify-otp&quot;}">/app/backend/tests/test_tree_donations.py:104: Admin login failed: 400 - {"detail":"Please use the new 2FA login flow: /admin/login/initiate followed by /admin/login/verify-otp"}</skipped></testcase><testcase classname="tests.test_tree_donations.TestTreeDonationBackend" name="test_tree_donations_empty_state" time="0.001"><skipped type="pytest.skip" message="Admin login failed: 400 - {&quot;detail&quot;:&quot;Please use the new 2FA login flow: /admin/login/initiate followed by /admin/login/verify-otp&quot;}">/app/backend/tests/test_tree_donations.py:112: Admin login failed: 400 - {"detail":"Please use the new 2FA login flow: /admin/login/initiate followed by /admin/login/verify-otp"}</skipped></testcase><testcase classname="tests.test_tree_donations.TestOrderCreationWithTreeDonation" name="test_order_model_has_tree_donation_field" time="0.460" /><testcase classname="tests.test_tree_donations.TestOrderCreationWithTreeDonation" name="test_order_pricing_includes_tree_donation" time="0.003" /><testcase classname="tests.test_tree_donations.TestAdminTreeDonationsPage" name="test_admin_layout_has_tree_donations_nav" time="0.001" /><testcase classname="tests.test_tree_donations.TestAdminTreeDonationsPage" name="test_tree_donations_page_exists" time="0.001" /><testcase classname="tests.test_tree_donations.TestAdminTreeDonationsPage" name="test_tree_donations_page_has_date_filters" time="0.001" /><testcase classname="tests.test_tree_donations.TestAdminTreeDonationsPage" name="test_tree_donations_page_has_summary_cards" time="0.001" /><testcase classname="tests.test_tree_donations.TestOrderSuccessPage" name="test_order_success_page_has_tree_donation_thanks" time="0.001" /><testcase classname="tests.test_tree_donations.TestOrderSuccessPage" name="test_order_success_page_shows_donation_amount" time="0.001" /><testcase classname="tests.test_tree_donations.TestOrderSuccessPage" name="test_order_success_page_has_tree_icon" time="0.001" /></testsuite></testsuites>