<?xml version="1.0" encoding="utf-8"?><testsuites name="pytest tests"><testsuite name="pytest" errors="0" failures="0" skipped="3" tests="16" time="4.335" timestamp="2026-03-28T15:26:13.577719+00:00" hostname="agent-env-08356e20-073a-4143-b0fb-2e5c6e4c894a"><testcase classname="backend.tests.test_username_features.TestUsernameAvailabilityCheck" name="test_check_username_available" time="0.250" /><testcase classname="backend.tests.test_username_features.TestUsernameAvailabilityCheck" name="test_check_username_too_short" time="0.154" /><testcase classname="backend.tests.test_username_features.TestUsernameAvailabilityCheck" name="test_check_username_starts_with_number" time="0.151" /><testcase classname="backend.tests.test_username_features.TestUsernameAvailabilityCheck" name="test_check_username_invalid_characters" time="0.136" /><testcase classname="backend.tests.test_username_features.TestBlockedUsernames" name="test_blocked_username_sanman911" time="0.140" /><testcase classname="backend.tests.test_username_features.TestBlockedUsernames" name="test_blocked_username_911sanman" time="0.137" /><testcase classname="backend.tests.test_username_features.TestBlockedUsernames" name="test_blocked_username_sanman" time="0.142" /><testcase classname="backend.tests.test_username_features.TestBlockedUsernames" name="test_blocked_username_case_insensitive" time="0.370" /><testcase classname="backend.tests.test_username_features.TestForgotUsername" name="test_forgot_username_invalid_phone" time="0.147" /><testcase classname="backend.tests.test_username_features.TestForgotUsername" name="test_forgot_username_empty_phone" time="0.161" /><testcase classname="backend.tests.test_username_features.TestAdminRegistrationLogs" name="test_registration_logs_endpoint_exists" time="0.147"><skipped type="pytest.skip" message="Admin login failed - skipping admin tests">/app/backend/tests/test_username_features.py:181: Admin login failed - skipping admin tests</skipped></testcase><testcase classname="backend.tests.test_username_features.TestAdminRegistrationLogs" name="test_notifications_count_endpoint_exists" time="0.126"><skipped type="pytest.skip" message="Admin login failed - skipping admin tests">/app/backend/tests/test_username_features.py:197: Admin login failed - skipping admin tests</skipped></testcase><testcase classname="backend.tests.test_username_features.TestLoginWithUsername" name="test_login_endpoint_accepts_identifier" time="0.142" /><testcase classname="backend.tests.test_username_features.TestLoginWithUsername" name="test_login_with_email_format" time="0.584" /><testcase classname="backend.tests.test_username_features.TestRegistrationWithUsername" name="test_send_otp_endpoint" time="0.391" /><testcase classname="backend.tests.test_username_features.TestRegistrationWithUsername" name="test_registration_requires_username" time="0.968"><skipped type="pytest.skip" message="OTP verification failed">/app/backend/tests/test_username_features.py:280: OTP verification failed</skipped></testcase></testsuite></testsuites>