<?xml version="1.0" encoding="utf-8"?><testsuites name="pytest tests"><testsuite name="pytest" errors="0" failures="0" skipped="0" tests="11" time="1.751" timestamp="2026-02-14T09:43:50.171091+00:00" hostname="agent-env-9ebabf3e-6488-4766-afc8-f6e555888ec8"><testcase classname="backend.tests.test_webhook_partner.TestWebhookEndpoints" name="test_webhook_test_endpoint_returns_correct_url" time="0.177" /><testcase classname="backend.tests.test_webhook_partner.TestWebhookEndpoints" name="test_webhook_tracking_updates_endpoint_exists" time="0.145" /><testcase classname="backend.tests.test_webhook_partner.TestWebhookEndpoints" name="test_webhook_status_mapping" time="0.913" /><testcase classname="backend.tests.test_webhook_partner.TestWebhookEndpoints" name="test_old_webhook_url_not_accessible" time="0.121" /><testcase classname="backend.tests.test_webhook_partner.TestInquiryDistributorType" name="test_inquiry_endpoint_exists" time="0.137" /><testcase classname="backend.tests.test_webhook_partner.TestInquiryDistributorType" name="test_inquiry_schema_accepts_distributor_fields" time="0.117" /><testcase classname="backend.tests.test_webhook_partner.TestGoogleAnalytics" name="test_ga_measurement_id_in_frontend_env" time="0.001" /><testcase classname="backend.tests.test_webhook_partner.TestGoogleAnalytics" name="test_analytics_js_has_correct_id" time="0.001" /><testcase classname="backend.tests.test_webhook_partner.TestAmazonPlaceholder" name="test_instagram_feed_has_amazon_placeholder" time="0.001" /><testcase classname="backend.tests.test_webhook_partner.TestPartnerWithUsButton" name="test_footer_has_partner_button" time="0.001" /><testcase classname="backend.tests.test_webhook_partner.TestPartnerWithUsButton" name="test_inquiry_modal_has_distributor_type" time="0.001" /></testsuite></testsuites>