<?xml version="1.0" encoding="utf-8"?><testsuites name="pytest tests"><testsuite name="pytest" errors="0" failures="0" skipped="0" tests="17" time="5.131" timestamp="2026-02-22T14:48:49.947079+00:00" hostname="agent-env-2c0dcf07-d05a-479e-907e-dd1c1755e307"><testcase classname="backend.tests.test_wishlist.TestWishlistUnauthenticated" name="test_get_wishlist_unauthenticated" time="0.787" /><testcase classname="backend.tests.test_wishlist.TestWishlistUnauthenticated" name="test_add_to_wishlist_unauthenticated" time="0.245" /><testcase classname="backend.tests.test_wishlist.TestWishlistCRUD" name="test_get_empty_wishlist" time="0.177" /><testcase classname="backend.tests.test_wishlist.TestWishlistCRUD" name="test_add_item_to_wishlist" time="0.173" /><testcase classname="backend.tests.test_wishlist.TestWishlistCRUD" name="test_add_duplicate_item" time="0.254" /><testcase classname="backend.tests.test_wishlist.TestWishlistCRUD" name="test_add_multiple_items" time="0.261" /><testcase classname="backend.tests.test_wishlist.TestWishlistCRUD" name="test_get_wishlist_with_items" time="0.283" /><testcase classname="backend.tests.test_wishlist.TestWishlistCRUD" name="test_remove_item_from_wishlist" time="0.244" /><testcase classname="backend.tests.test_wishlist.TestWishlistCRUD" name="test_remove_nonexistent_item" time="0.235" /><testcase classname="backend.tests.test_wishlist.TestWishlistCRUD" name="test_clear_wishlist" time="0.296" /><testcase classname="backend.tests.test_wishlist.TestWishlistSharing" name="test_share_wishlist" time="0.222" /><testcase classname="backend.tests.test_wishlist.TestWishlistSharing" name="test_share_empty_wishlist" time="0.164" /><testcase classname="backend.tests.test_wishlist.TestWishlistSharing" name="test_get_shared_wishlist" time="0.356" /><testcase classname="backend.tests.test_wishlist.TestWishlistSharing" name="test_get_nonexistent_shared_wishlist" time="0.223" /><testcase classname="backend.tests.test_wishlist.TestWishlistSharing" name="test_unshare_wishlist" time="0.437" /><testcase classname="backend.tests.test_wishlist.TestWishlistSharing" name="test_shared_wishlist_checkout" time="0.402" /><testcase classname="backend.tests.test_wishlist.TestWishlistWithDifferentSizes" name="test_add_same_product_different_sizes" time="0.231" /></testsuite></testsuites>